[0.120s] DEBUG:colcon:Command line arguments: ['/usr/bin/colcon', 'build', '--packages-select', 'Offboard_Control']
[0.120s] DEBUG:colcon:Parsed command line arguments: Namespace(log_base=None, log_level=None, verb_name='build', build_base='build', install_base='install', merge_install=False, symlink_install=False, test_result_base=None, continue_on_error=False, executor='parallel', parallel_workers=8, event_handlers=None, ignore_user_meta=False, metas=['./colcon.meta'], base_paths=['.'], packages_ignore=None, packages_ignore_regex=None, paths=None, packages_up_to=None, packages_up_to_regex=None, packages_above=None, packages_above_and_dependencies=None, packages_above_depth=None, packages_select_by_dep=None, packages_skip_by_dep=None, packages_skip_up_to=None, packages_select_build_failed=False, packages_skip_build_finished=False, packages_select_test_failures=False, packages_skip_test_passed=False, packages_select=['Offboard_Control'], packages_skip=None, packages_select_regex=None, packages_skip_regex=None, packages_start=None, packages_end=None, allow_overriding=[], cmake_args=None, cmake_target=None, cmake_target_skip_unavailable=False, cmake_clean_cache=False, cmake_clean_first=False, cmake_force_configure=False, ament_cmake_args=None, catkin_cmake_args=None, catkin_skip_building_tests=False, verb_parser=<colcon_defaults.argument_parser.defaults.DefaultArgumentsDecorator object at 0x7aaf39c01420>, verb_extension=<colcon_core.verb.build.BuildVerb object at 0x7aaf39d3e800>, main=<bound method BuildVerb.main of <colcon_core.verb.build.BuildVerb object at 0x7aaf39d3e800>>)
[0.162s] Level 1:colcon.colcon_core.package_discovery:discover_packages(colcon_meta) check parameters
[0.162s] Level 1:colcon.colcon_core.package_discovery:discover_packages(recursive) check parameters
[0.162s] Level 1:colcon.colcon_core.package_discovery:discover_packages(ignore) check parameters
[0.162s] Level 1:colcon.colcon_core.package_discovery:discover_packages(path) check parameters
[0.162s] Level 1:colcon.colcon_core.package_discovery:discover_packages(colcon_meta) discover
[0.162s] Level 1:colcon.colcon_core.package_discovery:discover_packages(recursive) discover
[0.162s] INFO:colcon.colcon_core.package_discovery:Crawling recursively for packages in '/home/david/drone1_ws'
[0.162s] Level 1:colcon.colcon_core.package_identification:_identify(.) by extensions ['ignore', 'ignore_ament_install']
[0.162s] Level 1:colcon.colcon_core.package_identification:_identify(.) by extension 'ignore'
[0.162s] Level 1:colcon.colcon_core.package_identification:_identify(.) by extension 'ignore_ament_install'
[0.163s] Level 1:colcon.colcon_core.package_identification:_identify(.) by extensions ['colcon_pkg']
[0.163s] Level 1:colcon.colcon_core.package_identification:_identify(.) by extension 'colcon_pkg'
[0.163s] Level 1:colcon.colcon_core.package_identification:_identify(.) by extensions ['colcon_meta']
[0.163s] Level 1:colcon.colcon_core.package_identification:_identify(.) by extension 'colcon_meta'
[0.163s] Level 1:colcon.colcon_core.package_identification:_identify(.) by extensions ['ros']
[0.163s] Level 1:colcon.colcon_core.package_identification:_identify(.) by extension 'ros'
[0.179s] Level 1:colcon.colcon_core.package_identification:_identify(.) by extensions ['cmake', 'python']
[0.179s] Level 1:colcon.colcon_core.package_identification:_identify(.) by extension 'cmake'
[0.179s] Level 1:colcon.colcon_core.package_identification:_identify(.) by extension 'python'
[0.180s] Level 1:colcon.colcon_core.package_identification:_identify(.) by extensions ['python_setup_py']
[0.180s] Level 1:colcon.colcon_core.package_identification:_identify(.) by extension 'python_setup_py'
[0.180s] Level 1:colcon.colcon_core.package_identification:_identify(build) by extensions ['ignore', 'ignore_ament_install']
[0.180s] Level 1:colcon.colcon_core.package_identification:_identify(build) by extension 'ignore'
[0.180s] Level 1:colcon.colcon_core.package_identification:_identify(build) ignored
[0.180s] Level 1:colcon.colcon_core.package_identification:_identify(install) by extensions ['ignore', 'ignore_ament_install']
[0.180s] Level 1:colcon.colcon_core.package_identification:_identify(install) by extension 'ignore'
[0.180s] Level 1:colcon.colcon_core.package_identification:_identify(install) ignored
[0.180s] Level 1:colcon.colcon_core.package_identification:_identify(log) by extensions ['ignore', 'ignore_ament_install']
[0.180s] Level 1:colcon.colcon_core.package_identification:_identify(log) by extension 'ignore'
[0.180s] Level 1:colcon.colcon_core.package_identification:_identify(log) ignored
[0.180s] Level 1:colcon.colcon_core.package_identification:_identify(src) by extensions ['ignore', 'ignore_ament_install']
[0.181s] Level 1:colcon.colcon_core.package_identification:_identify(src) by extension 'ignore'
[0.181s] Level 1:colcon.colcon_core.package_identification:_identify(src) by extension 'ignore_ament_install'
[0.181s] Level 1:colcon.colcon_core.package_identification:_identify(src) by extensions ['colcon_pkg']
[0.181s] Level 1:colcon.colcon_core.package_identification:_identify(src) by extension 'colcon_pkg'
[0.181s] Level 1:colcon.colcon_core.package_identification:_identify(src) by extensions ['colcon_meta']
[0.181s] Level 1:colcon.colcon_core.package_identification:_identify(src) by extension 'colcon_meta'
[0.181s] Level 1:colcon.colcon_core.package_identification:_identify(src) by extensions ['ros']
[0.181s] Level 1:colcon.colcon_core.package_identification:_identify(src) by extension 'ros'
[0.181s] Level 1:colcon.colcon_core.package_identification:_identify(src) by extensions ['cmake', 'python']
[0.181s] Level 1:colcon.colcon_core.package_identification:_identify(src) by extension 'cmake'
[0.181s] Level 1:colcon.colcon_core.package_identification:_identify(src) by extension 'python'
[0.181s] Level 1:colcon.colcon_core.package_identification:_identify(src) by extensions ['python_setup_py']
[0.181s] Level 1:colcon.colcon_core.package_identification:_identify(src) by extension 'python_setup_py'
[0.181s] Level 1:colcon.colcon_core.package_identification:_identify(src/Aruco_Detect) by extensions ['ignore', 'ignore_ament_install']
[0.181s] Level 1:colcon.colcon_core.package_identification:_identify(src/Aruco_Detect) by extension 'ignore'
[0.181s] Level 1:colcon.colcon_core.package_identification:_identify(src/Aruco_Detect) by extension 'ignore_ament_install'
[0.181s] Level 1:colcon.colcon_core.package_identification:_identify(src/Aruco_Detect) by extensions ['colcon_pkg']
[0.182s] Level 1:colcon.colcon_core.package_identification:_identify(src/Aruco_Detect) by extension 'colcon_pkg'
[0.182s] Level 1:colcon.colcon_core.package_identification:_identify(src/Aruco_Detect) by extensions ['colcon_meta']
[0.182s] Level 1:colcon.colcon_core.package_identification:_identify(src/Aruco_Detect) by extension 'colcon_meta'
[0.182s] Level 1:colcon.colcon_core.package_identification:_identify(src/Aruco_Detect) by extensions ['ros']
[0.182s] Level 1:colcon.colcon_core.package_identification:_identify(src/Aruco_Detect) by extension 'ros'
[0.184s] DEBUG:colcon.colcon_core.package_identification:Package 'src/Aruco_Detect' with type 'ros.ament_cmake' and name 'Aruco_Detect'
[0.184s] Level 1:colcon.colcon_core.package_identification:_identify(src/Gimbal_Driver) by extensions ['ignore', 'ignore_ament_install']
[0.184s] Level 1:colcon.colcon_core.package_identification:_identify(src/Gimbal_Driver) by extension 'ignore'
[0.184s] Level 1:colcon.colcon_core.package_identification:_identify(src/Gimbal_Driver) by extension 'ignore_ament_install'
[0.185s] Level 1:colcon.colcon_core.package_identification:_identify(src/Gimbal_Driver) by extensions ['colcon_pkg']
[0.185s] Level 1:colcon.colcon_core.package_identification:_identify(src/Gimbal_Driver) by extension 'colcon_pkg'
[0.185s] Level 1:colcon.colcon_core.package_identification:_identify(src/Gimbal_Driver) by extensions ['colcon_meta']
[0.185s] Level 1:colcon.colcon_core.package_identification:_identify(src/Gimbal_Driver) by extension 'colcon_meta'
[0.185s] Level 1:colcon.colcon_core.package_identification:_identify(src/Gimbal_Driver) by extensions ['ros']
[0.185s] Level 1:colcon.colcon_core.package_identification:_identify(src/Gimbal_Driver) by extension 'ros'
[0.185s] DEBUG:colcon.colcon_core.package_identification:Package 'src/Gimbal_Driver' with type 'ros.ament_cmake' and name 'Gimbal_Driver'
[0.186s] Level 1:colcon.colcon_core.package_identification:_identify(src/Offboard_Control) by extensions ['ignore', 'ignore_ament_install']
[0.186s] Level 1:colcon.colcon_core.package_identification:_identify(src/Offboard_Control) by extension 'ignore'
[0.186s] Level 1:colcon.colcon_core.package_identification:_identify(src/Offboard_Control) by extension 'ignore_ament_install'
[0.186s] Level 1:colcon.colcon_core.package_identification:_identify(src/Offboard_Control) by extensions ['colcon_pkg']
[0.186s] Level 1:colcon.colcon_core.package_identification:_identify(src/Offboard_Control) by extension 'colcon_pkg'
[0.186s] Level 1:colcon.colcon_core.package_identification:_identify(src/Offboard_Control) by extensions ['colcon_meta']
[0.186s] Level 1:colcon.colcon_core.package_identification:_identify(src/Offboard_Control) by extension 'colcon_meta'
[0.186s] Level 1:colcon.colcon_core.package_identification:_identify(src/Offboard_Control) by extensions ['ros']
[0.186s] Level 1:colcon.colcon_core.package_identification:_identify(src/Offboard_Control) by extension 'ros'
[0.187s] DEBUG:colcon.colcon_core.package_identification:Package 'src/Offboard_Control' with type 'ros.ament_cmake' and name 'Offboard_Control'
[0.187s] Level 1:colcon.colcon_core.package_identification:_identify(src/Search_Protocol) by extensions ['ignore', 'ignore_ament_install']
[0.187s] Level 1:colcon.colcon_core.package_identification:_identify(src/Search_Protocol) by extension 'ignore'
[0.187s] Level 1:colcon.colcon_core.package_identification:_identify(src/Search_Protocol) by extension 'ignore_ament_install'
[0.187s] Level 1:colcon.colcon_core.package_identification:_identify(src/Search_Protocol) by extensions ['colcon_pkg']
[0.187s] Level 1:colcon.colcon_core.package_identification:_identify(src/Search_Protocol) by extension 'colcon_pkg'
[0.187s] Level 1:colcon.colcon_core.package_identification:_identify(src/Search_Protocol) by extensions ['colcon_meta']
[0.187s] Level 1:colcon.colcon_core.package_identification:_identify(src/Search_Protocol) by extension 'colcon_meta'
[0.187s] Level 1:colcon.colcon_core.package_identification:_identify(src/Search_Protocol) by extensions ['ros']
[0.187s] Level 1:colcon.colcon_core.package_identification:_identify(src/Search_Protocol) by extension 'ros'
[0.188s] DEBUG:colcon.colcon_core.package_identification:Package 'src/Search_Protocol' with type 'ros.ament_cmake' and name 'Search_Protocol'
[0.188s] Level 1:colcon.colcon_core.package_identification:_identify(src/Uav_Ugv_Link) by extensions ['ignore', 'ignore_ament_install']
[0.188s] Level 1:colcon.colcon_core.package_identification:_identify(src/Uav_Ugv_Link) by extension 'ignore'
[0.188s] Level 1:colcon.colcon_core.package_identification:_identify(src/Uav_Ugv_Link) by extension 'ignore_ament_install'
[0.188s] Level 1:colcon.colcon_core.package_identification:_identify(src/Uav_Ugv_Link) by extensions ['colcon_pkg']
[0.188s] Level 1:colcon.colcon_core.package_identification:_identify(src/Uav_Ugv_Link) by extension 'colcon_pkg'
[0.188s] Level 1:colcon.colcon_core.package_identification:_identify(src/Uav_Ugv_Link) by extensions ['colcon_meta']
[0.188s] Level 1:colcon.colcon_core.package_identification:_identify(src/Uav_Ugv_Link) by extension 'colcon_meta'
[0.188s] Level 1:colcon.colcon_core.package_identification:_identify(src/Uav_Ugv_Link) by extensions ['ros']
[0.188s] Level 1:colcon.colcon_core.package_identification:_identify(src/Uav_Ugv_Link) by extension 'ros'
[0.189s] DEBUG:colcon.colcon_core.package_identification:Package 'src/Uav_Ugv_Link' with type 'ros.ament_cmake' and name 'Uav_Ugv_Link'
[0.189s] Level 1:colcon.colcon_core.package_discovery:discover_packages(recursive) using defaults
[0.189s] Level 1:colcon.colcon_core.package_discovery:discover_packages(ignore) discover
[0.189s] Level 1:colcon.colcon_core.package_discovery:discover_packages(ignore) using defaults
[0.189s] Level 1:colcon.colcon_core.package_discovery:discover_packages(path) discover
[0.189s] Level 1:colcon.colcon_core.package_discovery:discover_packages(path) using defaults
[0.212s] INFO:colcon.colcon_core.package_selection:Skipping not selected package 'Aruco_Detect' in 'src/Aruco_Detect'
[0.212s] INFO:colcon.colcon_core.package_selection:Skipping not selected package 'Gimbal_Driver' in 'src/Gimbal_Driver'
[0.212s] INFO:colcon.colcon_core.package_selection:Skipping not selected package 'Search_Protocol' in 'src/Search_Protocol'
[0.212s] INFO:colcon.colcon_core.package_selection:Skipping not selected package 'Uav_Ugv_Link' in 'src/Uav_Ugv_Link'
[0.212s] Level 1:colcon.colcon_core.package_discovery:discover_packages(prefix_path) check parameters
[0.212s] Level 1:colcon.colcon_core.package_discovery:discover_packages(prefix_path) discover
[0.215s] DEBUG:colcon.colcon_installed_package_information.package_discovery:Found 304 installed packages in /opt/ros/humble
[0.217s] Level 1:colcon.colcon_core.package_discovery:discover_packages(prefix_path) using defaults
[0.264s] Level 5:colcon.colcon_core.verb:set package 'Offboard_Control' build argument 'cmake_args' from command line to 'None'
[0.264s] Level 5:colcon.colcon_core.verb:set package 'Offboard_Control' build argument 'cmake_target' from command line to 'None'
[0.264s] Level 5:colcon.colcon_core.verb:set package 'Offboard_Control' build argument 'cmake_target_skip_unavailable' from command line to 'False'
[0.264s] Level 5:colcon.colcon_core.verb:set package 'Offboard_Control' build argument 'cmake_clean_cache' from command line to 'False'
[0.265s] Level 5:colcon.colcon_core.verb:set package 'Offboard_Control' build argument 'cmake_clean_first' from command line to 'False'
[0.265s] Level 5:colcon.colcon_core.verb:set package 'Offboard_Control' build argument 'cmake_force_configure' from command line to 'False'
[0.265s] Level 5:colcon.colcon_core.verb:set package 'Offboard_Control' build argument 'ament_cmake_args' from command line to 'None'
[0.265s] Level 5:colcon.colcon_core.verb:set package 'Offboard_Control' build argument 'catkin_cmake_args' from command line to 'None'
[0.265s] Level 5:colcon.colcon_core.verb:set package 'Offboard_Control' build argument 'catkin_skip_building_tests' from command line to 'False'
[0.265s] DEBUG:colcon.colcon_core.verb:Building package 'Offboard_Control' with the following arguments: {'ament_cmake_args': None, 'build_base': '/home/david/drone1_ws/build/Offboard_Control', 'catkin_cmake_args': None, 'catkin_skip_building_tests': False, 'cmake_args': None, 'cmake_clean_cache': False, 'cmake_clean_first': False, 'cmake_force_configure': False, 'cmake_target': None, 'cmake_target_skip_unavailable': False, 'install_base': '/home/david/drone1_ws/install/Offboard_Control', 'merge_install': False, 'path': '/home/david/drone1_ws/src/Offboard_Control', 'symlink_install': False, 'test_result_base': None}
[0.265s] INFO:colcon.colcon_core.executor:Executing jobs using 'parallel' executor
[0.266s] DEBUG:colcon.colcon_parallel_executor.executor.parallel:run_until_complete
[0.266s] INFO:colcon.colcon_ros.task.ament_cmake.build:Building ROS package in '/home/david/drone1_ws/src/Offboard_Control' with build type 'ament_cmake'
[0.266s] INFO:colcon.colcon_cmake.task.cmake.build:Building CMake package in '/home/david/drone1_ws/src/Offboard_Control'
[0.268s] INFO:colcon.colcon_core.plugin_system:Skipping extension 'colcon_core.shell.bat': Not used on non-Windows systems
[0.269s] INFO:colcon.colcon_core.shell:Skip shell extension 'powershell' for command environment: Not usable outside of PowerShell
[0.269s] DEBUG:colcon.colcon_core.shell:Skip shell extension 'dsv' for command environment
[0.278s] DEBUG:colcon.colcon_core.event_handler.log_command:Invoking command in '/home/david/drone1_ws/build/Offboard_Control': CMAKE_PREFIX_PATH=/opt/ros/humble /usr/bin/cmake --build /home/david/drone1_ws/build/Offboard_Control -- -j8 -l8
[4.124s] DEBUG:colcon.colcon_core.event_handler.log_command:Invoked command in '/home/david/drone1_ws/build/Offboard_Control' returned '0': CMAKE_PREFIX_PATH=/opt/ros/humble /usr/bin/cmake --build /home/david/drone1_ws/build/Offboard_Control -- -j8 -l8
[4.136s] DEBUG:colcon.colcon_core.event_handler.log_command:Invoking command in '/home/david/drone1_ws/build/Offboard_Control': CMAKE_PREFIX_PATH=/opt/ros/humble /usr/bin/cmake --install /home/david/drone1_ws/build/Offboard_Control
[4.150s] Level 1:colcon.colcon_core.environment:create_environment_scripts_only(Offboard_Control)
[4.151s] DEBUG:colcon.colcon_core.event_handler.log_command:Invoked command in '/home/david/drone1_ws/build/Offboard_Control' returned '0': CMAKE_PREFIX_PATH=/opt/ros/humble /usr/bin/cmake --install /home/david/drone1_ws/build/Offboard_Control
[4.153s] Level 1:colcon.colcon_core.environment:checking '/home/david/drone1_ws/install/Offboard_Control' for CMake module files
[4.154s] Level 1:colcon.colcon_core.environment:checking '/home/david/drone1_ws/install/Offboard_Control' for CMake config files
[4.154s] Level 1:colcon.colcon_core.shell:create_environment_hook('Offboard_Control', 'cmake_prefix_path')
[4.154s] INFO:colcon.colcon_core.shell:Creating environment hook '/home/david/drone1_ws/install/Offboard_Control/share/Offboard_Control/hook/cmake_prefix_path.ps1'
[4.155s] INFO:colcon.colcon_core.shell:Creating environment descriptor '/home/david/drone1_ws/install/Offboard_Control/share/Offboard_Control/hook/cmake_prefix_path.dsv'
[4.155s] INFO:colcon.colcon_core.shell:Creating environment hook '/home/david/drone1_ws/install/Offboard_Control/share/Offboard_Control/hook/cmake_prefix_path.sh'
[4.156s] Level 1:colcon.colcon_core.environment:checking '/home/david/drone1_ws/install/Offboard_Control/lib'
[4.157s] Level 1:colcon.colcon_core.environment:checking '/home/david/drone1_ws/install/Offboard_Control/bin'
[4.157s] Level 1:colcon.colcon_core.environment:checking '/home/david/drone1_ws/install/Offboard_Control/lib/pkgconfig/Offboard_Control.pc'
[4.157s] Level 1:colcon.colcon_core.environment:checking '/home/david/drone1_ws/install/Offboard_Control/lib/python3.10/site-packages'
[4.157s] Level 1:colcon.colcon_core.environment:checking '/home/david/drone1_ws/install/Offboard_Control/bin'
[4.158s] INFO:colcon.colcon_core.shell:Creating package script '/home/david/drone1_ws/install/Offboard_Control/share/Offboard_Control/package.ps1'
[4.159s] INFO:colcon.colcon_core.shell:Creating package descriptor '/home/david/drone1_ws/install/Offboard_Control/share/Offboard_Control/package.dsv'
[4.159s] INFO:colcon.colcon_core.shell:Creating package script '/home/david/drone1_ws/install/Offboard_Control/share/Offboard_Control/package.sh'
[4.160s] INFO:colcon.colcon_core.shell:Creating package script '/home/david/drone1_ws/install/Offboard_Control/share/Offboard_Control/package.bash'
[4.161s] INFO:colcon.colcon_core.shell:Creating package script '/home/david/drone1_ws/install/Offboard_Control/share/Offboard_Control/package.zsh'
[4.162s] Level 1:colcon.colcon_core.environment:create_file_with_runtime_dependencies(/home/david/drone1_ws/install/Offboard_Control/share/colcon-core/packages/Offboard_Control)
[4.162s] Level 1:colcon.colcon_core.environment:create_environment_scripts_only(Offboard_Control)
[4.163s] Level 1:colcon.colcon_core.environment:checking '/home/david/drone1_ws/install/Offboard_Control' for CMake module files
[4.163s] Level 1:colcon.colcon_core.environment:checking '/home/david/drone1_ws/install/Offboard_Control' for CMake config files
[4.163s] Level 1:colcon.colcon_core.shell:create_environment_hook('Offboard_Control', 'cmake_prefix_path')
[4.164s] INFO:colcon.colcon_core.shell:Creating environment hook '/home/david/drone1_ws/install/Offboard_Control/share/Offboard_Control/hook/cmake_prefix_path.ps1'
[4.164s] INFO:colcon.colcon_core.shell:Creating environment descriptor '/home/david/drone1_ws/install/Offboard_Control/share/Offboard_Control/hook/cmake_prefix_path.dsv'
[4.164s] INFO:colcon.colcon_core.shell:Creating environment hook '/home/david/drone1_ws/install/Offboard_Control/share/Offboard_Control/hook/cmake_prefix_path.sh'
[4.165s] Level 1:colcon.colcon_core.environment:checking '/home/david/drone1_ws/install/Offboard_Control/lib'
[4.165s] Level 1:colcon.colcon_core.environment:checking '/home/david/drone1_ws/install/Offboard_Control/bin'
[4.165s] Level 1:colcon.colcon_core.environment:checking '/home/david/drone1_ws/install/Offboard_Control/lib/pkgconfig/Offboard_Control.pc'
[4.166s] Level 1:colcon.colcon_core.environment:checking '/home/david/drone1_ws/install/Offboard_Control/lib/python3.10/site-packages'
[4.166s] Level 1:colcon.colcon_core.environment:checking '/home/david/drone1_ws/install/Offboard_Control/bin'
[4.166s] INFO:colcon.colcon_core.shell:Creating package script '/home/david/drone1_ws/install/Offboard_Control/share/Offboard_Control/package.ps1'
[4.167s] INFO:colcon.colcon_core.shell:Creating package descriptor '/home/david/drone1_ws/install/Offboard_Control/share/Offboard_Control/package.dsv'
[4.167s] INFO:colcon.colcon_core.shell:Creating package script '/home/david/drone1_ws/install/Offboard_Control/share/Offboard_Control/package.sh'
[4.168s] INFO:colcon.colcon_core.shell:Creating package script '/home/david/drone1_ws/install/Offboard_Control/share/Offboard_Control/package.bash'
[4.168s] INFO:colcon.colcon_core.shell:Creating package script '/home/david/drone1_ws/install/Offboard_Control/share/Offboard_Control/package.zsh'
[4.169s] Level 1:colcon.colcon_core.environment:create_file_with_runtime_dependencies(/home/david/drone1_ws/install/Offboard_Control/share/colcon-core/packages/Offboard_Control)
[4.169s] DEBUG:colcon.colcon_parallel_executor.executor.parallel:closing loop
[4.169s] DEBUG:colcon.colcon_parallel_executor.executor.parallel:loop closed
[4.169s] DEBUG:colcon.colcon_parallel_executor.executor.parallel:run_until_complete finished with '0'
[4.169s] DEBUG:colcon.colcon_core.event_reactor:joining thread
[4.175s] INFO:colcon.colcon_core.plugin_system:Skipping extension 'colcon_notification.desktop_notification.terminal_notifier': Not used on non-Darwin systems
[4.175s] INFO:colcon.colcon_core.plugin_system:Skipping extension 'colcon_notification.desktop_notification.win32': Not used on non-Windows systems
[4.175s] INFO:colcon.colcon_notification.desktop_notification:Sending desktop notification using 'notify2'
[4.188s] DEBUG:colcon.colcon_core.event_reactor:joined thread
[4.189s] INFO:colcon.colcon_core.shell:Creating prefix script '/home/david/drone1_ws/install/local_setup.ps1'
[4.190s] INFO:colcon.colcon_core.shell:Creating prefix util module '/home/david/drone1_ws/install/_local_setup_util_ps1.py'
[4.192s] INFO:colcon.colcon_core.shell:Creating prefix chain script '/home/david/drone1_ws/install/setup.ps1'
[4.193s] INFO:colcon.colcon_core.shell:Creating prefix script '/home/david/drone1_ws/install/local_setup.sh'
[4.194s] INFO:colcon.colcon_core.shell:Creating prefix util module '/home/david/drone1_ws/install/_local_setup_util_sh.py'
[4.194s] INFO:colcon.colcon_core.shell:Creating prefix chain script '/home/david/drone1_ws/install/setup.sh'
[4.195s] INFO:colcon.colcon_core.shell:Creating prefix script '/home/david/drone1_ws/install/local_setup.bash'
[4.196s] INFO:colcon.colcon_core.shell:Creating prefix chain script '/home/david/drone1_ws/install/setup.bash'
[4.198s] INFO:colcon.colcon_core.shell:Creating prefix script '/home/david/drone1_ws/install/local_setup.zsh'
[4.199s] INFO:colcon.colcon_core.shell:Creating prefix chain script '/home/david/drone1_ws/install/setup.zsh'
