[0.024s] Invoking command in '/home/david/drone1_ws/build/Gimbal_Driver': CMAKE_PREFIX_PATH=/opt/ros/humble /usr/bin/cmake --build /home/david/drone1_ws/build/Gimbal_Driver -- -j8 -l8
[0.060s] -- Found ament_cmake: 1.3.11 (/opt/ros/humble/share/ament_cmake/cmake)
[0.247s] -- Found rclcpp: 16.0.11 (/opt/ros/humble/share/rclcpp/cmake)
[0.282s] -- Found rosidl_generator_c: 3.1.6 (/opt/ros/humble/share/rosidl_generator_c/cmake)
[0.284s] -- Found rosidl_adapter: 3.1.6 (/opt/ros/humble/share/rosidl_adapter/cmake)
[0.291s] -- Found rosidl_generator_cpp: 3.1.6 (/opt/ros/humble/share/rosidl_generator_cpp/cmake)
[0.302s] -- Using all available rosidl_typesupport_c: rosidl_typesupport_fastrtps_c;rosidl_typesupport_introspection_c
[0.317s] -- Using all available rosidl_typesupport_cpp: rosidl_typesupport_fastrtps_cpp;rosidl_typesupport_introspection_cpp
[0.354s] -- Found rmw_implementation_cmake: 6.1.2 (/opt/ros/humble/share/rmw_implementation_cmake/cmake)
[0.356s] -- Found rmw_fastrtps_cpp: 6.2.7 (/opt/ros/humble/share/rmw_fastrtps_cpp/cmake)
[0.483s] -- Using RMW implementation 'rmw_fastrtps_cpp' as default
[0.544s] -- Found ament_lint_auto: 0.12.11 (/opt/ros/humble/share/ament_lint_auto/cmake)
[0.609s] WARNING: Package name "Gimbal_Driver" does not follow the naming conventions. It should start with a lower case letter and only contain lower case letters, digits, underscores, and dashes.
[0.627s] -- Added test 'cppcheck' to perform static code analysis on C / C++ code
[0.627s] -- Configured cppcheck include dirs: 
[0.627s] -- Configured cppcheck exclude dirs and/or files: 
[0.628s] -- Added test 'lint_cmake' to check CMake code style
[0.629s] -- Added test 'uncrustify' to check C / C++ code style
[0.629s] -- Configured uncrustify additional arguments: 
[0.629s] -- Added test 'xmllint' to check XML markup files
[0.630s] -- Configuring done
[0.641s] -- Generating done
[0.645s] -- Build files have been written to: /home/david/drone1_ws/build/Gimbal_Driver
[0.676s] [35m[1mConsolidate compiler generated dependencies of target GimbalNode[0m
[0.697s] [100%] Built target GimbalNode
[0.711s] Invoked command in '/home/david/drone1_ws/build/Gimbal_Driver' returned '0': CMAKE_PREFIX_PATH=/opt/ros/humble /usr/bin/cmake --build /home/david/drone1_ws/build/Gimbal_Driver -- -j8 -l8
[0.713s] Invoking command in '/home/david/drone1_ws/build/Gimbal_Driver': CMAKE_PREFIX_PATH=/opt/ros/humble /usr/bin/cmake --install /home/david/drone1_ws/build/Gimbal_Driver
[0.721s] -- Install configuration: ""
[0.721s] -- Up-to-date: /home/david/drone1_ws/install/Gimbal_Driver/lib/Gimbal_Driver/GimbalNode
[0.722s] -- Up-to-date: /home/david/drone1_ws/install/Gimbal_Driver/share/ament_index/resource_index/package_run_dependencies/Gimbal_Driver
[0.722s] -- Up-to-date: /home/david/drone1_ws/install/Gimbal_Driver/share/ament_index/resource_index/parent_prefix_path/Gimbal_Driver
[0.722s] -- Up-to-date: /home/david/drone1_ws/install/Gimbal_Driver/share/Gimbal_Driver/environment/ament_prefix_path.sh
[0.722s] -- Installing: /home/david/drone1_ws/install/Gimbal_Driver/share/Gimbal_Driver/environment/ament_prefix_path.dsv
[0.723s] -- Up-to-date: /home/david/drone1_ws/install/Gimbal_Driver/share/Gimbal_Driver/environment/path.sh
[0.723s] -- Installing: /home/david/drone1_ws/install/Gimbal_Driver/share/Gimbal_Driver/environment/path.dsv
[0.723s] -- Up-to-date: /home/david/drone1_ws/install/Gimbal_Driver/share/Gimbal_Driver/local_setup.bash
[0.723s] -- Up-to-date: /home/david/drone1_ws/install/Gimbal_Driver/share/Gimbal_Driver/local_setup.sh
[0.723s] -- Up-to-date: /home/david/drone1_ws/install/Gimbal_Driver/share/Gimbal_Driver/local_setup.zsh
[0.724s] -- Installing: /home/david/drone1_ws/install/Gimbal_Driver/share/Gimbal_Driver/local_setup.dsv
[0.724s] -- Installing: /home/david/drone1_ws/install/Gimbal_Driver/share/Gimbal_Driver/package.dsv
[0.724s] -- Up-to-date: /home/david/drone1_ws/install/Gimbal_Driver/share/ament_index/resource_index/packages/Gimbal_Driver
[0.724s] -- Up-to-date: /home/david/drone1_ws/install/Gimbal_Driver/share/Gimbal_Driver/cmake/Gimbal_DriverConfig.cmake
[0.724s] -- Up-to-date: /home/david/drone1_ws/install/Gimbal_Driver/share/Gimbal_Driver/cmake/Gimbal_DriverConfig-version.cmake
[0.725s] -- Up-to-date: /home/david/drone1_ws/install/Gimbal_Driver/share/Gimbal_Driver/package.xml
[0.727s] Invoked command in '/home/david/drone1_ws/build/Gimbal_Driver' returned '0': CMAKE_PREFIX_PATH=/opt/ros/humble /usr/bin/cmake --install /home/david/drone1_ws/build/Gimbal_Driver
