[0.024s] Invoking command in '/home/ethan/ros2_ws/build/vision_opencv': AMENT_PREFIX_PATH=/home/ethan/ros2_ws/install/image_geometry:/home/ethan/ros2_ws/install/cv_bridge:${AMENT_PREFIX_PATH} CMAKE_PREFIX_PATH=/home/ethan/ros2_ws/install/image_geometry:/home/ethan/ros2_ws/install/cv_bridge:/home/ethan/ros2_ws/install/my_opencv_demo:/opt/ros/iron LD_LIBRARY_PATH=/home/ethan/ros2_ws/install/image_geometry/lib:/home/ethan/ros2_ws/install/cv_bridge/lib:${LD_LIBRARY_PATH} PYTHONPATH=/home/ethan/ros2_ws/install/image_geometry/lib/python3.10/site-packages:/home/ethan/ros2_ws/install/cv_bridge/lib/python3.10/site-packages:${PYTHONPATH} /usr/bin/cmake /home/ethan/ros2_ws/src/vision_opencv/vision_opencv -DCMAKE_INSTALL_PREFIX=/home/ethan/ros2_ws/install/vision_opencv
[0.137s] -- The C compiler identification is GNU 11.4.0
[0.240s] -- The CXX compiler identification is GNU 11.4.0
[0.254s] -- Detecting C compiler ABI info
[0.440s] -- Detecting C compiler ABI info - done
[0.456s] -- Check for working C compiler: /usr/bin/cc - skipped
[0.456s] -- Detecting C compile features
[0.457s] -- Detecting C compile features - done
[0.463s] -- Detecting CXX compiler ABI info
[0.636s] -- Detecting CXX compiler ABI info - done
[0.650s] -- Check for working CXX compiler: /usr/bin/c++ - skipped
[0.650s] -- Detecting CXX compile features
[0.651s] -- Detecting CXX compile features - done
[0.656s] -- Found ament_cmake: 2.0.6 (/opt/ros/iron/share/ament_cmake/cmake)
[1.029s] -- Found Python3: /usr/bin/python3.10 (found version "3.10.12") found components: Interpreter 
[1.365s] -- Configuring done
[1.371s] -- Generating done
[1.373s] -- Build files have been written to: /home/ethan/ros2_ws/build/vision_opencv
[1.388s] Invoked command in '/home/ethan/ros2_ws/build/vision_opencv' returned '0': AMENT_PREFIX_PATH=/home/ethan/ros2_ws/install/image_geometry:/home/ethan/ros2_ws/install/cv_bridge:${AMENT_PREFIX_PATH} CMAKE_PREFIX_PATH=/home/ethan/ros2_ws/install/image_geometry:/home/ethan/ros2_ws/install/cv_bridge:/home/ethan/ros2_ws/install/my_opencv_demo:/opt/ros/iron LD_LIBRARY_PATH=/home/ethan/ros2_ws/install/image_geometry/lib:/home/ethan/ros2_ws/install/cv_bridge/lib:${LD_LIBRARY_PATH} PYTHONPATH=/home/ethan/ros2_ws/install/image_geometry/lib/python3.10/site-packages:/home/ethan/ros2_ws/install/cv_bridge/lib/python3.10/site-packages:${PYTHONPATH} /usr/bin/cmake /home/ethan/ros2_ws/src/vision_opencv/vision_opencv -DCMAKE_INSTALL_PREFIX=/home/ethan/ros2_ws/install/vision_opencv
[1.390s] Invoking command in '/home/ethan/ros2_ws/build/vision_opencv': AMENT_PREFIX_PATH=/home/ethan/ros2_ws/install/image_geometry:/home/ethan/ros2_ws/install/cv_bridge:${AMENT_PREFIX_PATH} CMAKE_PREFIX_PATH=/home/ethan/ros2_ws/install/image_geometry:/home/ethan/ros2_ws/install/cv_bridge:/home/ethan/ros2_ws/install/my_opencv_demo:/opt/ros/iron LD_LIBRARY_PATH=/home/ethan/ros2_ws/install/image_geometry/lib:/home/ethan/ros2_ws/install/cv_bridge/lib:${LD_LIBRARY_PATH} PYTHONPATH=/home/ethan/ros2_ws/install/image_geometry/lib/python3.10/site-packages:/home/ethan/ros2_ws/install/cv_bridge/lib/python3.10/site-packages:${PYTHONPATH} /usr/bin/cmake --build /home/ethan/ros2_ws/build/vision_opencv -- -j6 -l6
[1.488s] Invoked command in '/home/ethan/ros2_ws/build/vision_opencv' returned '0': AMENT_PREFIX_PATH=/home/ethan/ros2_ws/install/image_geometry:/home/ethan/ros2_ws/install/cv_bridge:${AMENT_PREFIX_PATH} CMAKE_PREFIX_PATH=/home/ethan/ros2_ws/install/image_geometry:/home/ethan/ros2_ws/install/cv_bridge:/home/ethan/ros2_ws/install/my_opencv_demo:/opt/ros/iron LD_LIBRARY_PATH=/home/ethan/ros2_ws/install/image_geometry/lib:/home/ethan/ros2_ws/install/cv_bridge/lib:${LD_LIBRARY_PATH} PYTHONPATH=/home/ethan/ros2_ws/install/image_geometry/lib/python3.10/site-packages:/home/ethan/ros2_ws/install/cv_bridge/lib/python3.10/site-packages:${PYTHONPATH} /usr/bin/cmake --build /home/ethan/ros2_ws/build/vision_opencv -- -j6 -l6
[1.536s] Invoking command in '/home/ethan/ros2_ws/build/vision_opencv': AMENT_PREFIX_PATH=/home/ethan/ros2_ws/install/image_geometry:/home/ethan/ros2_ws/install/cv_bridge:${AMENT_PREFIX_PATH} CMAKE_PREFIX_PATH=/home/ethan/ros2_ws/install/image_geometry:/home/ethan/ros2_ws/install/cv_bridge:/home/ethan/ros2_ws/install/my_opencv_demo:/opt/ros/iron LD_LIBRARY_PATH=/home/ethan/ros2_ws/install/image_geometry/lib:/home/ethan/ros2_ws/install/cv_bridge/lib:${LD_LIBRARY_PATH} PYTHONPATH=/home/ethan/ros2_ws/install/image_geometry/lib/python3.10/site-packages:/home/ethan/ros2_ws/install/cv_bridge/lib/python3.10/site-packages:${PYTHONPATH} /usr/bin/cmake --install /home/ethan/ros2_ws/build/vision_opencv
[1.553s] -- Install configuration: ""
[1.553s] -- Installing: /home/ethan/ros2_ws/install/vision_opencv/share/ament_index/resource_index/package_run_dependencies/vision_opencv
[1.554s] -- Installing: /home/ethan/ros2_ws/install/vision_opencv/share/ament_index/resource_index/parent_prefix_path/vision_opencv
[1.554s] -- Installing: /home/ethan/ros2_ws/install/vision_opencv/share/vision_opencv/environment/ament_prefix_path.sh
[1.554s] -- Installing: /home/ethan/ros2_ws/install/vision_opencv/share/vision_opencv/environment/ament_prefix_path.dsv
[1.554s] -- Installing: /home/ethan/ros2_ws/install/vision_opencv/share/vision_opencv/environment/path.sh
[1.554s] -- Installing: /home/ethan/ros2_ws/install/vision_opencv/share/vision_opencv/environment/path.dsv
[1.555s] -- Installing: /home/ethan/ros2_ws/install/vision_opencv/share/vision_opencv/local_setup.bash
[1.555s] -- Installing: /home/ethan/ros2_ws/install/vision_opencv/share/vision_opencv/local_setup.sh
[1.555s] -- Installing: /home/ethan/ros2_ws/install/vision_opencv/share/vision_opencv/local_setup.zsh
[1.556s] -- Installing: /home/ethan/ros2_ws/install/vision_opencv/share/vision_opencv/local_setup.dsv
[1.556s] -- Installing: /home/ethan/ros2_ws/install/vision_opencv/share/vision_opencv/package.dsv
[1.557s] -- Installing: /home/ethan/ros2_ws/install/vision_opencv/share/ament_index/resource_index/packages/vision_opencv
[1.557s] -- Installing: /home/ethan/ros2_ws/install/vision_opencv/share/vision_opencv/cmake/vision_opencvConfig.cmake
[1.557s] -- Installing: /home/ethan/ros2_ws/install/vision_opencv/share/vision_opencv/cmake/vision_opencvConfig-version.cmake
[1.558s] -- Installing: /home/ethan/ros2_ws/install/vision_opencv/share/vision_opencv/package.xml
[1.564s] Invoked command in '/home/ethan/ros2_ws/build/vision_opencv' returned '0': AMENT_PREFIX_PATH=/home/ethan/ros2_ws/install/image_geometry:/home/ethan/ros2_ws/install/cv_bridge:${AMENT_PREFIX_PATH} CMAKE_PREFIX_PATH=/home/ethan/ros2_ws/install/image_geometry:/home/ethan/ros2_ws/install/cv_bridge:/home/ethan/ros2_ws/install/my_opencv_demo:/opt/ros/iron LD_LIBRARY_PATH=/home/ethan/ros2_ws/install/image_geometry/lib:/home/ethan/ros2_ws/install/cv_bridge/lib:${LD_LIBRARY_PATH} PYTHONPATH=/home/ethan/ros2_ws/install/image_geometry/lib/python3.10/site-packages:/home/ethan/ros2_ws/install/cv_bridge/lib/python3.10/site-packages:${PYTHONPATH} /usr/bin/cmake --install /home/ethan/ros2_ws/build/vision_opencv
