[0.020s] Invoking command in '/home/ethan/ros2_ws/build/my_opencv_demo': CMAKE_PREFIX_PATH=${CMAKE_PREFIX_PATH}:/opt/ros/iron /usr/bin/cmake --build /home/ethan/ros2_ws/build/my_opencv_demo -- -j6 -l6
[0.106s] [35m[1mConsolidate compiler generated dependencies of target minimal_opencv_ros2_node[0m
[0.140s] [ 50%] Built target minimal_opencv_ros2_subscriber
[0.149s] [ 75%] [32mBuilding CXX object CMakeFiles/minimal_opencv_ros2_node.dir/src/minimal_opencv_ros2_node.cpp.o[0m
[17.598s] [100%] [32m[1mLinking CXX executable minimal_opencv_ros2_node[0m
[17.907s] /usr/bin/ld: warning: libopencv_core.so.4.5d, needed by /opt/ros/iron/lib/libcv_bridge.so, may conflict with libopencv_core.so.408
[18.957s] [100%] Built target minimal_opencv_ros2_node
[18.986s] Invoked command in '/home/ethan/ros2_ws/build/my_opencv_demo' returned '0': CMAKE_PREFIX_PATH=${CMAKE_PREFIX_PATH}:/opt/ros/iron /usr/bin/cmake --build /home/ethan/ros2_ws/build/my_opencv_demo -- -j6 -l6
[19.072s] Invoking command in '/home/ethan/ros2_ws/build/my_opencv_demo': CMAKE_PREFIX_PATH=${CMAKE_PREFIX_PATH}:/opt/ros/iron /usr/bin/cmake --install /home/ethan/ros2_ws/build/my_opencv_demo
[19.091s] -- Install configuration: ""
[19.091s] -- Installing: /home/ethan/ros2_ws/install/my_opencv_demo/lib/my_opencv_demo/minimal_opencv_ros2_node
[19.098s] -- Set runtime path of "/home/ethan/ros2_ws/install/my_opencv_demo/lib/my_opencv_demo/minimal_opencv_ros2_node" to ""
[19.099s] -- Up-to-date: /home/ethan/ros2_ws/install/my_opencv_demo/lib/my_opencv_demo/minimal_opencv_ros2_subscriber
[19.099s] -- Up-to-date: /home/ethan/ros2_ws/install/my_opencv_demo/share/ament_index/resource_index/package_run_dependencies/my_opencv_demo
[19.099s] -- Up-to-date: /home/ethan/ros2_ws/install/my_opencv_demo/share/ament_index/resource_index/parent_prefix_path/my_opencv_demo
[19.100s] -- Up-to-date: /home/ethan/ros2_ws/install/my_opencv_demo/share/my_opencv_demo/environment/ament_prefix_path.sh
[19.100s] -- Up-to-date: /home/ethan/ros2_ws/install/my_opencv_demo/share/my_opencv_demo/environment/ament_prefix_path.dsv
[19.100s] -- Up-to-date: /home/ethan/ros2_ws/install/my_opencv_demo/share/my_opencv_demo/environment/path.sh
[19.100s] -- Up-to-date: /home/ethan/ros2_ws/install/my_opencv_demo/share/my_opencv_demo/environment/path.dsv
[19.101s] -- Up-to-date: /home/ethan/ros2_ws/install/my_opencv_demo/share/my_opencv_demo/local_setup.bash
[19.101s] -- Up-to-date: /home/ethan/ros2_ws/install/my_opencv_demo/share/my_opencv_demo/local_setup.sh
[19.101s] -- Up-to-date: /home/ethan/ros2_ws/install/my_opencv_demo/share/my_opencv_demo/local_setup.zsh
[19.101s] -- Up-to-date: /home/ethan/ros2_ws/install/my_opencv_demo/share/my_opencv_demo/local_setup.dsv
[19.101s] -- Installing: /home/ethan/ros2_ws/install/my_opencv_demo/share/my_opencv_demo/package.dsv
[19.101s] -- Up-to-date: /home/ethan/ros2_ws/install/my_opencv_demo/share/ament_index/resource_index/packages/my_opencv_demo
[19.102s] -- Up-to-date: /home/ethan/ros2_ws/install/my_opencv_demo/share/my_opencv_demo/cmake/my_opencv_demoConfig.cmake
[19.102s] -- Up-to-date: /home/ethan/ros2_ws/install/my_opencv_demo/share/my_opencv_demo/cmake/my_opencv_demoConfig-version.cmake
[19.102s] -- Up-to-date: /home/ethan/ros2_ws/install/my_opencv_demo/share/my_opencv_demo/package.xml
[19.108s] Invoked command in '/home/ethan/ros2_ws/build/my_opencv_demo' returned '0': CMAKE_PREFIX_PATH=${CMAKE_PREFIX_PATH}:/opt/ros/iron /usr/bin/cmake --install /home/ethan/ros2_ws/build/my_opencv_demo
