[0.022s] Invoking command in '/home/ethan/ros2_ws/build/my_opencv_demo': CMAKE_PREFIX_PATH=${CMAKE_PREFIX_PATH}:/opt/ros/iron /usr/bin/cmake --build /home/ethan/ros2_ws/build/my_opencv_demo -- -j6 -l6
[0.141s] [35m[1mConsolidate compiler generated dependencies of target minimal_opencv_ros2_subscriber[0m
[0.181s] [ 50%] Built target minimal_opencv_ros2_node
[0.182s] [100%] Built target minimal_opencv_ros2_subscriber
[0.216s] Invoked command in '/home/ethan/ros2_ws/build/my_opencv_demo' returned '0': CMAKE_PREFIX_PATH=${CMAKE_PREFIX_PATH}:/opt/ros/iron /usr/bin/cmake --build /home/ethan/ros2_ws/build/my_opencv_demo -- -j6 -l6
[0.301s] Invoking command in '/home/ethan/ros2_ws/build/my_opencv_demo': CMAKE_PREFIX_PATH=${CMAKE_PREFIX_PATH}:/opt/ros/iron /usr/bin/cmake --install /home/ethan/ros2_ws/build/my_opencv_demo
[0.321s] -- Install configuration: ""
[0.322s] -- Up-to-date: /home/ethan/ros2_ws/install/my_opencv_demo/lib/my_opencv_demo/minimal_opencv_ros2_node
[0.322s] -- Up-to-date: /home/ethan/ros2_ws/install/my_opencv_demo/lib/my_opencv_demo/minimal_opencv_ros2_subscriber
[0.323s] -- Up-to-date: /home/ethan/ros2_ws/install/my_opencv_demo/share/ament_index/resource_index/package_run_dependencies/my_opencv_demo
[0.323s] -- Up-to-date: /home/ethan/ros2_ws/install/my_opencv_demo/share/ament_index/resource_index/parent_prefix_path/my_opencv_demo
[0.323s] -- Up-to-date: /home/ethan/ros2_ws/install/my_opencv_demo/share/my_opencv_demo/environment/ament_prefix_path.sh
[0.324s] -- Up-to-date: /home/ethan/ros2_ws/install/my_opencv_demo/share/my_opencv_demo/environment/ament_prefix_path.dsv
[0.324s] -- Up-to-date: /home/ethan/ros2_ws/install/my_opencv_demo/share/my_opencv_demo/environment/path.sh
[0.324s] -- Up-to-date: /home/ethan/ros2_ws/install/my_opencv_demo/share/my_opencv_demo/environment/path.dsv
[0.324s] -- Up-to-date: /home/ethan/ros2_ws/install/my_opencv_demo/share/my_opencv_demo/local_setup.bash
[0.324s] -- Up-to-date: /home/ethan/ros2_ws/install/my_opencv_demo/share/my_opencv_demo/local_setup.sh
[0.325s] -- Up-to-date: /home/ethan/ros2_ws/install/my_opencv_demo/share/my_opencv_demo/local_setup.zsh
[0.325s] -- Up-to-date: /home/ethan/ros2_ws/install/my_opencv_demo/share/my_opencv_demo/local_setup.dsv
[0.325s] -- Installing: /home/ethan/ros2_ws/install/my_opencv_demo/share/my_opencv_demo/package.dsv
[0.325s] -- Up-to-date: /home/ethan/ros2_ws/install/my_opencv_demo/share/ament_index/resource_index/packages/my_opencv_demo
[0.325s] -- Up-to-date: /home/ethan/ros2_ws/install/my_opencv_demo/share/my_opencv_demo/cmake/my_opencv_demoConfig.cmake
[0.326s] -- Up-to-date: /home/ethan/ros2_ws/install/my_opencv_demo/share/my_opencv_demo/cmake/my_opencv_demoConfig-version.cmake
[0.326s] -- Up-to-date: /home/ethan/ros2_ws/install/my_opencv_demo/share/my_opencv_demo/package.xml
[0.333s] Invoked command in '/home/ethan/ros2_ws/build/my_opencv_demo' returned '0': CMAKE_PREFIX_PATH=${CMAKE_PREFIX_PATH}:/opt/ros/iron /usr/bin/cmake --install /home/ethan/ros2_ws/build/my_opencv_demo
