[0.025s] Invoking command in '/home/ethan/ros2_ws/build/my_opencv_demo': CMAKE_PREFIX_PATH=/home/ethan/ros2_ws/install/cv_bridge:/home/ethan/ros2_ws/install/vision_opencv:/home/ethan/ros2_ws/install/my_opencv_demo:/home/ethan/ros2_ws/install/image_geometry:/home/ethan/ros2_ws/install/opencv_tests:/opt/ros/iron LD_LIBRARY_PATH=/home/ethan/ros2_ws/install/cv_bridge/lib:/home/ethan/ros2_ws/install/image_geometry/lib:/opt/ros/iron/opt/rviz_ogre_vendor/lib:/opt/ros/iron/lib/aarch64-linux-gnu:/opt/ros/iron/lib PYTHONPATH=/home/ethan/ros2_ws/install/cv_bridge/lib/python3.10/site-packages:/home/ethan/ros2_ws/install/opencv_tests/lib/python3.10/site-packages:/home/ethan/ros2_ws/install/image_geometry/lib/python3.10/site-packages:/opt/ros/iron/lib/python3.10/site-packages /usr/bin/cmake --build /home/ethan/ros2_ws/build/my_opencv_demo -- -j6 -l6
[0.124s] [35m[1mConsolidate compiler generated dependencies of target minimal_opencv_ros2_subscriber[0m
[0.160s] [ 50%] Built target minimal_opencv_ros2_node
[0.164s] [ 75%] [32mBuilding CXX object CMakeFiles/minimal_opencv_ros2_subscriber.dir/src/minimal_opencv_ros2_subscriber.cpp.o[0m
[23.546s] [100%] [32m[1mLinking CXX executable minimal_opencv_ros2_subscriber[0m
[24.719s] [100%] Built target minimal_opencv_ros2_subscriber
[24.754s] Invoked command in '/home/ethan/ros2_ws/build/my_opencv_demo' returned '0': CMAKE_PREFIX_PATH=/home/ethan/ros2_ws/install/cv_bridge:/home/ethan/ros2_ws/install/vision_opencv:/home/ethan/ros2_ws/install/my_opencv_demo:/home/ethan/ros2_ws/install/image_geometry:/home/ethan/ros2_ws/install/opencv_tests:/opt/ros/iron LD_LIBRARY_PATH=/home/ethan/ros2_ws/install/cv_bridge/lib:/home/ethan/ros2_ws/install/image_geometry/lib:/opt/ros/iron/opt/rviz_ogre_vendor/lib:/opt/ros/iron/lib/aarch64-linux-gnu:/opt/ros/iron/lib PYTHONPATH=/home/ethan/ros2_ws/install/cv_bridge/lib/python3.10/site-packages:/home/ethan/ros2_ws/install/opencv_tests/lib/python3.10/site-packages:/home/ethan/ros2_ws/install/image_geometry/lib/python3.10/site-packages:/opt/ros/iron/lib/python3.10/site-packages /usr/bin/cmake --build /home/ethan/ros2_ws/build/my_opencv_demo -- -j6 -l6
[24.851s] Invoking command in '/home/ethan/ros2_ws/build/my_opencv_demo': CMAKE_PREFIX_PATH=/home/ethan/ros2_ws/install/cv_bridge:/home/ethan/ros2_ws/install/vision_opencv:/home/ethan/ros2_ws/install/my_opencv_demo:/home/ethan/ros2_ws/install/image_geometry:/home/ethan/ros2_ws/install/opencv_tests:/opt/ros/iron LD_LIBRARY_PATH=/home/ethan/ros2_ws/install/cv_bridge/lib:/home/ethan/ros2_ws/install/image_geometry/lib:/opt/ros/iron/opt/rviz_ogre_vendor/lib:/opt/ros/iron/lib/aarch64-linux-gnu:/opt/ros/iron/lib PYTHONPATH=/home/ethan/ros2_ws/install/cv_bridge/lib/python3.10/site-packages:/home/ethan/ros2_ws/install/opencv_tests/lib/python3.10/site-packages:/home/ethan/ros2_ws/install/image_geometry/lib/python3.10/site-packages:/opt/ros/iron/lib/python3.10/site-packages /usr/bin/cmake --install /home/ethan/ros2_ws/build/my_opencv_demo
[24.872s] -- Install configuration: ""
[24.872s] -- Up-to-date: /home/ethan/ros2_ws/install/my_opencv_demo/lib/my_opencv_demo/minimal_opencv_ros2_node
[24.873s] -- Installing: /home/ethan/ros2_ws/install/my_opencv_demo/lib/my_opencv_demo/minimal_opencv_ros2_subscriber
[24.891s] -- Set runtime path of "/home/ethan/ros2_ws/install/my_opencv_demo/lib/my_opencv_demo/minimal_opencv_ros2_subscriber" to ""
[24.892s] -- Up-to-date: /home/ethan/ros2_ws/install/my_opencv_demo/share/ament_index/resource_index/package_run_dependencies/my_opencv_demo
[24.892s] -- Up-to-date: /home/ethan/ros2_ws/install/my_opencv_demo/share/ament_index/resource_index/parent_prefix_path/my_opencv_demo
[24.892s] -- Up-to-date: /home/ethan/ros2_ws/install/my_opencv_demo/share/my_opencv_demo/environment/ament_prefix_path.sh
[24.892s] -- Up-to-date: /home/ethan/ros2_ws/install/my_opencv_demo/share/my_opencv_demo/environment/ament_prefix_path.dsv
[24.892s] -- Up-to-date: /home/ethan/ros2_ws/install/my_opencv_demo/share/my_opencv_demo/environment/path.sh
[24.893s] -- Up-to-date: /home/ethan/ros2_ws/install/my_opencv_demo/share/my_opencv_demo/environment/path.dsv
[24.893s] -- Up-to-date: /home/ethan/ros2_ws/install/my_opencv_demo/share/my_opencv_demo/local_setup.bash
[24.893s] -- Up-to-date: /home/ethan/ros2_ws/install/my_opencv_demo/share/my_opencv_demo/local_setup.sh
[24.893s] -- Up-to-date: /home/ethan/ros2_ws/install/my_opencv_demo/share/my_opencv_demo/local_setup.zsh
[24.893s] -- Up-to-date: /home/ethan/ros2_ws/install/my_opencv_demo/share/my_opencv_demo/local_setup.dsv
[24.893s] -- Installing: /home/ethan/ros2_ws/install/my_opencv_demo/share/my_opencv_demo/package.dsv
[24.894s] -- Up-to-date: /home/ethan/ros2_ws/install/my_opencv_demo/share/ament_index/resource_index/packages/my_opencv_demo
[24.894s] -- Up-to-date: /home/ethan/ros2_ws/install/my_opencv_demo/share/my_opencv_demo/cmake/my_opencv_demoConfig.cmake
[24.894s] -- Up-to-date: /home/ethan/ros2_ws/install/my_opencv_demo/share/my_opencv_demo/cmake/my_opencv_demoConfig-version.cmake
[24.894s] -- Up-to-date: /home/ethan/ros2_ws/install/my_opencv_demo/share/my_opencv_demo/package.xml
[24.900s] Invoked command in '/home/ethan/ros2_ws/build/my_opencv_demo' returned '0': CMAKE_PREFIX_PATH=/home/ethan/ros2_ws/install/cv_bridge:/home/ethan/ros2_ws/install/vision_opencv:/home/ethan/ros2_ws/install/my_opencv_demo:/home/ethan/ros2_ws/install/image_geometry:/home/ethan/ros2_ws/install/opencv_tests:/opt/ros/iron LD_LIBRARY_PATH=/home/ethan/ros2_ws/install/cv_bridge/lib:/home/ethan/ros2_ws/install/image_geometry/lib:/opt/ros/iron/opt/rviz_ogre_vendor/lib:/opt/ros/iron/lib/aarch64-linux-gnu:/opt/ros/iron/lib PYTHONPATH=/home/ethan/ros2_ws/install/cv_bridge/lib/python3.10/site-packages:/home/ethan/ros2_ws/install/opencv_tests/lib/python3.10/site-packages:/home/ethan/ros2_ws/install/image_geometry/lib/python3.10/site-packages:/opt/ros/iron/lib/python3.10/site-packages /usr/bin/cmake --install /home/ethan/ros2_ws/build/my_opencv_demo
