[0.024s] Invoking command in '/home/david/drone1_ws/build/Search_Protocol': CMAKE_PREFIX_PATH=/opt/ros/humble /usr/bin/cmake --build /home/david/drone1_ws/build/Search_Protocol -- -j8 -l8
[0.097s] [100%] Built target SearchNode
[0.126s] Invoked command in '/home/david/drone1_ws/build/Search_Protocol' returned '0': CMAKE_PREFIX_PATH=/opt/ros/humble /usr/bin/cmake --build /home/david/drone1_ws/build/Search_Protocol -- -j8 -l8
[0.129s] Invoking command in '/home/david/drone1_ws/build/Search_Protocol': CMAKE_PREFIX_PATH=/opt/ros/humble /usr/bin/cmake --install /home/david/drone1_ws/build/Search_Protocol
[0.143s] -- Install configuration: ""
[0.143s] -- Up-to-date: /home/david/drone1_ws/install/Search_Protocol/lib/Search_Protocol/SearchNode
[0.143s] -- Up-to-date: /home/david/drone1_ws/install/Search_Protocol/share/ament_index/resource_index/package_run_dependencies/Search_Protocol
[0.143s] -- Up-to-date: /home/david/drone1_ws/install/Search_Protocol/share/ament_index/resource_index/parent_prefix_path/Search_Protocol
[0.143s] -- Up-to-date: /home/david/drone1_ws/install/Search_Protocol/share/Search_Protocol/environment/ament_prefix_path.sh
[0.143s] -- Up-to-date: /home/david/drone1_ws/install/Search_Protocol/share/Search_Protocol/environment/ament_prefix_path.dsv
[0.144s] -- Up-to-date: /home/david/drone1_ws/install/Search_Protocol/share/Search_Protocol/environment/path.sh
[0.144s] -- Up-to-date: /home/david/drone1_ws/install/Search_Protocol/share/Search_Protocol/environment/path.dsv
[0.144s] -- Up-to-date: /home/david/drone1_ws/install/Search_Protocol/share/Search_Protocol/local_setup.bash
[0.144s] -- Up-to-date: /home/david/drone1_ws/install/Search_Protocol/share/Search_Protocol/local_setup.sh
[0.144s] -- Up-to-date: /home/david/drone1_ws/install/Search_Protocol/share/Search_Protocol/local_setup.zsh
[0.144s] -- Up-to-date: /home/david/drone1_ws/install/Search_Protocol/share/Search_Protocol/local_setup.dsv
[0.145s] -- Installing: /home/david/drone1_ws/install/Search_Protocol/share/Search_Protocol/package.dsv
[0.145s] -- Up-to-date: /home/david/drone1_ws/install/Search_Protocol/share/ament_index/resource_index/packages/Search_Protocol
[0.145s] -- Up-to-date: /home/david/drone1_ws/install/Search_Protocol/share/Search_Protocol/cmake/Search_ProtocolConfig.cmake
[0.145s] -- Up-to-date: /home/david/drone1_ws/install/Search_Protocol/share/Search_Protocol/cmake/Search_ProtocolConfig-version.cmake
[0.146s] -- Up-to-date: /home/david/drone1_ws/install/Search_Protocol/share/Search_Protocol/package.xml
[0.195s] Invoked command in '/home/david/drone1_ws/build/Search_Protocol' returned '0': CMAKE_PREFIX_PATH=/opt/ros/humble /usr/bin/cmake --install /home/david/drone1_ws/build/Search_Protocol
