[0.031s] Invoking command in '/home/david/drone1_ws/build/Launch_Files': CMAKE_PREFIX_PATH=${CMAKE_PREFIX_PATH}:/home/david/Tst_ros2_px4_offboard/install/px4_offboard:/opt/ros/humble /usr/bin/cmake /home/david/drone1_ws/src/Launch_Files -DCMAKE_INSTALL_PREFIX=/home/david/drone1_ws/install/Launch_Files
[0.127s] -- The C compiler identification is GNU 11.4.0
[0.228s] -- The CXX compiler identification is GNU 11.4.0
[0.238s] -- Detecting C compiler ABI info
[0.320s] -- Detecting C compiler ABI info - done
[0.334s] -- Check for working C compiler: /usr/bin/cc - skipped
[0.334s] -- Detecting C compile features
[0.335s] -- Detecting C compile features - done
[0.340s] -- Detecting CXX compiler ABI info
[0.438s] -- Detecting CXX compiler ABI info - done
[0.452s] -- Check for working CXX compiler: /usr/bin/c++ - skipped
[0.452s] -- Detecting CXX compile features
[0.453s] -- Detecting CXX compile features - done
[0.458s] -- Found ament_cmake: 1.3.11 (/opt/ros/humble/share/ament_cmake/cmake)
[0.910s] -- Found Python3: /usr/bin/python3 (found version "3.10.12") found components: Interpreter 
[1.051s] -- Found ament_lint_auto: 0.12.11 (/opt/ros/humble/share/ament_lint_auto/cmake)
[1.124s] WARNING: Package name "Launch_Files" does not follow the naming conventions. It should start with a lower case letter and only contain lower case letters, digits, underscores, and dashes.
[1.161s] -- Added test 'lint_cmake' to check CMake code style
[1.162s] -- Added test 'xmllint' to check XML markup files
[1.164s] -- Configuring done
[1.167s] -- Generating done
[1.169s] -- Build files have been written to: /home/david/drone1_ws/build/Launch_Files
[1.174s] Invoked command in '/home/david/drone1_ws/build/Launch_Files' returned '0': CMAKE_PREFIX_PATH=${CMAKE_PREFIX_PATH}:/home/david/Tst_ros2_px4_offboard/install/px4_offboard:/opt/ros/humble /usr/bin/cmake /home/david/drone1_ws/src/Launch_Files -DCMAKE_INSTALL_PREFIX=/home/david/drone1_ws/install/Launch_Files
[1.177s] Invoking command in '/home/david/drone1_ws/build/Launch_Files': CMAKE_PREFIX_PATH=${CMAKE_PREFIX_PATH}:/home/david/Tst_ros2_px4_offboard/install/px4_offboard:/opt/ros/humble /usr/bin/cmake --build /home/david/drone1_ws/build/Launch_Files -- -j8 -l8
[1.220s] Invoked command in '/home/david/drone1_ws/build/Launch_Files' returned '0': CMAKE_PREFIX_PATH=${CMAKE_PREFIX_PATH}:/home/david/Tst_ros2_px4_offboard/install/px4_offboard:/opt/ros/humble /usr/bin/cmake --build /home/david/drone1_ws/build/Launch_Files -- -j8 -l8
[1.222s] Invoking command in '/home/david/drone1_ws/build/Launch_Files': CMAKE_PREFIX_PATH=${CMAKE_PREFIX_PATH}:/home/david/Tst_ros2_px4_offboard/install/px4_offboard:/opt/ros/humble /usr/bin/cmake --install /home/david/drone1_ws/build/Launch_Files
[1.231s] -- Install configuration: ""
[1.232s] -- Installing: /home/david/drone1_ws/install/Launch_Files/share/ament_index/resource_index/package_run_dependencies/Launch_Files
[1.232s] -- Installing: /home/david/drone1_ws/install/Launch_Files/share/ament_index/resource_index/parent_prefix_path/Launch_Files
[1.232s] -- Installing: /home/david/drone1_ws/install/Launch_Files/share/Launch_Files/environment/ament_prefix_path.sh
[1.232s] -- Installing: /home/david/drone1_ws/install/Launch_Files/share/Launch_Files/environment/ament_prefix_path.dsv
[1.232s] -- Installing: /home/david/drone1_ws/install/Launch_Files/share/Launch_Files/environment/path.sh
[1.233s] -- Installing: /home/david/drone1_ws/install/Launch_Files/share/Launch_Files/environment/path.dsv
[1.233s] -- Installing: /home/david/drone1_ws/install/Launch_Files/share/Launch_Files/local_setup.bash
[1.233s] -- Installing: /home/david/drone1_ws/install/Launch_Files/share/Launch_Files/local_setup.sh
[1.233s] -- Installing: /home/david/drone1_ws/install/Launch_Files/share/Launch_Files/local_setup.zsh
[1.233s] -- Installing: /home/david/drone1_ws/install/Launch_Files/share/Launch_Files/local_setup.dsv
[1.234s] -- Installing: /home/david/drone1_ws/install/Launch_Files/share/Launch_Files/package.dsv
[1.234s] -- Installing: /home/david/drone1_ws/install/Launch_Files/share/ament_index/resource_index/packages/Launch_Files
[1.234s] -- Installing: /home/david/drone1_ws/install/Launch_Files/share/Launch_Files/cmake/Launch_FilesConfig.cmake
[1.234s] -- Installing: /home/david/drone1_ws/install/Launch_Files/share/Launch_Files/cmake/Launch_FilesConfig-version.cmake
[1.234s] -- Installing: /home/david/drone1_ws/install/Launch_Files/share/Launch_Files/package.xml
[1.237s] Invoked command in '/home/david/drone1_ws/build/Launch_Files' returned '0': CMAKE_PREFIX_PATH=${CMAKE_PREFIX_PATH}:/home/david/Tst_ros2_px4_offboard/install/px4_offboard:/opt/ros/humble /usr/bin/cmake --install /home/david/drone1_ws/build/Launch_Files
