[0.027s] Invoking command in '/home/david/drone1_ws/build/Uav_Ugv_Link': CMAKE_PREFIX_PATH=/opt/ros/humble /usr/bin/cmake /home/david/drone1_ws/src/Uav_Ugv_Link -DCMAKE_INSTALL_PREFIX=/home/david/drone1_ws/install/Uav_Ugv_Link
[0.102s] -- The C compiler identification is GNU 11.4.0
[0.178s] -- The CXX compiler identification is GNU 11.4.0
[0.187s] -- Detecting C compiler ABI info
[0.291s] -- Detecting C compiler ABI info - done
[0.311s] -- Check for working C compiler: /usr/bin/cc - skipped
[0.311s] -- Detecting C compile features
[0.311s] -- Detecting C compile features - done
[0.317s] -- Detecting CXX compiler ABI info
[0.441s] -- Detecting CXX compiler ABI info - done
[0.460s] -- Check for working CXX compiler: /usr/bin/c++ - skipped
[0.460s] -- Detecting CXX compile features
[0.461s] -- Detecting CXX compile features - done
[0.464s] -- Found ament_cmake: 1.3.11 (/opt/ros/humble/share/ament_cmake/cmake)
[0.989s] -- Found Python3: /usr/bin/python3 (found version "3.10.12") found components: Interpreter 
[1.148s] -- Found rclcpp: 16.0.11 (/opt/ros/humble/share/rclcpp/cmake)
[1.223s] -- Found rosidl_generator_c: 3.1.6 (/opt/ros/humble/share/rosidl_generator_c/cmake)
[1.232s] -- Found rosidl_adapter: 3.1.6 (/opt/ros/humble/share/rosidl_adapter/cmake)
[1.248s] -- Found rosidl_generator_cpp: 3.1.6 (/opt/ros/humble/share/rosidl_generator_cpp/cmake)
[1.272s] -- Using all available rosidl_typesupport_c: rosidl_typesupport_fastrtps_c;rosidl_typesupport_introspection_c
[1.302s] -- Using all available rosidl_typesupport_cpp: rosidl_typesupport_fastrtps_cpp;rosidl_typesupport_introspection_cpp
[1.378s] -- Found rmw_implementation_cmake: 6.1.2 (/opt/ros/humble/share/rmw_implementation_cmake/cmake)
[1.381s] -- Found rmw_fastrtps_cpp: 6.2.7 (/opt/ros/humble/share/rmw_fastrtps_cpp/cmake)
[1.517s] -- Found OpenSSL: /usr/lib/x86_64-linux-gnu/libcrypto.so (found version "3.0.2")  
[1.562s] -- Found FastRTPS: /opt/ros/humble/include  
[1.619s] -- Using RMW implementation 'rmw_fastrtps_cpp' as default
[1.630s] -- Looking for pthread.h
[1.747s] -- Looking for pthread.h - found
[1.748s] -- Performing Test CMAKE_HAVE_LIBC_PTHREAD
[1.837s] -- Performing Test CMAKE_HAVE_LIBC_PTHREAD - Success
[1.839s] -- Found Threads: TRUE  
[1.938s] -- Found ament_lint_auto: 0.12.11 (/opt/ros/humble/share/ament_lint_auto/cmake)
[2.015s] WARNING: Package name "Uav_Ugv_Link" does not follow the naming conventions. It should start with a lower case letter and only contain lower case letters, digits, underscores, and dashes.
[2.050s] -- Added test 'cppcheck' to perform static code analysis on C / C++ code
[2.050s] -- Configured cppcheck include dirs: 
[2.050s] -- Configured cppcheck exclude dirs and/or files: 
[2.051s] -- Added test 'lint_cmake' to check CMake code style
[2.053s] -- Added test 'uncrustify' to check C / C++ code style
[2.053s] -- Configured uncrustify additional arguments: 
[2.053s] -- Added test 'xmllint' to check XML markup files
[2.055s] -- Configuring done
[2.068s] -- Generating done
[2.073s] -- Build files have been written to: /home/david/drone1_ws/build/Uav_Ugv_Link
[2.085s] Invoked command in '/home/david/drone1_ws/build/Uav_Ugv_Link' returned '0': CMAKE_PREFIX_PATH=/opt/ros/humble /usr/bin/cmake /home/david/drone1_ws/src/Uav_Ugv_Link -DCMAKE_INSTALL_PREFIX=/home/david/drone1_ws/install/Uav_Ugv_Link
[2.087s] Invoking command in '/home/david/drone1_ws/build/Uav_Ugv_Link': CMAKE_PREFIX_PATH=/opt/ros/humble /usr/bin/cmake --build /home/david/drone1_ws/build/Uav_Ugv_Link -- -j8 -l8
[2.157s] [ 50%] [32mBuilding CXX object CMakeFiles/UgvLinkNode.dir/src/Ugv_Link.cpp.o[0m
[5.727s] [100%] [32m[1mLinking CXX executable UgvLinkNode[0m
[5.873s] [100%] Built target UgvLinkNode
