[0.023s] Invoking command in '/home/david/drone1_ws/build/Offboard_Control': CMAKE_PREFIX_PATH=/opt/ros/humble /usr/bin/cmake --build /home/david/drone1_ws/build/Offboard_Control -- -j8 -l8
[0.089s] [100%] Built target AutonomousNode
[0.119s] Invoked command in '/home/david/drone1_ws/build/Offboard_Control' returned '0': CMAKE_PREFIX_PATH=/opt/ros/humble /usr/bin/cmake --build /home/david/drone1_ws/build/Offboard_Control -- -j8 -l8
[0.122s] Invoking command in '/home/david/drone1_ws/build/Offboard_Control': CMAKE_PREFIX_PATH=/opt/ros/humble /usr/bin/cmake --install /home/david/drone1_ws/build/Offboard_Control
[0.136s] -- Install configuration: ""
[0.136s] -- Up-to-date: /home/david/drone1_ws/install/Offboard_Control/lib/Offboard_Control/AutonomousNode
[0.136s] -- Up-to-date: /home/david/drone1_ws/install/Offboard_Control/share/ament_index/resource_index/package_run_dependencies/Offboard_Control
[0.137s] -- Up-to-date: /home/david/drone1_ws/install/Offboard_Control/share/ament_index/resource_index/parent_prefix_path/Offboard_Control
[0.137s] -- Up-to-date: /home/david/drone1_ws/install/Offboard_Control/share/Offboard_Control/environment/ament_prefix_path.sh
[0.137s] -- Up-to-date: /home/david/drone1_ws/install/Offboard_Control/share/Offboard_Control/environment/ament_prefix_path.dsv
[0.137s] -- Up-to-date: /home/david/drone1_ws/install/Offboard_Control/share/Offboard_Control/environment/path.sh
[0.137s] -- Up-to-date: /home/david/drone1_ws/install/Offboard_Control/share/Offboard_Control/environment/path.dsv
[0.138s] -- Up-to-date: /home/david/drone1_ws/install/Offboard_Control/share/Offboard_Control/local_setup.bash
[0.138s] -- Up-to-date: /home/david/drone1_ws/install/Offboard_Control/share/Offboard_Control/local_setup.sh
[0.138s] -- Up-to-date: /home/david/drone1_ws/install/Offboard_Control/share/Offboard_Control/local_setup.zsh
[0.138s] -- Up-to-date: /home/david/drone1_ws/install/Offboard_Control/share/Offboard_Control/local_setup.dsv
[0.138s] -- Installing: /home/david/drone1_ws/install/Offboard_Control/share/Offboard_Control/package.dsv
[0.138s] -- Up-to-date: /home/david/drone1_ws/install/Offboard_Control/share/ament_index/resource_index/packages/Offboard_Control
[0.138s] -- Up-to-date: /home/david/drone1_ws/install/Offboard_Control/share/Offboard_Control/cmake/Offboard_ControlConfig.cmake
[0.139s] -- Up-to-date: /home/david/drone1_ws/install/Offboard_Control/share/Offboard_Control/cmake/Offboard_ControlConfig-version.cmake
[0.139s] -- Up-to-date: /home/david/drone1_ws/install/Offboard_Control/share/Offboard_Control/package.xml
[0.177s] Invoked command in '/home/david/drone1_ws/build/Offboard_Control' returned '0': CMAKE_PREFIX_PATH=/opt/ros/humble /usr/bin/cmake --install /home/david/drone1_ws/build/Offboard_Control
