[0.115s] DEBUG:colcon:Command line arguments: ['/usr/bin/colcon', 'build']
[0.115s] DEBUG:colcon:Parsed command line arguments: Namespace(log_base=None, log_level=None, verb_name='build', build_base='build', install_base='install', merge_install=False, symlink_install=False, test_result_base=None, continue_on_error=False, executor='parallel', parallel_workers=8, event_handlers=None, ignore_user_meta=False, metas=['./colcon.meta'], base_paths=['.'], packages_ignore=None, packages_ignore_regex=None, paths=None, packages_up_to=None, packages_up_to_regex=None, packages_above=None, packages_above_and_dependencies=None, packages_above_depth=None, packages_select_by_dep=None, packages_skip_by_dep=None, packages_skip_up_to=None, packages_select_build_failed=False, packages_skip_build_finished=False, packages_select_test_failures=False, packages_skip_test_passed=False, packages_select=None, packages_skip=None, packages_select_regex=None, packages_skip_regex=None, packages_start=None, packages_end=None, allow_overriding=[], cmake_args=None, cmake_target=None, cmake_target_skip_unavailable=False, cmake_clean_cache=False, cmake_clean_first=False, cmake_force_configure=False, ament_cmake_args=None, catkin_cmake_args=None, catkin_skip_building_tests=False, verb_parser=<colcon_defaults.argument_parser.defaults.DefaultArgumentsDecorator object at 0x74ab6643d3f0>, verb_extension=<colcon_core.verb.build.BuildVerb object at 0x74ab6653e7d0>, main=<bound method BuildVerb.main of <colcon_core.verb.build.BuildVerb object at 0x74ab6653e7d0>>)
[0.154s] Level 1:colcon.colcon_core.package_discovery:discover_packages(colcon_meta) check parameters
[0.154s] Level 1:colcon.colcon_core.package_discovery:discover_packages(recursive) check parameters
[0.154s] Level 1:colcon.colcon_core.package_discovery:discover_packages(ignore) check parameters
[0.154s] Level 1:colcon.colcon_core.package_discovery:discover_packages(path) check parameters
[0.155s] Level 1:colcon.colcon_core.package_discovery:discover_packages(colcon_meta) discover
[0.155s] Level 1:colcon.colcon_core.package_discovery:discover_packages(recursive) discover
[0.155s] INFO:colcon.colcon_core.package_discovery:Crawling recursively for packages in '/home/david/drone1_ws'
[0.155s] Level 1:colcon.colcon_core.package_identification:_identify(.) by extensions ['ignore', 'ignore_ament_install']
[0.155s] Level 1:colcon.colcon_core.package_identification:_identify(.) by extension 'ignore'
[0.155s] Level 1:colcon.colcon_core.package_identification:_identify(.) by extension 'ignore_ament_install'
[0.155s] Level 1:colcon.colcon_core.package_identification:_identify(.) by extensions ['colcon_pkg']
[0.155s] Level 1:colcon.colcon_core.package_identification:_identify(.) by extension 'colcon_pkg'
[0.155s] Level 1:colcon.colcon_core.package_identification:_identify(.) by extensions ['colcon_meta']
[0.155s] Level 1:colcon.colcon_core.package_identification:_identify(.) by extension 'colcon_meta'
[0.155s] Level 1:colcon.colcon_core.package_identification:_identify(.) by extensions ['ros']
[0.155s] Level 1:colcon.colcon_core.package_identification:_identify(.) by extension 'ros'
[0.171s] Level 1:colcon.colcon_core.package_identification:_identify(.) by extensions ['cmake', 'python']
[0.171s] Level 1:colcon.colcon_core.package_identification:_identify(.) by extension 'cmake'
[0.171s] Level 1:colcon.colcon_core.package_identification:_identify(.) by extension 'python'
[0.171s] Level 1:colcon.colcon_core.package_identification:_identify(.) by extensions ['python_setup_py']
[0.171s] Level 1:colcon.colcon_core.package_identification:_identify(.) by extension 'python_setup_py'
[0.171s] Level 1:colcon.colcon_core.package_identification:_identify(build) by extensions ['ignore', 'ignore_ament_install']
[0.171s] Level 1:colcon.colcon_core.package_identification:_identify(build) by extension 'ignore'
[0.171s] Level 1:colcon.colcon_core.package_identification:_identify(build) ignored
[0.172s] Level 1:colcon.colcon_core.package_identification:_identify(install) by extensions ['ignore', 'ignore_ament_install']
[0.172s] Level 1:colcon.colcon_core.package_identification:_identify(install) by extension 'ignore'
[0.172s] Level 1:colcon.colcon_core.package_identification:_identify(install) ignored
[0.172s] Level 1:colcon.colcon_core.package_identification:_identify(log) by extensions ['ignore', 'ignore_ament_install']
[0.172s] Level 1:colcon.colcon_core.package_identification:_identify(log) by extension 'ignore'
[0.172s] Level 1:colcon.colcon_core.package_identification:_identify(log) ignored
[0.172s] Level 1:colcon.colcon_core.package_identification:_identify(src) by extensions ['ignore', 'ignore_ament_install']
[0.172s] Level 1:colcon.colcon_core.package_identification:_identify(src) by extension 'ignore'
[0.172s] Level 1:colcon.colcon_core.package_identification:_identify(src) by extension 'ignore_ament_install'
[0.172s] Level 1:colcon.colcon_core.package_identification:_identify(src) by extensions ['colcon_pkg']
[0.172s] Level 1:colcon.colcon_core.package_identification:_identify(src) by extension 'colcon_pkg'
[0.172s] Level 1:colcon.colcon_core.package_identification:_identify(src) by extensions ['colcon_meta']
[0.172s] Level 1:colcon.colcon_core.package_identification:_identify(src) by extension 'colcon_meta'
[0.172s] Level 1:colcon.colcon_core.package_identification:_identify(src) by extensions ['ros']
[0.172s] Level 1:colcon.colcon_core.package_identification:_identify(src) by extension 'ros'
[0.173s] Level 1:colcon.colcon_core.package_identification:_identify(src) by extensions ['cmake', 'python']
[0.173s] Level 1:colcon.colcon_core.package_identification:_identify(src) by extension 'cmake'
[0.173s] Level 1:colcon.colcon_core.package_identification:_identify(src) by extension 'python'
[0.173s] Level 1:colcon.colcon_core.package_identification:_identify(src) by extensions ['python_setup_py']
[0.173s] Level 1:colcon.colcon_core.package_identification:_identify(src) by extension 'python_setup_py'
[0.173s] Level 1:colcon.colcon_core.package_identification:_identify(src/Aruco_Detect) by extensions ['ignore', 'ignore_ament_install']
[0.173s] Level 1:colcon.colcon_core.package_identification:_identify(src/Aruco_Detect) by extension 'ignore'
[0.173s] Level 1:colcon.colcon_core.package_identification:_identify(src/Aruco_Detect) by extension 'ignore_ament_install'
[0.173s] Level 1:colcon.colcon_core.package_identification:_identify(src/Aruco_Detect) by extensions ['colcon_pkg']
[0.173s] Level 1:colcon.colcon_core.package_identification:_identify(src/Aruco_Detect) by extension 'colcon_pkg'
[0.173s] Level 1:colcon.colcon_core.package_identification:_identify(src/Aruco_Detect) by extensions ['colcon_meta']
[0.173s] Level 1:colcon.colcon_core.package_identification:_identify(src/Aruco_Detect) by extension 'colcon_meta'
[0.173s] Level 1:colcon.colcon_core.package_identification:_identify(src/Aruco_Detect) by extensions ['ros']
[0.173s] Level 1:colcon.colcon_core.package_identification:_identify(src/Aruco_Detect) by extension 'ros'
[0.176s] DEBUG:colcon.colcon_core.package_identification:Package 'src/Aruco_Detect' with type 'ros.ament_cmake' and name 'Aruco_Detect'
[0.176s] Level 1:colcon.colcon_core.package_identification:_identify(src/Gimbal_Driver) by extensions ['ignore', 'ignore_ament_install']
[0.176s] Level 1:colcon.colcon_core.package_identification:_identify(src/Gimbal_Driver) by extension 'ignore'
[0.176s] Level 1:colcon.colcon_core.package_identification:_identify(src/Gimbal_Driver) by extension 'ignore_ament_install'
[0.176s] Level 1:colcon.colcon_core.package_identification:_identify(src/Gimbal_Driver) by extensions ['colcon_pkg']
[0.176s] Level 1:colcon.colcon_core.package_identification:_identify(src/Gimbal_Driver) by extension 'colcon_pkg'
[0.176s] Level 1:colcon.colcon_core.package_identification:_identify(src/Gimbal_Driver) by extensions ['colcon_meta']
[0.176s] Level 1:colcon.colcon_core.package_identification:_identify(src/Gimbal_Driver) by extension 'colcon_meta'
[0.176s] Level 1:colcon.colcon_core.package_identification:_identify(src/Gimbal_Driver) by extensions ['ros']
[0.176s] Level 1:colcon.colcon_core.package_identification:_identify(src/Gimbal_Driver) by extension 'ros'
[0.177s] DEBUG:colcon.colcon_core.package_identification:Package 'src/Gimbal_Driver' with type 'ros.ament_cmake' and name 'Gimbal_Driver'
[0.177s] Level 1:colcon.colcon_core.package_identification:_identify(src/Offboard_Control) by extensions ['ignore', 'ignore_ament_install']
[0.177s] Level 1:colcon.colcon_core.package_identification:_identify(src/Offboard_Control) by extension 'ignore'
[0.177s] Level 1:colcon.colcon_core.package_identification:_identify(src/Offboard_Control) by extension 'ignore_ament_install'
[0.177s] Level 1:colcon.colcon_core.package_identification:_identify(src/Offboard_Control) by extensions ['colcon_pkg']
[0.177s] Level 1:colcon.colcon_core.package_identification:_identify(src/Offboard_Control) by extension 'colcon_pkg'
[0.177s] Level 1:colcon.colcon_core.package_identification:_identify(src/Offboard_Control) by extensions ['colcon_meta']
[0.177s] Level 1:colcon.colcon_core.package_identification:_identify(src/Offboard_Control) by extension 'colcon_meta'
[0.177s] Level 1:colcon.colcon_core.package_identification:_identify(src/Offboard_Control) by extensions ['ros']
[0.177s] Level 1:colcon.colcon_core.package_identification:_identify(src/Offboard_Control) by extension 'ros'
[0.178s] DEBUG:colcon.colcon_core.package_identification:Package 'src/Offboard_Control' with type 'ros.ament_cmake' and name 'Offboard_Control'
[0.178s] Level 1:colcon.colcon_core.package_identification:_identify(src/Search_Protocol) by extensions ['ignore', 'ignore_ament_install']
[0.178s] Level 1:colcon.colcon_core.package_identification:_identify(src/Search_Protocol) by extension 'ignore'
[0.178s] Level 1:colcon.colcon_core.package_identification:_identify(src/Search_Protocol) by extension 'ignore_ament_install'
[0.178s] Level 1:colcon.colcon_core.package_identification:_identify(src/Search_Protocol) by extensions ['colcon_pkg']
[0.178s] Level 1:colcon.colcon_core.package_identification:_identify(src/Search_Protocol) by extension 'colcon_pkg'
[0.178s] Level 1:colcon.colcon_core.package_identification:_identify(src/Search_Protocol) by extensions ['colcon_meta']
[0.178s] Level 1:colcon.colcon_core.package_identification:_identify(src/Search_Protocol) by extension 'colcon_meta'
[0.178s] Level 1:colcon.colcon_core.package_identification:_identify(src/Search_Protocol) by extensions ['ros']
[0.178s] Level 1:colcon.colcon_core.package_identification:_identify(src/Search_Protocol) by extension 'ros'
[0.179s] DEBUG:colcon.colcon_core.package_identification:Package 'src/Search_Protocol' with type 'ros.ament_cmake' and name 'Search_Protocol'
[0.179s] Level 1:colcon.colcon_core.package_identification:_identify(src/Uav_Ugv_Link) by extensions ['ignore', 'ignore_ament_install']
[0.179s] Level 1:colcon.colcon_core.package_identification:_identify(src/Uav_Ugv_Link) by extension 'ignore'
[0.179s] Level 1:colcon.colcon_core.package_identification:_identify(src/Uav_Ugv_Link) by extension 'ignore_ament_install'
[0.179s] Level 1:colcon.colcon_core.package_identification:_identify(src/Uav_Ugv_Link) by extensions ['colcon_pkg']
[0.179s] Level 1:colcon.colcon_core.package_identification:_identify(src/Uav_Ugv_Link) by extension 'colcon_pkg'
[0.179s] Level 1:colcon.colcon_core.package_identification:_identify(src/Uav_Ugv_Link) by extensions ['colcon_meta']
[0.179s] Level 1:colcon.colcon_core.package_identification:_identify(src/Uav_Ugv_Link) by extension 'colcon_meta'
[0.179s] Level 1:colcon.colcon_core.package_identification:_identify(src/Uav_Ugv_Link) by extensions ['ros']
[0.180s] Level 1:colcon.colcon_core.package_identification:_identify(src/Uav_Ugv_Link) by extension 'ros'
[0.180s] DEBUG:colcon.colcon_core.package_identification:Package 'src/Uav_Ugv_Link' with type 'ros.ament_cmake' and name 'Uav_Ugv_Link'
[0.180s] Level 1:colcon.colcon_core.package_discovery:discover_packages(recursive) using defaults
[0.180s] Level 1:colcon.colcon_core.package_discovery:discover_packages(ignore) discover
[0.180s] Level 1:colcon.colcon_core.package_discovery:discover_packages(ignore) using defaults
[0.180s] Level 1:colcon.colcon_core.package_discovery:discover_packages(path) discover
[0.180s] Level 1:colcon.colcon_core.package_discovery:discover_packages(path) using defaults
[0.202s] Level 1:colcon.colcon_core.package_discovery:discover_packages(prefix_path) check parameters
[0.202s] Level 1:colcon.colcon_core.package_discovery:discover_packages(prefix_path) discover
[0.206s] DEBUG:colcon.colcon_installed_package_information.package_discovery:Found 304 installed packages in /opt/ros/humble
[0.208s] Level 1:colcon.colcon_core.package_discovery:discover_packages(prefix_path) using defaults
[0.254s] Level 5:colcon.colcon_core.verb:set package 'Aruco_Detect' build argument 'cmake_args' from command line to 'None'
[0.255s] Level 5:colcon.colcon_core.verb:set package 'Aruco_Detect' build argument 'cmake_target' from command line to 'None'
[0.255s] Level 5:colcon.colcon_core.verb:set package 'Aruco_Detect' build argument 'cmake_target_skip_unavailable' from command line to 'False'
[0.255s] Level 5:colcon.colcon_core.verb:set package 'Aruco_Detect' build argument 'cmake_clean_cache' from command line to 'False'
[0.255s] Level 5:colcon.colcon_core.verb:set package 'Aruco_Detect' build argument 'cmake_clean_first' from command line to 'False'
[0.255s] Level 5:colcon.colcon_core.verb:set package 'Aruco_Detect' build argument 'cmake_force_configure' from command line to 'False'
[0.255s] Level 5:colcon.colcon_core.verb:set package 'Aruco_Detect' build argument 'ament_cmake_args' from command line to 'None'
[0.255s] Level 5:colcon.colcon_core.verb:set package 'Aruco_Detect' build argument 'catkin_cmake_args' from command line to 'None'
[0.255s] Level 5:colcon.colcon_core.verb:set package 'Aruco_Detect' build argument 'catkin_skip_building_tests' from command line to 'False'
[0.255s] DEBUG:colcon.colcon_core.verb:Building package 'Aruco_Detect' with the following arguments: {'ament_cmake_args': None, 'build_base': '/home/david/drone1_ws/build/Aruco_Detect', 'catkin_cmake_args': None, 'catkin_skip_building_tests': False, 'cmake_args': None, 'cmake_clean_cache': False, 'cmake_clean_first': False, 'cmake_force_configure': False, 'cmake_target': None, 'cmake_target_skip_unavailable': False, 'install_base': '/home/david/drone1_ws/install/Aruco_Detect', 'merge_install': False, 'path': '/home/david/drone1_ws/src/Aruco_Detect', 'symlink_install': False, 'test_result_base': None}
[0.255s] Level 5:colcon.colcon_core.verb:set package 'Gimbal_Driver' build argument 'cmake_args' from command line to 'None'
[0.255s] Level 5:colcon.colcon_core.verb:set package 'Gimbal_Driver' build argument 'cmake_target' from command line to 'None'
[0.255s] Level 5:colcon.colcon_core.verb:set package 'Gimbal_Driver' build argument 'cmake_target_skip_unavailable' from command line to 'False'
[0.255s] Level 5:colcon.colcon_core.verb:set package 'Gimbal_Driver' build argument 'cmake_clean_cache' from command line to 'False'
[0.255s] Level 5:colcon.colcon_core.verb:set package 'Gimbal_Driver' build argument 'cmake_clean_first' from command line to 'False'
[0.255s] Level 5:colcon.colcon_core.verb:set package 'Gimbal_Driver' build argument 'cmake_force_configure' from command line to 'False'
[0.255s] Level 5:colcon.colcon_core.verb:set package 'Gimbal_Driver' build argument 'ament_cmake_args' from command line to 'None'
[0.255s] Level 5:colcon.colcon_core.verb:set package 'Gimbal_Driver' build argument 'catkin_cmake_args' from command line to 'None'
[0.255s] Level 5:colcon.colcon_core.verb:set package 'Gimbal_Driver' build argument 'catkin_skip_building_tests' from command line to 'False'
[0.255s] DEBUG:colcon.colcon_core.verb:Building package 'Gimbal_Driver' with the following arguments: {'ament_cmake_args': None, 'build_base': '/home/david/drone1_ws/build/Gimbal_Driver', 'catkin_cmake_args': None, 'catkin_skip_building_tests': False, 'cmake_args': None, 'cmake_clean_cache': False, 'cmake_clean_first': False, 'cmake_force_configure': False, 'cmake_target': None, 'cmake_target_skip_unavailable': False, 'install_base': '/home/david/drone1_ws/install/Gimbal_Driver', 'merge_install': False, 'path': '/home/david/drone1_ws/src/Gimbal_Driver', 'symlink_install': False, 'test_result_base': None}
[0.256s] Level 5:colcon.colcon_core.verb:set package 'Offboard_Control' build argument 'cmake_args' from command line to 'None'
[0.256s] Level 5:colcon.colcon_core.verb:set package 'Offboard_Control' build argument 'cmake_target' from command line to 'None'
[0.256s] Level 5:colcon.colcon_core.verb:set package 'Offboard_Control' build argument 'cmake_target_skip_unavailable' from command line to 'False'
[0.256s] Level 5:colcon.colcon_core.verb:set package 'Offboard_Control' build argument 'cmake_clean_cache' from command line to 'False'
[0.256s] Level 5:colcon.colcon_core.verb:set package 'Offboard_Control' build argument 'cmake_clean_first' from command line to 'False'
[0.256s] Level 5:colcon.colcon_core.verb:set package 'Offboard_Control' build argument 'cmake_force_configure' from command line to 'False'
[0.256s] Level 5:colcon.colcon_core.verb:set package 'Offboard_Control' build argument 'ament_cmake_args' from command line to 'None'
[0.256s] Level 5:colcon.colcon_core.verb:set package 'Offboard_Control' build argument 'catkin_cmake_args' from command line to 'None'
[0.256s] Level 5:colcon.colcon_core.verb:set package 'Offboard_Control' build argument 'catkin_skip_building_tests' from command line to 'False'
[0.256s] DEBUG:colcon.colcon_core.verb:Building package 'Offboard_Control' with the following arguments: {'ament_cmake_args': None, 'build_base': '/home/david/drone1_ws/build/Offboard_Control', 'catkin_cmake_args': None, 'catkin_skip_building_tests': False, 'cmake_args': None, 'cmake_clean_cache': False, 'cmake_clean_first': False, 'cmake_force_configure': False, 'cmake_target': None, 'cmake_target_skip_unavailable': False, 'install_base': '/home/david/drone1_ws/install/Offboard_Control', 'merge_install': False, 'path': '/home/david/drone1_ws/src/Offboard_Control', 'symlink_install': False, 'test_result_base': None}
[0.256s] Level 5:colcon.colcon_core.verb:set package 'Search_Protocol' build argument 'cmake_args' from command line to 'None'
[0.256s] Level 5:colcon.colcon_core.verb:set package 'Search_Protocol' build argument 'cmake_target' from command line to 'None'
[0.256s] Level 5:colcon.colcon_core.verb:set package 'Search_Protocol' build argument 'cmake_target_skip_unavailable' from command line to 'False'
[0.257s] Level 5:colcon.colcon_core.verb:set package 'Search_Protocol' build argument 'cmake_clean_cache' from command line to 'False'
[0.257s] Level 5:colcon.colcon_core.verb:set package 'Search_Protocol' build argument 'cmake_clean_first' from command line to 'False'
[0.257s] Level 5:colcon.colcon_core.verb:set package 'Search_Protocol' build argument 'cmake_force_configure' from command line to 'False'
[0.257s] Level 5:colcon.colcon_core.verb:set package 'Search_Protocol' build argument 'ament_cmake_args' from command line to 'None'
[0.257s] Level 5:colcon.colcon_core.verb:set package 'Search_Protocol' build argument 'catkin_cmake_args' from command line to 'None'
[0.257s] Level 5:colcon.colcon_core.verb:set package 'Search_Protocol' build argument 'catkin_skip_building_tests' from command line to 'False'
[0.257s] DEBUG:colcon.colcon_core.verb:Building package 'Search_Protocol' with the following arguments: {'ament_cmake_args': None, 'build_base': '/home/david/drone1_ws/build/Search_Protocol', 'catkin_cmake_args': None, 'catkin_skip_building_tests': False, 'cmake_args': None, 'cmake_clean_cache': False, 'cmake_clean_first': False, 'cmake_force_configure': False, 'cmake_target': None, 'cmake_target_skip_unavailable': False, 'install_base': '/home/david/drone1_ws/install/Search_Protocol', 'merge_install': False, 'path': '/home/david/drone1_ws/src/Search_Protocol', 'symlink_install': False, 'test_result_base': None}
[0.257s] Level 5:colcon.colcon_core.verb:set package 'Uav_Ugv_Link' build argument 'cmake_args' from command line to 'None'
[0.257s] Level 5:colcon.colcon_core.verb:set package 'Uav_Ugv_Link' build argument 'cmake_target' from command line to 'None'
[0.257s] Level 5:colcon.colcon_core.verb:set package 'Uav_Ugv_Link' build argument 'cmake_target_skip_unavailable' from command line to 'False'
[0.257s] Level 5:colcon.colcon_core.verb:set package 'Uav_Ugv_Link' build argument 'cmake_clean_cache' from command line to 'False'
[0.257s] Level 5:colcon.colcon_core.verb:set package 'Uav_Ugv_Link' build argument 'cmake_clean_first' from command line to 'False'
[0.257s] Level 5:colcon.colcon_core.verb:set package 'Uav_Ugv_Link' build argument 'cmake_force_configure' from command line to 'False'
[0.257s] Level 5:colcon.colcon_core.verb:set package 'Uav_Ugv_Link' build argument 'ament_cmake_args' from command line to 'None'
[0.257s] Level 5:colcon.colcon_core.verb:set package 'Uav_Ugv_Link' build argument 'catkin_cmake_args' from command line to 'None'
[0.257s] Level 5:colcon.colcon_core.verb:set package 'Uav_Ugv_Link' build argument 'catkin_skip_building_tests' from command line to 'False'
[0.257s] DEBUG:colcon.colcon_core.verb:Building package 'Uav_Ugv_Link' with the following arguments: {'ament_cmake_args': None, 'build_base': '/home/david/drone1_ws/build/Uav_Ugv_Link', 'catkin_cmake_args': None, 'catkin_skip_building_tests': False, 'cmake_args': None, 'cmake_clean_cache': False, 'cmake_clean_first': False, 'cmake_force_configure': False, 'cmake_target': None, 'cmake_target_skip_unavailable': False, 'install_base': '/home/david/drone1_ws/install/Uav_Ugv_Link', 'merge_install': False, 'path': '/home/david/drone1_ws/src/Uav_Ugv_Link', 'symlink_install': False, 'test_result_base': None}
[0.257s] INFO:colcon.colcon_core.executor:Executing jobs using 'parallel' executor
[0.258s] DEBUG:colcon.colcon_parallel_executor.executor.parallel:run_until_complete
[0.259s] INFO:colcon.colcon_ros.task.ament_cmake.build:Building ROS package in '/home/david/drone1_ws/src/Aruco_Detect' with build type 'ament_cmake'
[0.259s] INFO:colcon.colcon_cmake.task.cmake.build:Building CMake package in '/home/david/drone1_ws/src/Aruco_Detect'
[0.261s] INFO:colcon.colcon_core.plugin_system:Skipping extension 'colcon_core.shell.bat': Not used on non-Windows systems
[0.261s] INFO:colcon.colcon_core.shell:Skip shell extension 'powershell' for command environment: Not usable outside of PowerShell
[0.261s] DEBUG:colcon.colcon_core.shell:Skip shell extension 'dsv' for command environment
[0.264s] INFO:colcon.colcon_ros.task.ament_cmake.build:Building ROS package in '/home/david/drone1_ws/src/Gimbal_Driver' with build type 'ament_cmake'
[0.264s] INFO:colcon.colcon_cmake.task.cmake.build:Building CMake package in '/home/david/drone1_ws/src/Gimbal_Driver'
[0.265s] INFO:colcon.colcon_core.shell:Skip shell extension 'powershell' for command environment: Not usable outside of PowerShell
[0.265s] DEBUG:colcon.colcon_core.shell:Skip shell extension 'dsv' for command environment
[0.267s] INFO:colcon.colcon_ros.task.ament_cmake.build:Building ROS package in '/home/david/drone1_ws/src/Offboard_Control' with build type 'ament_cmake'
[0.268s] INFO:colcon.colcon_cmake.task.cmake.build:Building CMake package in '/home/david/drone1_ws/src/Offboard_Control'
[0.268s] INFO:colcon.colcon_core.shell:Skip shell extension 'powershell' for command environment: Not usable outside of PowerShell
[0.268s] DEBUG:colcon.colcon_core.shell:Skip shell extension 'dsv' for command environment
[0.270s] INFO:colcon.colcon_ros.task.ament_cmake.build:Building ROS package in '/home/david/drone1_ws/src/Search_Protocol' with build type 'ament_cmake'
[0.271s] INFO:colcon.colcon_cmake.task.cmake.build:Building CMake package in '/home/david/drone1_ws/src/Search_Protocol'
[0.271s] INFO:colcon.colcon_core.shell:Skip shell extension 'powershell' for command environment: Not usable outside of PowerShell
[0.271s] DEBUG:colcon.colcon_core.shell:Skip shell extension 'dsv' for command environment
[0.274s] INFO:colcon.colcon_ros.task.ament_cmake.build:Building ROS package in '/home/david/drone1_ws/src/Uav_Ugv_Link' with build type 'ament_cmake'
[0.275s] INFO:colcon.colcon_cmake.task.cmake.build:Building CMake package in '/home/david/drone1_ws/src/Uav_Ugv_Link'
[0.275s] INFO:colcon.colcon_core.shell:Skip shell extension 'powershell' for command environment: Not usable outside of PowerShell
[0.275s] DEBUG:colcon.colcon_core.shell:Skip shell extension 'dsv' for command environment
[0.284s] DEBUG:colcon.colcon_core.event_handler.log_command:Invoking command in '/home/david/drone1_ws/build/Aruco_Detect': CMAKE_PREFIX_PATH=/opt/ros/humble /usr/bin/cmake /home/david/drone1_ws/src/Aruco_Detect -DCMAKE_INSTALL_PREFIX=/home/david/drone1_ws/install/Aruco_Detect
[0.287s] DEBUG:colcon.colcon_core.event_handler.log_command:Invoking command in '/home/david/drone1_ws/build/Gimbal_Driver': CMAKE_PREFIX_PATH=/opt/ros/humble /usr/bin/cmake /home/david/drone1_ws/src/Gimbal_Driver -DCMAKE_INSTALL_PREFIX=/home/david/drone1_ws/install/Gimbal_Driver
[0.292s] DEBUG:colcon.colcon_core.event_handler.log_command:Invoking command in '/home/david/drone1_ws/build/Offboard_Control': CMAKE_PREFIX_PATH=/opt/ros/humble /usr/bin/cmake --build /home/david/drone1_ws/build/Offboard_Control -- -j8 -l8
[0.297s] DEBUG:colcon.colcon_core.event_handler.log_command:Invoking command in '/home/david/drone1_ws/build/Search_Protocol': CMAKE_PREFIX_PATH=/opt/ros/humble /usr/bin/cmake /home/david/drone1_ws/src/Search_Protocol -DCMAKE_INSTALL_PREFIX=/home/david/drone1_ws/install/Search_Protocol
[0.302s] DEBUG:colcon.colcon_core.event_handler.log_command:Invoking command in '/home/david/drone1_ws/build/Uav_Ugv_Link': CMAKE_PREFIX_PATH=/opt/ros/humble /usr/bin/cmake /home/david/drone1_ws/src/Uav_Ugv_Link -DCMAKE_INSTALL_PREFIX=/home/david/drone1_ws/install/Uav_Ugv_Link
[2.219s] DEBUG:colcon.colcon_core.event_handler.log_command:Invoked command in '/home/david/drone1_ws/build/Search_Protocol' returned '0': CMAKE_PREFIX_PATH=/opt/ros/humble /usr/bin/cmake /home/david/drone1_ws/src/Search_Protocol -DCMAKE_INSTALL_PREFIX=/home/david/drone1_ws/install/Search_Protocol
[2.221s] DEBUG:colcon.colcon_core.event_handler.log_command:Invoking command in '/home/david/drone1_ws/build/Search_Protocol': CMAKE_PREFIX_PATH=/opt/ros/humble /usr/bin/cmake --build /home/david/drone1_ws/build/Search_Protocol -- -j8 -l8
[2.316s] DEBUG:colcon.colcon_core.event_handler.log_command:Invoked command in '/home/david/drone1_ws/build/Aruco_Detect' returned '0': CMAKE_PREFIX_PATH=/opt/ros/humble /usr/bin/cmake /home/david/drone1_ws/src/Aruco_Detect -DCMAKE_INSTALL_PREFIX=/home/david/drone1_ws/install/Aruco_Detect
[2.318s] DEBUG:colcon.colcon_core.event_handler.log_command:Invoking command in '/home/david/drone1_ws/build/Aruco_Detect': CMAKE_PREFIX_PATH=/opt/ros/humble /usr/bin/cmake --build /home/david/drone1_ws/build/Aruco_Detect -- -j8 -l8
[2.360s] DEBUG:colcon.colcon_core.event_handler.log_command:Invoked command in '/home/david/drone1_ws/build/Uav_Ugv_Link' returned '0': CMAKE_PREFIX_PATH=/opt/ros/humble /usr/bin/cmake /home/david/drone1_ws/src/Uav_Ugv_Link -DCMAKE_INSTALL_PREFIX=/home/david/drone1_ws/install/Uav_Ugv_Link
[2.362s] DEBUG:colcon.colcon_core.event_handler.log_command:Invoking command in '/home/david/drone1_ws/build/Uav_Ugv_Link': CMAKE_PREFIX_PATH=/opt/ros/humble /usr/bin/cmake --build /home/david/drone1_ws/build/Uav_Ugv_Link -- -j8 -l8
[2.452s] DEBUG:colcon.colcon_core.event_handler.log_command:Invoked command in '/home/david/drone1_ws/build/Gimbal_Driver' returned '1': CMAKE_PREFIX_PATH=/opt/ros/humble /usr/bin/cmake /home/david/drone1_ws/src/Gimbal_Driver -DCMAKE_INSTALL_PREFIX=/home/david/drone1_ws/install/Gimbal_Driver
[2.474s] Level 1:colcon.colcon_core.environment:create_environment_scripts_only(Gimbal_Driver)
[2.478s] Level 1:colcon.colcon_core.environment:checking '/home/david/drone1_ws/install/Gimbal_Driver' for CMake module files
[2.479s] Level 1:colcon.colcon_core.environment:checking '/home/david/drone1_ws/install/Gimbal_Driver' for CMake config files
[2.479s] Level 1:colcon.colcon_core.environment:checking '/home/david/drone1_ws/install/Gimbal_Driver/bin'
[2.479s] Level 1:colcon.colcon_core.environment:checking '/home/david/drone1_ws/install/Gimbal_Driver/lib/pkgconfig/Gimbal_Driver.pc'
[2.480s] Level 1:colcon.colcon_core.environment:checking '/home/david/drone1_ws/install/Gimbal_Driver/lib/python3.10/site-packages'
[2.480s] Level 1:colcon.colcon_core.environment:checking '/home/david/drone1_ws/install/Gimbal_Driver/bin'
[2.481s] INFO:colcon.colcon_core.shell:Creating package script '/home/david/drone1_ws/install/Gimbal_Driver/share/Gimbal_Driver/package.ps1'
[2.482s] INFO:colcon.colcon_core.shell:Creating package descriptor '/home/david/drone1_ws/install/Gimbal_Driver/share/Gimbal_Driver/package.dsv'
[2.483s] INFO:colcon.colcon_core.shell:Creating package script '/home/david/drone1_ws/install/Gimbal_Driver/share/Gimbal_Driver/package.sh'
[2.484s] INFO:colcon.colcon_core.shell:Creating package script '/home/david/drone1_ws/install/Gimbal_Driver/share/Gimbal_Driver/package.bash'
[2.486s] INFO:colcon.colcon_core.shell:Creating package script '/home/david/drone1_ws/install/Gimbal_Driver/share/Gimbal_Driver/package.zsh'
[2.487s] Level 1:colcon.colcon_core.environment:create_file_with_runtime_dependencies(/home/david/drone1_ws/install/Gimbal_Driver/share/colcon-core/packages/Gimbal_Driver)
[6.173s] DEBUG:colcon.colcon_parallel_executor.executor.parallel:closing loop
[6.173s] DEBUG:colcon.colcon_parallel_executor.executor.parallel:loop closed
[6.173s] DEBUG:colcon.colcon_parallel_executor.executor.parallel:run_until_complete finished with '1'
[6.173s] DEBUG:colcon.colcon_core.event_reactor:joining thread
[6.180s] INFO:colcon.colcon_core.plugin_system:Skipping extension 'colcon_notification.desktop_notification.terminal_notifier': Not used on non-Darwin systems
[6.180s] INFO:colcon.colcon_core.plugin_system:Skipping extension 'colcon_notification.desktop_notification.win32': Not used on non-Windows systems
[6.180s] INFO:colcon.colcon_notification.desktop_notification:Sending desktop notification using 'notify2'
[6.194s] DEBUG:colcon.colcon_core.event_reactor:joined thread
[6.195s] INFO:colcon.colcon_core.shell:Creating prefix script '/home/david/drone1_ws/install/local_setup.ps1'
[6.196s] INFO:colcon.colcon_core.shell:Creating prefix util module '/home/david/drone1_ws/install/_local_setup_util_ps1.py'
[6.198s] INFO:colcon.colcon_core.shell:Creating prefix chain script '/home/david/drone1_ws/install/setup.ps1'
[6.200s] INFO:colcon.colcon_core.shell:Creating prefix script '/home/david/drone1_ws/install/local_setup.sh'
[6.201s] INFO:colcon.colcon_core.shell:Creating prefix util module '/home/david/drone1_ws/install/_local_setup_util_sh.py'
[6.201s] INFO:colcon.colcon_core.shell:Creating prefix chain script '/home/david/drone1_ws/install/setup.sh'
[6.202s] INFO:colcon.colcon_core.shell:Creating prefix script '/home/david/drone1_ws/install/local_setup.bash'
[6.203s] INFO:colcon.colcon_core.shell:Creating prefix chain script '/home/david/drone1_ws/install/setup.bash'
[6.204s] INFO:colcon.colcon_core.shell:Creating prefix script '/home/david/drone1_ws/install/local_setup.zsh'
[6.205s] INFO:colcon.colcon_core.shell:Creating prefix chain script '/home/david/drone1_ws/install/setup.zsh'
