[0.023s] Invoking command in '/home/ethan/ros2_ws/build/my_opencv_demo': AMENT_PREFIX_PATH=/home/ethan/ros2_ws/install/cv_bridge:${AMENT_PREFIX_PATH} CMAKE_PREFIX_PATH=/home/ethan/ros2_ws/install/cv_bridge:/home/ethan/ros2_ws/install/my_opencv_demo:/opt/ros/iron LD_LIBRARY_PATH=/home/ethan/ros2_ws/install/cv_bridge/lib:${LD_LIBRARY_PATH} PYTHONPATH=/home/ethan/ros2_ws/install/cv_bridge/lib/python3.10/site-packages:${PYTHONPATH} /usr/bin/cmake --build /home/ethan/ros2_ws/build/my_opencv_demo -- -j6 -l6
[0.130s] [35m[1mConsolidate compiler generated dependencies of target minimal_opencv_ros2_node[0m
[0.133s] [35m[1mConsolidate compiler generated dependencies of target minimal_opencv_ros2_subscriber[0m
[0.180s] [ 50%] Built target minimal_opencv_ros2_node
[0.185s] [ 75%] [32mBuilding CXX object CMakeFiles/minimal_opencv_ros2_subscriber.dir/src/minimal_opencv_ros2_subscriber.cpp.o[0m
[23.206s] [100%] [32m[1mLinking CXX executable minimal_opencv_ros2_subscriber[0m
[24.358s] [100%] Built target minimal_opencv_ros2_subscriber
[24.392s] Invoked command in '/home/ethan/ros2_ws/build/my_opencv_demo' returned '0': AMENT_PREFIX_PATH=/home/ethan/ros2_ws/install/cv_bridge:${AMENT_PREFIX_PATH} CMAKE_PREFIX_PATH=/home/ethan/ros2_ws/install/cv_bridge:/home/ethan/ros2_ws/install/my_opencv_demo:/opt/ros/iron LD_LIBRARY_PATH=/home/ethan/ros2_ws/install/cv_bridge/lib:${LD_LIBRARY_PATH} PYTHONPATH=/home/ethan/ros2_ws/install/cv_bridge/lib/python3.10/site-packages:${PYTHONPATH} /usr/bin/cmake --build /home/ethan/ros2_ws/build/my_opencv_demo -- -j6 -l6
[24.478s] Invoking command in '/home/ethan/ros2_ws/build/my_opencv_demo': AMENT_PREFIX_PATH=/home/ethan/ros2_ws/install/cv_bridge:${AMENT_PREFIX_PATH} CMAKE_PREFIX_PATH=/home/ethan/ros2_ws/install/cv_bridge:/home/ethan/ros2_ws/install/my_opencv_demo:/opt/ros/iron LD_LIBRARY_PATH=/home/ethan/ros2_ws/install/cv_bridge/lib:${LD_LIBRARY_PATH} PYTHONPATH=/home/ethan/ros2_ws/install/cv_bridge/lib/python3.10/site-packages:${PYTHONPATH} /usr/bin/cmake --install /home/ethan/ros2_ws/build/my_opencv_demo
[24.499s] -- Install configuration: ""
[24.499s] -- Up-to-date: /home/ethan/ros2_ws/install/my_opencv_demo/lib/my_opencv_demo/minimal_opencv_ros2_node
[24.500s] -- Installing: /home/ethan/ros2_ws/install/my_opencv_demo/lib/my_opencv_demo/minimal_opencv_ros2_subscriber
[24.519s] -- Set runtime path of "/home/ethan/ros2_ws/install/my_opencv_demo/lib/my_opencv_demo/minimal_opencv_ros2_subscriber" to ""
[24.520s] -- Up-to-date: /home/ethan/ros2_ws/install/my_opencv_demo/share/ament_index/resource_index/package_run_dependencies/my_opencv_demo
[24.520s] -- Up-to-date: /home/ethan/ros2_ws/install/my_opencv_demo/share/ament_index/resource_index/parent_prefix_path/my_opencv_demo
[24.520s] -- Up-to-date: /home/ethan/ros2_ws/install/my_opencv_demo/share/my_opencv_demo/environment/ament_prefix_path.sh
[24.521s] -- Up-to-date: /home/ethan/ros2_ws/install/my_opencv_demo/share/my_opencv_demo/environment/ament_prefix_path.dsv
[24.521s] -- Up-to-date: /home/ethan/ros2_ws/install/my_opencv_demo/share/my_opencv_demo/environment/path.sh
[24.521s] -- Up-to-date: /home/ethan/ros2_ws/install/my_opencv_demo/share/my_opencv_demo/environment/path.dsv
[24.521s] -- Up-to-date: /home/ethan/ros2_ws/install/my_opencv_demo/share/my_opencv_demo/local_setup.bash
[24.522s] -- Up-to-date: /home/ethan/ros2_ws/install/my_opencv_demo/share/my_opencv_demo/local_setup.sh
[24.522s] -- Up-to-date: /home/ethan/ros2_ws/install/my_opencv_demo/share/my_opencv_demo/local_setup.zsh
[24.522s] -- Up-to-date: /home/ethan/ros2_ws/install/my_opencv_demo/share/my_opencv_demo/local_setup.dsv
[24.522s] -- Installing: /home/ethan/ros2_ws/install/my_opencv_demo/share/my_opencv_demo/package.dsv
[24.523s] -- Up-to-date: /home/ethan/ros2_ws/install/my_opencv_demo/share/ament_index/resource_index/packages/my_opencv_demo
[24.523s] -- Up-to-date: /home/ethan/ros2_ws/install/my_opencv_demo/share/my_opencv_demo/cmake/my_opencv_demoConfig.cmake
[24.523s] -- Up-to-date: /home/ethan/ros2_ws/install/my_opencv_demo/share/my_opencv_demo/cmake/my_opencv_demoConfig-version.cmake
[24.523s] -- Up-to-date: /home/ethan/ros2_ws/install/my_opencv_demo/share/my_opencv_demo/package.xml
[24.529s] Invoked command in '/home/ethan/ros2_ws/build/my_opencv_demo' returned '0': AMENT_PREFIX_PATH=/home/ethan/ros2_ws/install/cv_bridge:${AMENT_PREFIX_PATH} CMAKE_PREFIX_PATH=/home/ethan/ros2_ws/install/cv_bridge:/home/ethan/ros2_ws/install/my_opencv_demo:/opt/ros/iron LD_LIBRARY_PATH=/home/ethan/ros2_ws/install/cv_bridge/lib:${LD_LIBRARY_PATH} PYTHONPATH=/home/ethan/ros2_ws/install/cv_bridge/lib/python3.10/site-packages:${PYTHONPATH} /usr/bin/cmake --install /home/ethan/ros2_ws/build/my_opencv_demo
