[0.025s] Invoking command in '/home/david/drone1_ws/build/Search_Protocol': CMAKE_PREFIX_PATH=/opt/ros/humble /usr/bin/cmake /home/david/drone1_ws/src/Search_Protocol -DCMAKE_INSTALL_PREFIX=/home/david/drone1_ws/install/Search_Protocol
[0.114s] -- The C compiler identification is GNU 11.4.0
[0.210s] -- The CXX compiler identification is GNU 11.4.0
[0.223s] -- Detecting C compiler ABI info
[0.319s] -- Detecting C compiler ABI info - done
[0.335s] -- Check for working C compiler: /usr/bin/cc - skipped
[0.336s] -- Detecting C compile features
[0.336s] -- Detecting C compile features - done
[0.341s] -- Detecting CXX compiler ABI info
[0.463s] -- Detecting CXX compiler ABI info - done
[0.482s] -- Check for working CXX compiler: /usr/bin/c++ - skipped
[0.483s] -- Detecting CXX compile features
[0.483s] -- Detecting CXX compile features - done
[0.487s] -- Found ament_cmake: 1.3.11 (/opt/ros/humble/share/ament_cmake/cmake)
[1.057s] -- Found Python3: /usr/bin/python3 (found version "3.10.12") found components: Interpreter 
[1.175s] -- Found rclcpp: 16.0.11 (/opt/ros/humble/share/rclcpp/cmake)
[1.224s] -- Found rosidl_generator_c: 3.1.6 (/opt/ros/humble/share/rosidl_generator_c/cmake)
[1.230s] -- Found rosidl_adapter: 3.1.6 (/opt/ros/humble/share/rosidl_adapter/cmake)
[1.241s] -- Found rosidl_generator_cpp: 3.1.6 (/opt/ros/humble/share/rosidl_generator_cpp/cmake)
[1.254s] -- Using all available rosidl_typesupport_c: rosidl_typesupport_fastrtps_c;rosidl_typesupport_introspection_c
[1.273s] -- Using all available rosidl_typesupport_cpp: rosidl_typesupport_fastrtps_cpp;rosidl_typesupport_introspection_cpp
[1.321s] -- Found rmw_implementation_cmake: 6.1.2 (/opt/ros/humble/share/rmw_implementation_cmake/cmake)
[1.324s] -- Found rmw_fastrtps_cpp: 6.2.7 (/opt/ros/humble/share/rmw_fastrtps_cpp/cmake)
[1.426s] -- Found OpenSSL: /usr/lib/x86_64-linux-gnu/libcrypto.so (found version "3.0.2")  
[1.464s] -- Found FastRTPS: /opt/ros/humble/include  
[1.522s] -- Using RMW implementation 'rmw_fastrtps_cpp' as default
[1.534s] -- Looking for pthread.h
[1.645s] -- Looking for pthread.h - found
[1.646s] -- Performing Test CMAKE_HAVE_LIBC_PTHREAD
[1.736s] -- Performing Test CMAKE_HAVE_LIBC_PTHREAD - Success
[1.737s] -- Found Threads: TRUE  
[1.809s] -- Found ament_lint_auto: 0.12.11 (/opt/ros/humble/share/ament_lint_auto/cmake)
[1.881s] WARNING: Package name "Search_Protocol" does not follow the naming conventions. It should start with a lower case letter and only contain lower case letters, digits, underscores, and dashes.
[1.911s] -- Added test 'cppcheck' to perform static code analysis on C / C++ code
[1.911s] -- Configured cppcheck include dirs: 
[1.911s] -- Configured cppcheck exclude dirs and/or files: 
[1.911s] -- Added test 'lint_cmake' to check CMake code style
[1.913s] -- Added test 'uncrustify' to check C / C++ code style
[1.913s] -- Configured uncrustify additional arguments: 
[1.913s] -- Added test 'xmllint' to check XML markup files
[1.915s] -- Configuring done
[1.927s] -- Generating done
[1.931s] -- Build files have been written to: /home/david/drone1_ws/build/Search_Protocol
[1.947s] Invoked command in '/home/david/drone1_ws/build/Search_Protocol' returned '0': CMAKE_PREFIX_PATH=/opt/ros/humble /usr/bin/cmake /home/david/drone1_ws/src/Search_Protocol -DCMAKE_INSTALL_PREFIX=/home/david/drone1_ws/install/Search_Protocol
[1.950s] Invoking command in '/home/david/drone1_ws/build/Search_Protocol': CMAKE_PREFIX_PATH=/opt/ros/humble /usr/bin/cmake --build /home/david/drone1_ws/build/Search_Protocol -- -j8 -l8
[2.018s] [ 50%] [32mBuilding CXX object CMakeFiles/SearchNode.dir/src/Search_Pattern.cpp.o[0m
[5.553s] [100%] [32m[1mLinking CXX executable SearchNode[0m
[5.694s] [100%] Built target SearchNode
