[0.020s] Invoking command in '/home/ethan/ros2_ws/build/my_opencv_demo': CMAKE_PREFIX_PATH=${CMAKE_PREFIX_PATH}:/opt/ros/iron /usr/bin/cmake --build /home/ethan/ros2_ws/build/my_opencv_demo -- -j6 -l6
[0.148s] [ 25%] [32mBuilding CXX object CMakeFiles/minimal_opencv_ros2_subscriber.dir/src/minimal_opencv_ros2_subscriber.cpp.o[0m
[0.148s] [ 75%] Built target minimal_opencv_ros2_node
[23.682s] [100%] [32m[1mLinking CXX executable minimal_opencv_ros2_subscriber[0m
[24.186s] /usr/bin/ld: warning: libopencv_imgcodecs.so.4.5d, needed by /opt/ros/iron/lib/libcv_bridge.so, may conflict with libopencv_imgcodecs.so.410
[24.188s] /usr/bin/ld: warning: libopencv_core.so.4.5d, needed by /opt/ros/iron/lib/libcv_bridge.so, may conflict with libopencv_core.so.410
[25.316s] [100%] Built target minimal_opencv_ros2_subscriber
[25.349s] Invoked command in '/home/ethan/ros2_ws/build/my_opencv_demo' returned '0': CMAKE_PREFIX_PATH=${CMAKE_PREFIX_PATH}:/opt/ros/iron /usr/bin/cmake --build /home/ethan/ros2_ws/build/my_opencv_demo -- -j6 -l6
[25.433s] Invoking command in '/home/ethan/ros2_ws/build/my_opencv_demo': CMAKE_PREFIX_PATH=${CMAKE_PREFIX_PATH}:/opt/ros/iron /usr/bin/cmake --install /home/ethan/ros2_ws/build/my_opencv_demo
[25.459s] -- Install configuration: ""
[25.460s] -- Up-to-date: /home/ethan/ros2_ws/install/my_opencv_demo/lib/my_opencv_demo/minimal_opencv_ros2_node
[25.460s] -- Installing: /home/ethan/ros2_ws/install/my_opencv_demo/lib/my_opencv_demo/minimal_opencv_ros2_subscriber
[25.475s] -- Set runtime path of "/home/ethan/ros2_ws/install/my_opencv_demo/lib/my_opencv_demo/minimal_opencv_ros2_subscriber" to ""
[25.475s] -- Up-to-date: /home/ethan/ros2_ws/install/my_opencv_demo/share/ament_index/resource_index/package_run_dependencies/my_opencv_demo
[25.476s] -- Up-to-date: /home/ethan/ros2_ws/install/my_opencv_demo/share/ament_index/resource_index/parent_prefix_path/my_opencv_demo
[25.476s] -- Up-to-date: /home/ethan/ros2_ws/install/my_opencv_demo/share/my_opencv_demo/environment/ament_prefix_path.sh
[25.476s] -- Up-to-date: /home/ethan/ros2_ws/install/my_opencv_demo/share/my_opencv_demo/environment/ament_prefix_path.dsv
[25.476s] -- Up-to-date: /home/ethan/ros2_ws/install/my_opencv_demo/share/my_opencv_demo/environment/path.sh
[25.477s] -- Up-to-date: /home/ethan/ros2_ws/install/my_opencv_demo/share/my_opencv_demo/environment/path.dsv
[25.477s] -- Up-to-date: /home/ethan/ros2_ws/install/my_opencv_demo/share/my_opencv_demo/local_setup.bash
[25.478s] -- Up-to-date: /home/ethan/ros2_ws/install/my_opencv_demo/share/my_opencv_demo/local_setup.sh
[25.478s] -- Up-to-date: /home/ethan/ros2_ws/install/my_opencv_demo/share/my_opencv_demo/local_setup.zsh
[25.478s] -- Up-to-date: /home/ethan/ros2_ws/install/my_opencv_demo/share/my_opencv_demo/local_setup.dsv
[25.478s] -- Installing: /home/ethan/ros2_ws/install/my_opencv_demo/share/my_opencv_demo/package.dsv
[25.478s] -- Up-to-date: /home/ethan/ros2_ws/install/my_opencv_demo/share/ament_index/resource_index/packages/my_opencv_demo
[25.479s] -- Up-to-date: /home/ethan/ros2_ws/install/my_opencv_demo/share/my_opencv_demo/cmake/my_opencv_demoConfig.cmake
[25.479s] -- Up-to-date: /home/ethan/ros2_ws/install/my_opencv_demo/share/my_opencv_demo/cmake/my_opencv_demoConfig-version.cmake
[25.479s] -- Up-to-date: /home/ethan/ros2_ws/install/my_opencv_demo/share/my_opencv_demo/package.xml
[25.485s] Invoked command in '/home/ethan/ros2_ws/build/my_opencv_demo' returned '0': CMAKE_PREFIX_PATH=${CMAKE_PREFIX_PATH}:/opt/ros/iron /usr/bin/cmake --install /home/ethan/ros2_ws/build/my_opencv_demo
