[0.025s] Invoking command in '/home/david/drone1_ws/build/Offboard_Control': CMAKE_PREFIX_PATH=/opt/ros/humble /usr/bin/cmake --build /home/david/drone1_ws/build/Offboard_Control -- -j8 -l8
[0.079s] [35m[1mConsolidate compiler generated dependencies of target AutonomousNode[0m
[0.107s] [ 50%] [32mBuilding CXX object CMakeFiles/AutonomousNode.dir/src/Autonomous_Control.cpp.o[0m
[3.394s] [100%] [32m[1mLinking CXX executable AutonomousNode[0m
[3.523s] [100%] Built target AutonomousNode
[3.541s] Invoked command in '/home/david/drone1_ws/build/Offboard_Control' returned '0': CMAKE_PREFIX_PATH=/opt/ros/humble /usr/bin/cmake --build /home/david/drone1_ws/build/Offboard_Control -- -j8 -l8
[3.542s] Invoking command in '/home/david/drone1_ws/build/Offboard_Control': CMAKE_PREFIX_PATH=/opt/ros/humble /usr/bin/cmake --install /home/david/drone1_ws/build/Offboard_Control
[3.551s] -- Install configuration: ""
[3.552s] -- Installing: /home/david/drone1_ws/install/Offboard_Control/lib/Offboard_Control/AutonomousNode
[3.553s] -- Set runtime path of "/home/david/drone1_ws/install/Offboard_Control/lib/Offboard_Control/AutonomousNode" to ""
[3.553s] -- Up-to-date: /home/david/drone1_ws/install/Offboard_Control/share/ament_index/resource_index/package_run_dependencies/Offboard_Control
[3.553s] -- Up-to-date: /home/david/drone1_ws/install/Offboard_Control/share/ament_index/resource_index/parent_prefix_path/Offboard_Control
[3.553s] -- Up-to-date: /home/david/drone1_ws/install/Offboard_Control/share/Offboard_Control/environment/ament_prefix_path.sh
[3.553s] -- Up-to-date: /home/david/drone1_ws/install/Offboard_Control/share/Offboard_Control/environment/ament_prefix_path.dsv
[3.553s] -- Up-to-date: /home/david/drone1_ws/install/Offboard_Control/share/Offboard_Control/environment/path.sh
[3.554s] -- Up-to-date: /home/david/drone1_ws/install/Offboard_Control/share/Offboard_Control/environment/path.dsv
[3.554s] -- Up-to-date: /home/david/drone1_ws/install/Offboard_Control/share/Offboard_Control/local_setup.bash
[3.554s] -- Up-to-date: /home/david/drone1_ws/install/Offboard_Control/share/Offboard_Control/local_setup.sh
[3.554s] -- Up-to-date: /home/david/drone1_ws/install/Offboard_Control/share/Offboard_Control/local_setup.zsh
[3.554s] -- Up-to-date: /home/david/drone1_ws/install/Offboard_Control/share/Offboard_Control/local_setup.dsv
[3.554s] -- Installing: /home/david/drone1_ws/install/Offboard_Control/share/Offboard_Control/package.dsv
[3.554s] -- Up-to-date: /home/david/drone1_ws/install/Offboard_Control/share/ament_index/resource_index/packages/Offboard_Control
[3.554s] -- Up-to-date: /home/david/drone1_ws/install/Offboard_Control/share/Offboard_Control/cmake/Offboard_ControlConfig.cmake
[3.554s] -- Up-to-date: /home/david/drone1_ws/install/Offboard_Control/share/Offboard_Control/cmake/Offboard_ControlConfig-version.cmake
[3.554s] -- Up-to-date: /home/david/drone1_ws/install/Offboard_Control/share/Offboard_Control/package.xml
[3.556s] Invoked command in '/home/david/drone1_ws/build/Offboard_Control' returned '0': CMAKE_PREFIX_PATH=/opt/ros/humble /usr/bin/cmake --install /home/david/drone1_ws/build/Offboard_Control
