[35m[1mConsolidate compiler generated dependencies of target AutonomousNode[0m
[ 50%] [32mBuilding CXX object CMakeFiles/AutonomousNode.dir/src/Autonomous_Control.cpp.o[0m
[100%] [32m[1mLinking CXX executable AutonomousNode[0m
[100%] Built target AutonomousNode
-- Install configuration: ""
-- Installing: /home/david/drone1_ws/install/Offboard_Control/lib/Offboard_Control/AutonomousNode
-- Set runtime path of "/home/david/drone1_ws/install/Offboard_Control/lib/Offboard_Control/AutonomousNode" to ""
-- Up-to-date: /home/david/drone1_ws/install/Offboard_Control/share/ament_index/resource_index/package_run_dependencies/Offboard_Control
-- Up-to-date: /home/david/drone1_ws/install/Offboard_Control/share/ament_index/resource_index/parent_prefix_path/Offboard_Control
-- Up-to-date: /home/david/drone1_ws/install/Offboard_Control/share/Offboard_Control/environment/ament_prefix_path.sh
-- Up-to-date: /home/david/drone1_ws/install/Offboard_Control/share/Offboard_Control/environment/ament_prefix_path.dsv
-- Up-to-date: /home/david/drone1_ws/install/Offboard_Control/share/Offboard_Control/environment/path.sh
-- Up-to-date: /home/david/drone1_ws/install/Offboard_Control/share/Offboard_Control/environment/path.dsv
-- Up-to-date: /home/david/drone1_ws/install/Offboard_Control/share/Offboard_Control/local_setup.bash
-- Up-to-date: /home/david/drone1_ws/install/Offboard_Control/share/Offboard_Control/local_setup.sh
-- Up-to-date: /home/david/drone1_ws/install/Offboard_Control/share/Offboard_Control/local_setup.zsh
-- Up-to-date: /home/david/drone1_ws/install/Offboard_Control/share/Offboard_Control/local_setup.dsv
-- Installing: /home/david/drone1_ws/install/Offboard_Control/share/Offboard_Control/package.dsv
-- Up-to-date: /home/david/drone1_ws/install/Offboard_Control/share/ament_index/resource_index/packages/Offboard_Control
-- Up-to-date: /home/david/drone1_ws/install/Offboard_Control/share/Offboard_Control/cmake/Offboard_ControlConfig.cmake
-- Up-to-date: /home/david/drone1_ws/install/Offboard_Control/share/Offboard_Control/cmake/Offboard_ControlConfig-version.cmake
-- Up-to-date: /home/david/drone1_ws/install/Offboard_Control/share/Offboard_Control/package.xml
