[0.021s] Invoking command in '/home/ethan/ros2_ws/build/my_opencv_demo': CMAKE_PREFIX_PATH=${CMAKE_PREFIX_PATH}:/opt/ros/iron /usr/bin/cmake /home/ethan/ros2_ws/src/my_opencv_demo -DOpenCV_DIR=/usr/local/lib/cmake/opencv4 -DCMAKE_INSTALL_PREFIX=/home/ethan/ros2_ws/install/my_opencv_demo
[0.047s] -- Found ament_cmake: 2.0.6 (/opt/ros/iron/share/ament_cmake/cmake)
[0.388s] -- Found rclcpp: 21.0.7 (/opt/ros/iron/share/rclcpp/cmake)
[0.464s] -- Found rosidl_generator_c: 4.0.1 (/opt/ros/iron/share/rosidl_generator_c/cmake)
[0.480s] -- Found rosidl_generator_cpp: 4.0.1 (/opt/ros/iron/share/rosidl_generator_cpp/cmake)
[0.504s] -- Using all available rosidl_typesupport_c: rosidl_typesupport_fastrtps_c;rosidl_typesupport_introspection_c
[0.534s] -- Using all available rosidl_typesupport_cpp: rosidl_typesupport_fastrtps_cpp;rosidl_typesupport_introspection_cpp
[0.817s] -- Found rmw_implementation_cmake: 7.1.0 (/opt/ros/iron/share/rmw_implementation_cmake/cmake)
[0.820s] -- Found rmw_fastrtps_cpp: 7.1.4 (/opt/ros/iron/share/rmw_fastrtps_cpp/cmake)
[1.040s] -- Using RMW implementation 'rmw_fastrtps_cpp' as default
[1.351s] -- Found std_msgs: 5.0.1 (/opt/ros/iron/share/std_msgs/cmake)
[1.409s] -- Found sensor_msgs: 5.0.1 (/opt/ros/iron/share/sensor_msgs/cmake)
[1.670s] -- Found cv_bridge: 3.5.0 (/opt/ros/iron/share/cv_bridge/cmake)
[1.712s] -- Found image_transport: 4.2.4 (/opt/ros/iron/share/image_transport/cmake)
[1.783s] -- Found OpenCV: /usr/local (found version "4.10.0") 
[1.783s] -- Found ament_lint_auto: 0.14.4 (/opt/ros/iron/share/ament_lint_auto/cmake)
[1.948s] -- Added test 'cppcheck' to perform static code analysis on C / C++ code
[1.948s] -- Configured cppcheck include dirs: 
[1.948s] -- Configured cppcheck exclude dirs and/or files: 
[1.948s] -- Added test 'flake8' to check Python code syntax and style conventions
[1.949s] -- Configured 'flake8' exclude dirs and/or files: 
[1.949s] -- Added test 'lint_cmake' to check CMake code style
[1.950s] -- Added test 'pep257' to check Python code against some of the docstring style conventions in PEP 257
[1.951s] -- Added test 'uncrustify' to check C / C++ code style
[1.951s] -- Configured uncrustify additional arguments: 
[1.952s] -- Added test 'xmllint' to check XML markup files
[1.953s] -- Configuring done
[1.996s] -- Generating done
[2.000s] -- Build files have been written to: /home/ethan/ros2_ws/build/my_opencv_demo
[2.023s] Invoked command in '/home/ethan/ros2_ws/build/my_opencv_demo' returned '0': CMAKE_PREFIX_PATH=${CMAKE_PREFIX_PATH}:/opt/ros/iron /usr/bin/cmake /home/ethan/ros2_ws/src/my_opencv_demo -DOpenCV_DIR=/usr/local/lib/cmake/opencv4 -DCMAKE_INSTALL_PREFIX=/home/ethan/ros2_ws/install/my_opencv_demo
[2.029s] Invoking command in '/home/ethan/ros2_ws/build/my_opencv_demo': CMAKE_PREFIX_PATH=${CMAKE_PREFIX_PATH}:/opt/ros/iron /usr/bin/cmake --build /home/ethan/ros2_ws/build/my_opencv_demo -- -j6 -l6
[2.133s] [35m[1mConsolidate compiler generated dependencies of target minimal_opencv_ros2_subscriber[0m
[2.134s] [35m[1mConsolidate compiler generated dependencies of target minimal_opencv_ros2_node[0m
[2.179s] [ 25%] [32mBuilding CXX object CMakeFiles/minimal_opencv_ros2_subscriber.dir/src/minimal_opencv_ros2_subscriber.cpp.o[0m
[2.180s] [ 50%] [32mBuilding CXX object CMakeFiles/minimal_opencv_ros2_node.dir/src/minimal_opencv_ros2_node.cpp.o[0m
[19.483s] [ 75%] [32m[1mLinking CXX executable minimal_opencv_ros2_node[0m
[19.796s] /usr/bin/ld: warning: libopencv_core.so.4.5d, needed by /opt/ros/iron/lib/libcv_bridge.so, may conflict with libopencv_core.so.410
[20.850s] [ 75%] Built target minimal_opencv_ros2_node
[26.235s] [100%] [32m[1mLinking CXX executable minimal_opencv_ros2_subscriber[0m
[26.750s] /usr/bin/ld: warning: libopencv_imgcodecs.so.4.5d, needed by /opt/ros/iron/lib/libcv_bridge.so, may conflict with libopencv_imgcodecs.so.410
[26.753s] /usr/bin/ld: warning: libopencv_core.so.4.5d, needed by /opt/ros/iron/lib/libcv_bridge.so, may conflict with libopencv_core.so.410
[27.853s] [100%] Built target minimal_opencv_ros2_subscriber
[27.889s] Invoked command in '/home/ethan/ros2_ws/build/my_opencv_demo' returned '0': CMAKE_PREFIX_PATH=${CMAKE_PREFIX_PATH}:/opt/ros/iron /usr/bin/cmake --build /home/ethan/ros2_ws/build/my_opencv_demo -- -j6 -l6
[27.975s] Invoking command in '/home/ethan/ros2_ws/build/my_opencv_demo': CMAKE_PREFIX_PATH=${CMAKE_PREFIX_PATH}:/opt/ros/iron /usr/bin/cmake --install /home/ethan/ros2_ws/build/my_opencv_demo
[27.996s] -- Install configuration: ""
[28.000s] -- Installing: /home/ethan/ros2_ws/install/my_opencv_demo/lib/my_opencv_demo/minimal_opencv_ros2_node
[28.007s] -- Set runtime path of "/home/ethan/ros2_ws/install/my_opencv_demo/lib/my_opencv_demo/minimal_opencv_ros2_node" to ""
[28.009s] -- Installing: /home/ethan/ros2_ws/install/my_opencv_demo/lib/my_opencv_demo/minimal_opencv_ros2_subscriber
[28.023s] -- Set runtime path of "/home/ethan/ros2_ws/install/my_opencv_demo/lib/my_opencv_demo/minimal_opencv_ros2_subscriber" to ""
[28.023s] -- Up-to-date: /home/ethan/ros2_ws/install/my_opencv_demo/share/ament_index/resource_index/package_run_dependencies/my_opencv_demo
[28.024s] -- Up-to-date: /home/ethan/ros2_ws/install/my_opencv_demo/share/ament_index/resource_index/parent_prefix_path/my_opencv_demo
[28.024s] -- Up-to-date: /home/ethan/ros2_ws/install/my_opencv_demo/share/my_opencv_demo/environment/ament_prefix_path.sh
[28.025s] -- Up-to-date: /home/ethan/ros2_ws/install/my_opencv_demo/share/my_opencv_demo/environment/ament_prefix_path.dsv
[28.025s] -- Up-to-date: /home/ethan/ros2_ws/install/my_opencv_demo/share/my_opencv_demo/environment/path.sh
[28.025s] -- Up-to-date: /home/ethan/ros2_ws/install/my_opencv_demo/share/my_opencv_demo/environment/path.dsv
[28.025s] -- Up-to-date: /home/ethan/ros2_ws/install/my_opencv_demo/share/my_opencv_demo/local_setup.bash
[28.025s] -- Up-to-date: /home/ethan/ros2_ws/install/my_opencv_demo/share/my_opencv_demo/local_setup.sh
[28.026s] -- Up-to-date: /home/ethan/ros2_ws/install/my_opencv_demo/share/my_opencv_demo/local_setup.zsh
[28.026s] -- Up-to-date: /home/ethan/ros2_ws/install/my_opencv_demo/share/my_opencv_demo/local_setup.dsv
[28.026s] -- Installing: /home/ethan/ros2_ws/install/my_opencv_demo/share/my_opencv_demo/package.dsv
[28.026s] -- Up-to-date: /home/ethan/ros2_ws/install/my_opencv_demo/share/ament_index/resource_index/packages/my_opencv_demo
[28.026s] -- Up-to-date: /home/ethan/ros2_ws/install/my_opencv_demo/share/my_opencv_demo/cmake/my_opencv_demoConfig.cmake
[28.026s] -- Up-to-date: /home/ethan/ros2_ws/install/my_opencv_demo/share/my_opencv_demo/cmake/my_opencv_demoConfig-version.cmake
[28.027s] -- Up-to-date: /home/ethan/ros2_ws/install/my_opencv_demo/share/my_opencv_demo/package.xml
[28.032s] Invoked command in '/home/ethan/ros2_ws/build/my_opencv_demo' returned '0': CMAKE_PREFIX_PATH=${CMAKE_PREFIX_PATH}:/opt/ros/iron /usr/bin/cmake --install /home/ethan/ros2_ws/build/my_opencv_demo
