[35m[1mConsolidate compiler generated dependencies of target SearchNode[0m
[100%] Built target SearchNode
-- Install configuration: ""
-- Installing: /home/david/drone1_ws/install/Search_Protocol/lib/Search_Protocol/SearchNode
-- Set runtime path of "/home/david/drone1_ws/install/Search_Protocol/lib/Search_Protocol/SearchNode" to ""
-- Installing: /home/david/drone1_ws/install/Search_Protocol/share/ament_index/resource_index/package_run_dependencies/Search_Protocol
-- Installing: /home/david/drone1_ws/install/Search_Protocol/share/ament_index/resource_index/parent_prefix_path/Search_Protocol
-- Installing: /home/david/drone1_ws/install/Search_Protocol/share/Search_Protocol/environment/ament_prefix_path.sh
-- Installing: /home/david/drone1_ws/install/Search_Protocol/share/Search_Protocol/environment/ament_prefix_path.dsv
-- Installing: /home/david/drone1_ws/install/Search_Protocol/share/Search_Protocol/environment/path.sh
-- Installing: /home/david/drone1_ws/install/Search_Protocol/share/Search_Protocol/environment/path.dsv
-- Installing: /home/david/drone1_ws/install/Search_Protocol/share/Search_Protocol/local_setup.bash
-- Installing: /home/david/drone1_ws/install/Search_Protocol/share/Search_Protocol/local_setup.sh
-- Installing: /home/david/drone1_ws/install/Search_Protocol/share/Search_Protocol/local_setup.zsh
-- Installing: /home/david/drone1_ws/install/Search_Protocol/share/Search_Protocol/local_setup.dsv
-- Installing: /home/david/drone1_ws/install/Search_Protocol/share/Search_Protocol/package.dsv
-- Installing: /home/david/drone1_ws/install/Search_Protocol/share/ament_index/resource_index/packages/Search_Protocol
-- Installing: /home/david/drone1_ws/install/Search_Protocol/share/Search_Protocol/cmake/Search_ProtocolConfig.cmake
-- Installing: /home/david/drone1_ws/install/Search_Protocol/share/Search_Protocol/cmake/Search_ProtocolConfig-version.cmake
-- Installing: /home/david/drone1_ws/install/Search_Protocol/share/Search_Protocol/package.xml
