-- The C compiler identification is GNU 11.4.0
-- The CXX compiler identification is GNU 11.4.0
-- Detecting C compiler ABI info
-- Detecting C compiler ABI info - done
-- Check for working C compiler: /usr/bin/cc - skipped
-- Detecting C compile features
-- Detecting C compile features - done
-- Detecting CXX compiler ABI info
-- Detecting CXX compiler ABI info - done
-- Check for working CXX compiler: /usr/bin/c++ - skipped
-- Detecting CXX compile features
-- Detecting CXX compile features - done
-- Found ament_cmake_ros: 0.11.2 (/opt/ros/iron/share/ament_cmake_ros/cmake)
-- Found Python3: /usr/bin/python3.10 (found version "3.10.12") found components: Interpreter 
-- Found Python3: /usr/include/python3.10 (found version "3.10.12") found components: Development NumPy Interpreter Development.Module Development.Embed 
-- Found Boost: /usr/lib/aarch64-linux-gnu/cmake/Boost-1.74.0/BoostConfig.cmake (found version "1.74.0") found components: python310 
-- Found rclcpp: 21.0.7 (/opt/ros/iron/share/rclcpp/cmake)
-- Found rosidl_generator_c: 4.0.1 (/opt/ros/iron/share/rosidl_generator_c/cmake)
-- Found rosidl_generator_cpp: 4.0.1 (/opt/ros/iron/share/rosidl_generator_cpp/cmake)
-- Using all available rosidl_typesupport_c: rosidl_typesupport_fastrtps_c;rosidl_typesupport_introspection_c
-- Using all available rosidl_typesupport_cpp: rosidl_typesupport_fastrtps_cpp;rosidl_typesupport_introspection_cpp
-- Found rmw_implementation_cmake: 7.1.0 (/opt/ros/iron/share/rmw_implementation_cmake/cmake)
-- Found rmw_fastrtps_cpp: 7.1.4 (/opt/ros/iron/share/rmw_fastrtps_cpp/cmake)
-- Found OpenSSL: /usr/lib/aarch64-linux-gnu/libcrypto.so (found version "3.0.2")  
-- Found FastRTPS: /opt/ros/iron/include  
-- Using RMW implementation 'rmw_fastrtps_cpp' as default
-- Found sensor_msgs: 5.0.1 (/opt/ros/iron/share/sensor_msgs/cmake)
-- Performing Test COMPILER_HAS_HIDDEN_VISIBILITY
-- Performing Test COMPILER_HAS_HIDDEN_VISIBILITY - Success
-- Performing Test COMPILER_HAS_HIDDEN_INLINE_VISIBILITY
-- Performing Test COMPILER_HAS_HIDDEN_INLINE_VISIBILITY - Success
-- Performing Test COMPILER_HAS_DEPRECATED_ATTR
-- Performing Test COMPILER_HAS_DEPRECATED_ATTR - Success
-- Found ament_lint_auto: 0.14.4 (/opt/ros/iron/share/ament_lint_auto/cmake)
-- Found gtest sources under '/opt/ros/iron/src/gtest_vendor': C++ tests using 'Google Test' will be built
-- Looking for pthread.h
-- Looking for pthread.h - found
-- Performing Test CMAKE_HAVE_LIBC_PTHREAD
-- Performing Test CMAKE_HAVE_LIBC_PTHREAD - Success
-- Found Threads: TRUE  
-- Configuring done
-- Generating done
-- Build files have been written to: /home/ethan/ros2_ws/build/cv_bridge
[35m[1mConsolidate compiler generated dependencies of target gtest[0m
[35m[1mConsolidate compiler generated dependencies of target gtest_main[0m
[35m[1mConsolidate compiler generated dependencies of target cv_bridge[0m
[ 11%] Built target gtest_main
[ 22%] Built target gtest
[ 44%] Built target cv_bridge
[ 44%] Built target ament_cmake_python_copy_cv_bridge
[35m[1mConsolidate compiler generated dependencies of target cv_bridge_boost[0m
[35m[1mConsolidate compiler generated dependencies of target cv_bridge-utest[0m
[ 83%] Built target cv_bridge-utest
[100%] Built target cv_bridge_boost
running egg_info
writing cv_bridge.egg-info/PKG-INFO
writing dependency_links to cv_bridge.egg-info/dependency_links.txt
writing top-level names to cv_bridge.egg-info/top_level.txt
reading manifest file 'cv_bridge.egg-info/SOURCES.txt'
writing manifest file 'cv_bridge.egg-info/SOURCES.txt'
[100%] Built target ament_cmake_python_build_cv_bridge_egg
-- Install configuration: ""
-- Up-to-date: /home/ethan/ros2_ws/install/cv_bridge/share/cv_bridge/environment/pythonpath.sh
-- Up-to-date: /home/ethan/ros2_ws/install/cv_bridge/share/cv_bridge/environment/pythonpath.dsv
-- Up-to-date: /home/ethan/ros2_ws/install/cv_bridge/lib/python3.10/site-packages/cv_bridge-3.5.0-py3.10.egg-info
-- Installing: /home/ethan/ros2_ws/install/cv_bridge/lib/python3.10/site-packages/cv_bridge-3.5.0-py3.10.egg-info/dependency_links.txt
-- Installing: /home/ethan/ros2_ws/install/cv_bridge/lib/python3.10/site-packages/cv_bridge-3.5.0-py3.10.egg-info/PKG-INFO
-- Installing: /home/ethan/ros2_ws/install/cv_bridge/lib/python3.10/site-packages/cv_bridge-3.5.0-py3.10.egg-info/SOURCES.txt
-- Installing: /home/ethan/ros2_ws/install/cv_bridge/lib/python3.10/site-packages/cv_bridge-3.5.0-py3.10.egg-info/top_level.txt
-- Up-to-date: /home/ethan/ros2_ws/install/cv_bridge/lib/python3.10/site-packages/cv_bridge
-- Up-to-date: /home/ethan/ros2_ws/install/cv_bridge/lib/python3.10/site-packages/cv_bridge/core.py
-- Up-to-date: /home/ethan/ros2_ws/install/cv_bridge/lib/python3.10/site-packages/cv_bridge/__init__.py
Listing '/home/ethan/ros2_ws/install/cv_bridge/lib/python3.10/site-packages/cv_bridge'...
Listing '/home/ethan/ros2_ws/install/cv_bridge/lib/python3.10/site-packages/cv_bridge/boost'...
-- Up-to-date: /home/ethan/ros2_ws/install/cv_bridge/lib/libcv_bridge.so
-- Up-to-date: /home/ethan/ros2_ws/install/cv_bridge/include/cv_bridge/cv_bridge/cv_bridge_export.h
-- Up-to-date: /home/ethan/ros2_ws/install/cv_bridge/lib/python3.10/site-packages/cv_bridge/boost/cv_bridge_boost.so
-- Up-to-date: /home/ethan/ros2_ws/install/cv_bridge/include/cv_bridge
-- Up-to-date: /home/ethan/ros2_ws/install/cv_bridge/include/cv_bridge/cv_bridge
-- Up-to-date: /home/ethan/ros2_ws/install/cv_bridge/include/cv_bridge/cv_bridge/cv_mat_sensor_msgs_image_type_adapter.hpp
-- Up-to-date: /home/ethan/ros2_ws/install/cv_bridge/include/cv_bridge/cv_bridge/cv_bridge.h
-- Up-to-date: /home/ethan/ros2_ws/install/cv_bridge/include/cv_bridge/cv_bridge/visibility_control.h
-- Up-to-date: /home/ethan/ros2_ws/install/cv_bridge/include/cv_bridge/cv_bridge/rgb_colors.h
-- Up-to-date: /home/ethan/ros2_ws/install/cv_bridge/include/cv_bridge/cv_bridge/cv_bridge.hpp
-- Up-to-date: /home/ethan/ros2_ws/install/cv_bridge/include/cv_bridge/cv_bridge/rgb_colors.hpp
-- Up-to-date: /home/ethan/ros2_ws/install/cv_bridge/lib/libcv_bridge.so
-- Up-to-date: /home/ethan/ros2_ws/install/cv_bridge/share/ament_index/resource_index/package_run_dependencies/cv_bridge
-- Up-to-date: /home/ethan/ros2_ws/install/cv_bridge/share/ament_index/resource_index/parent_prefix_path/cv_bridge
-- Up-to-date: /home/ethan/ros2_ws/install/cv_bridge/share/cv_bridge/environment/ament_prefix_path.sh
-- Up-to-date: /home/ethan/ros2_ws/install/cv_bridge/share/cv_bridge/environment/ament_prefix_path.dsv
-- Up-to-date: /home/ethan/ros2_ws/install/cv_bridge/share/cv_bridge/environment/path.sh
-- Up-to-date: /home/ethan/ros2_ws/install/cv_bridge/share/cv_bridge/environment/path.dsv
-- Up-to-date: /home/ethan/ros2_ws/install/cv_bridge/share/cv_bridge/local_setup.bash
-- Up-to-date: /home/ethan/ros2_ws/install/cv_bridge/share/cv_bridge/local_setup.sh
-- Up-to-date: /home/ethan/ros2_ws/install/cv_bridge/share/cv_bridge/local_setup.zsh
-- Up-to-date: /home/ethan/ros2_ws/install/cv_bridge/share/cv_bridge/local_setup.dsv
-- Installing: /home/ethan/ros2_ws/install/cv_bridge/share/cv_bridge/package.dsv
-- Up-to-date: /home/ethan/ros2_ws/install/cv_bridge/share/ament_index/resource_index/packages/cv_bridge
-- Up-to-date: /home/ethan/ros2_ws/install/cv_bridge/share/cv_bridge/cmake/export_cv_bridgeExport.cmake
-- Up-to-date: /home/ethan/ros2_ws/install/cv_bridge/share/cv_bridge/cmake/export_cv_bridgeExport-noconfig.cmake
-- Up-to-date: /home/ethan/ros2_ws/install/cv_bridge/share/cv_bridge/cmake/cv_bridge-extras.cmake
-- Up-to-date: /home/ethan/ros2_ws/install/cv_bridge/share/cv_bridge/cmake/ament_cmake_export_dependencies-extras.cmake
-- Up-to-date: /home/ethan/ros2_ws/install/cv_bridge/share/cv_bridge/cmake/ament_cmake_export_targets-extras.cmake
-- Up-to-date: /home/ethan/ros2_ws/install/cv_bridge/share/cv_bridge/cmake/cv_bridgeConfig.cmake
-- Up-to-date: /home/ethan/ros2_ws/install/cv_bridge/share/cv_bridge/cmake/cv_bridgeConfig-version.cmake
-- Up-to-date: /home/ethan/ros2_ws/install/cv_bridge/share/cv_bridge/package.xml
