[0.025s] Invoking command in '/home/ethan/ros2_ws/build/my_opencv_demo': CMAKE_PREFIX_PATH=${CMAKE_PREFIX_PATH}:/opt/ros/iron /usr/bin/cmake --build /home/ethan/ros2_ws/build/my_opencv_demo -- -j6 -l6
[0.089s] -- Found ament_cmake: 2.0.6 (/opt/ros/iron/share/ament_cmake/cmake)
[0.490s] -- Found rclcpp: 21.0.7 (/opt/ros/iron/share/rclcpp/cmake)
[0.608s] -- Found rosidl_generator_c: 4.0.1 (/opt/ros/iron/share/rosidl_generator_c/cmake)
[0.637s] -- Found rosidl_generator_cpp: 4.0.1 (/opt/ros/iron/share/rosidl_generator_cpp/cmake)
[0.681s] -- Using all available rosidl_typesupport_c: rosidl_typesupport_fastrtps_c;rosidl_typesupport_introspection_c
[0.737s] -- Using all available rosidl_typesupport_cpp: rosidl_typesupport_fastrtps_cpp;rosidl_typesupport_introspection_cpp
[1.083s] -- Found rmw_implementation_cmake: 7.1.0 (/opt/ros/iron/share/rmw_implementation_cmake/cmake)
[1.089s] -- Found rmw_fastrtps_cpp: 7.1.4 (/opt/ros/iron/share/rmw_fastrtps_cpp/cmake)
[1.343s] -- Using RMW implementation 'rmw_fastrtps_cpp' as default
[1.688s] -- Found std_msgs: 5.0.1 (/opt/ros/iron/share/std_msgs/cmake)
[1.756s] -- Found sensor_msgs: 5.0.1 (/opt/ros/iron/share/sensor_msgs/cmake)
[2.037s] -- Found cv_bridge: 3.5.0 (/opt/ros/iron/share/cv_bridge/cmake)
[2.068s] -- Found image_transport: 4.2.4 (/opt/ros/iron/share/image_transport/cmake)
[2.166s] [31mCMake Error at CMakeLists.txt:16 (find_package):
[2.166s]   By not providing "FindAruco.cmake" in CMAKE_MODULE_PATH this project has
[2.166s]   asked CMake to find a package configuration file provided by "Aruco", but
[2.166s]   CMake did not find one.
[2.166s] 
[2.167s]   Could not find a package configuration file provided by "Aruco" with any of
[2.167s]   the following names:
[2.167s] 
[2.167s]     ArucoConfig.cmake
[2.167s]     aruco-config.cmake
[2.167s] 
[2.167s]   Add the installation prefix of "Aruco" to CMAKE_PREFIX_PATH or set
[2.167s]   "Aruco_DIR" to a directory containing one of the above files.  If "Aruco"
[2.167s]   provides a separate development package or SDK, be sure it has been
[2.168s]   installed.
[2.168s] 
[2.168s] [0m
[2.168s] -- Configuring incomplete, errors occurred!
[2.168s] See also "/home/ethan/ros2_ws/build/my_opencv_demo/CMakeFiles/CMakeOutput.log".
[2.184s] gmake: *** [Makefile:308: cmake_check_build_system] Error 1
[2.190s] Invoked command in '/home/ethan/ros2_ws/build/my_opencv_demo' returned '2': CMAKE_PREFIX_PATH=${CMAKE_PREFIX_PATH}:/opt/ros/iron /usr/bin/cmake --build /home/ethan/ros2_ws/build/my_opencv_demo -- -j6 -l6
