[0.024s] Invoking command in '/home/david/drone1_ws/build/Aruco_Detect': CMAKE_PREFIX_PATH=/opt/ros/humble /usr/bin/cmake --build /home/david/drone1_ws/build/Aruco_Detect -- -j8 -l8
[0.078s] [35m[1mConsolidate compiler generated dependencies of target ArucoNode[0m
[0.103s] [100%] Built target ArucoNode
[0.118s] Invoked command in '/home/david/drone1_ws/build/Aruco_Detect' returned '0': CMAKE_PREFIX_PATH=/opt/ros/humble /usr/bin/cmake --build /home/david/drone1_ws/build/Aruco_Detect -- -j8 -l8
[0.131s] Invoking command in '/home/david/drone1_ws/build/Aruco_Detect': CMAKE_PREFIX_PATH=/opt/ros/humble /usr/bin/cmake --install /home/david/drone1_ws/build/Aruco_Detect
[0.142s] -- Install configuration: ""
[0.142s] -- Installing: /home/david/drone1_ws/install/Aruco_Detect/lib/Aruco_Detect/ArucoNode
[0.142s] -- Set runtime path of "/home/david/drone1_ws/install/Aruco_Detect/lib/Aruco_Detect/ArucoNode" to ""
[0.143s] -- Installing: /home/david/drone1_ws/install/Aruco_Detect/share/ament_index/resource_index/package_run_dependencies/Aruco_Detect
[0.147s] -- Installing: /home/david/drone1_ws/install/Aruco_Detect/share/ament_index/resource_index/parent_prefix_path/Aruco_Detect
[0.147s] -- Installing: /home/david/drone1_ws/install/Aruco_Detect/share/Aruco_Detect/environment/ament_prefix_path.sh
[0.147s] -- Installing: /home/david/drone1_ws/install/Aruco_Detect/share/Aruco_Detect/environment/ament_prefix_path.dsv
[0.147s] -- Installing: /home/david/drone1_ws/install/Aruco_Detect/share/Aruco_Detect/environment/path.sh
[0.147s] -- Installing: /home/david/drone1_ws/install/Aruco_Detect/share/Aruco_Detect/environment/path.dsv
[0.148s] -- Installing: /home/david/drone1_ws/install/Aruco_Detect/share/Aruco_Detect/local_setup.bash
[0.148s] -- Installing: /home/david/drone1_ws/install/Aruco_Detect/share/Aruco_Detect/local_setup.sh
[0.148s] -- Installing: /home/david/drone1_ws/install/Aruco_Detect/share/Aruco_Detect/local_setup.zsh
[0.148s] -- Installing: /home/david/drone1_ws/install/Aruco_Detect/share/Aruco_Detect/local_setup.dsv
[0.148s] -- Installing: /home/david/drone1_ws/install/Aruco_Detect/share/Aruco_Detect/package.dsv
[0.148s] -- Installing: /home/david/drone1_ws/install/Aruco_Detect/share/ament_index/resource_index/packages/Aruco_Detect
[0.149s] -- Installing: /home/david/drone1_ws/install/Aruco_Detect/share/Aruco_Detect/cmake/Aruco_DetectConfig.cmake
[0.149s] -- Installing: /home/david/drone1_ws/install/Aruco_Detect/share/Aruco_Detect/cmake/Aruco_DetectConfig-version.cmake
[0.149s] -- Installing: /home/david/drone1_ws/install/Aruco_Detect/share/Aruco_Detect/package.xml
[0.156s] Invoked command in '/home/david/drone1_ws/build/Aruco_Detect' returned '0': CMAKE_PREFIX_PATH=/opt/ros/humble /usr/bin/cmake --install /home/david/drone1_ws/build/Aruco_Detect
