[0.022s] Invoking command in '/home/david/drone1_ws/build/Gimbal_Driver': CMAKE_PREFIX_PATH=/opt/ros/humble /usr/bin/cmake --build /home/david/drone1_ws/build/Gimbal_Driver -- -j8 -l8
[0.057s] -- Found ament_cmake: 1.3.11 (/opt/ros/humble/share/ament_cmake/cmake)
[0.221s] -- Found rclcpp: 16.0.11 (/opt/ros/humble/share/rclcpp/cmake)
[0.255s] -- Found rosidl_generator_c: 3.1.6 (/opt/ros/humble/share/rosidl_generator_c/cmake)
[0.257s] -- Found rosidl_adapter: 3.1.6 (/opt/ros/humble/share/rosidl_adapter/cmake)
[0.263s] -- Found rosidl_generator_cpp: 3.1.6 (/opt/ros/humble/share/rosidl_generator_cpp/cmake)
[0.273s] -- Using all available rosidl_typesupport_c: rosidl_typesupport_fastrtps_c;rosidl_typesupport_introspection_c
[0.285s] -- Using all available rosidl_typesupport_cpp: rosidl_typesupport_fastrtps_cpp;rosidl_typesupport_introspection_cpp
[0.318s] -- Found rmw_implementation_cmake: 6.1.2 (/opt/ros/humble/share/rmw_implementation_cmake/cmake)
[0.319s] -- Found rmw_fastrtps_cpp: 6.2.7 (/opt/ros/humble/share/rmw_fastrtps_cpp/cmake)
[0.432s] -- Using RMW implementation 'rmw_fastrtps_cpp' as default
[0.496s] -- Found ament_lint_auto: 0.12.11 (/opt/ros/humble/share/ament_lint_auto/cmake)
[0.554s] WARNING: Package name "Gimbal_Driver" does not follow the naming conventions. It should start with a lower case letter and only contain lower case letters, digits, underscores, and dashes.
[0.572s] -- Added test 'cppcheck' to perform static code analysis on C / C++ code
[0.572s] -- Configured cppcheck include dirs: 
[0.572s] -- Configured cppcheck exclude dirs and/or files: 
[0.573s] -- Added test 'lint_cmake' to check CMake code style
[0.574s] -- Added test 'uncrustify' to check C / C++ code style
[0.574s] -- Configured uncrustify additional arguments: 
[0.574s] -- Added test 'xmllint' to check XML markup files
[0.575s] -- Configuring done
[0.584s] -- Generating done
[0.589s] -- Build files have been written to: /home/david/drone1_ws/build/Gimbal_Driver
[0.617s] [35m[1mConsolidate compiler generated dependencies of target GimbalNode[0m
[0.639s] [100%] Built target GimbalNode
[0.651s] Invoked command in '/home/david/drone1_ws/build/Gimbal_Driver' returned '0': CMAKE_PREFIX_PATH=/opt/ros/humble /usr/bin/cmake --build /home/david/drone1_ws/build/Gimbal_Driver -- -j8 -l8
[0.653s] Invoking command in '/home/david/drone1_ws/build/Gimbal_Driver': CMAKE_PREFIX_PATH=/opt/ros/humble /usr/bin/cmake --install /home/david/drone1_ws/build/Gimbal_Driver
[0.661s] -- Install configuration: ""
[0.661s] -- Up-to-date: /home/david/drone1_ws/install/Gimbal_Driver/lib/Gimbal_Driver/GimbalNode
[0.661s] -- Up-to-date: /home/david/drone1_ws/install/Gimbal_Driver/share/ament_index/resource_index/package_run_dependencies/Gimbal_Driver
[0.661s] -- Up-to-date: /home/david/drone1_ws/install/Gimbal_Driver/share/ament_index/resource_index/parent_prefix_path/Gimbal_Driver
[0.661s] -- Up-to-date: /home/david/drone1_ws/install/Gimbal_Driver/share/Gimbal_Driver/environment/ament_prefix_path.sh
[0.661s] -- Installing: /home/david/drone1_ws/install/Gimbal_Driver/share/Gimbal_Driver/environment/ament_prefix_path.dsv
[0.662s] -- Up-to-date: /home/david/drone1_ws/install/Gimbal_Driver/share/Gimbal_Driver/environment/path.sh
[0.662s] -- Installing: /home/david/drone1_ws/install/Gimbal_Driver/share/Gimbal_Driver/environment/path.dsv
[0.662s] -- Up-to-date: /home/david/drone1_ws/install/Gimbal_Driver/share/Gimbal_Driver/local_setup.bash
[0.662s] -- Up-to-date: /home/david/drone1_ws/install/Gimbal_Driver/share/Gimbal_Driver/local_setup.sh
[0.662s] -- Up-to-date: /home/david/drone1_ws/install/Gimbal_Driver/share/Gimbal_Driver/local_setup.zsh
[0.662s] -- Installing: /home/david/drone1_ws/install/Gimbal_Driver/share/Gimbal_Driver/local_setup.dsv
[0.662s] -- Installing: /home/david/drone1_ws/install/Gimbal_Driver/share/Gimbal_Driver/package.dsv
[0.662s] -- Up-to-date: /home/david/drone1_ws/install/Gimbal_Driver/share/ament_index/resource_index/packages/Gimbal_Driver
[0.662s] -- Up-to-date: /home/david/drone1_ws/install/Gimbal_Driver/share/Gimbal_Driver/cmake/Gimbal_DriverConfig.cmake
[0.663s] -- Up-to-date: /home/david/drone1_ws/install/Gimbal_Driver/share/Gimbal_Driver/cmake/Gimbal_DriverConfig-version.cmake
[0.663s] -- Up-to-date: /home/david/drone1_ws/install/Gimbal_Driver/share/Gimbal_Driver/package.xml
[0.665s] Invoked command in '/home/david/drone1_ws/build/Gimbal_Driver' returned '0': CMAKE_PREFIX_PATH=/opt/ros/humble /usr/bin/cmake --install /home/david/drone1_ws/build/Gimbal_Driver
