[0.029s] Invoking command in '/home/ethan/ros2_ws/build/my_opencv_demo': CMAKE_PREFIX_PATH=/home/ethan/ros2_ws/install/cv_bridge:/home/ethan/ros2_ws/install/vision_opencv:/home/ethan/ros2_ws/install/my_opencv_demo:/home/ethan/ros2_ws/install/image_geometry:/home/ethan/ros2_ws/install/opencv_tests:/opt/ros/iron LD_LIBRARY_PATH=/home/ethan/ros2_ws/install/cv_bridge/lib:/home/ethan/ros2_ws/install/image_geometry/lib:/opt/ros/iron/opt/rviz_ogre_vendor/lib:/opt/ros/iron/lib/aarch64-linux-gnu:/opt/ros/iron/lib PYTHONPATH=/home/ethan/ros2_ws/install/cv_bridge/lib/python3.10/site-packages:/home/ethan/ros2_ws/install/opencv_tests/lib/python3.10/site-packages:/home/ethan/ros2_ws/install/image_geometry/lib/python3.10/site-packages:/opt/ros/iron/lib/python3.10/site-packages /usr/bin/cmake --build /home/ethan/ros2_ws/build/my_opencv_demo -- -j6 -l6
[0.132s] [35m[1mConsolidate compiler generated dependencies of target minimal_opencv_ros2_subscriber[0m
[0.165s] [ 50%] Built target minimal_opencv_ros2_node
[0.181s] [ 75%] [32mBuilding CXX object CMakeFiles/minimal_opencv_ros2_subscriber.dir/src/minimal_opencv_ros2_subscriber.cpp.o[0m
[23.694s] [100%] [32m[1mLinking CXX executable minimal_opencv_ros2_subscriber[0m
[24.918s] [100%] Built target minimal_opencv_ros2_subscriber
[24.951s] Invoked command in '/home/ethan/ros2_ws/build/my_opencv_demo' returned '0': CMAKE_PREFIX_PATH=/home/ethan/ros2_ws/install/cv_bridge:/home/ethan/ros2_ws/install/vision_opencv:/home/ethan/ros2_ws/install/my_opencv_demo:/home/ethan/ros2_ws/install/image_geometry:/home/ethan/ros2_ws/install/opencv_tests:/opt/ros/iron LD_LIBRARY_PATH=/home/ethan/ros2_ws/install/cv_bridge/lib:/home/ethan/ros2_ws/install/image_geometry/lib:/opt/ros/iron/opt/rviz_ogre_vendor/lib:/opt/ros/iron/lib/aarch64-linux-gnu:/opt/ros/iron/lib PYTHONPATH=/home/ethan/ros2_ws/install/cv_bridge/lib/python3.10/site-packages:/home/ethan/ros2_ws/install/opencv_tests/lib/python3.10/site-packages:/home/ethan/ros2_ws/install/image_geometry/lib/python3.10/site-packages:/opt/ros/iron/lib/python3.10/site-packages /usr/bin/cmake --build /home/ethan/ros2_ws/build/my_opencv_demo -- -j6 -l6
[25.038s] Invoking command in '/home/ethan/ros2_ws/build/my_opencv_demo': CMAKE_PREFIX_PATH=/home/ethan/ros2_ws/install/cv_bridge:/home/ethan/ros2_ws/install/vision_opencv:/home/ethan/ros2_ws/install/my_opencv_demo:/home/ethan/ros2_ws/install/image_geometry:/home/ethan/ros2_ws/install/opencv_tests:/opt/ros/iron LD_LIBRARY_PATH=/home/ethan/ros2_ws/install/cv_bridge/lib:/home/ethan/ros2_ws/install/image_geometry/lib:/opt/ros/iron/opt/rviz_ogre_vendor/lib:/opt/ros/iron/lib/aarch64-linux-gnu:/opt/ros/iron/lib PYTHONPATH=/home/ethan/ros2_ws/install/cv_bridge/lib/python3.10/site-packages:/home/ethan/ros2_ws/install/opencv_tests/lib/python3.10/site-packages:/home/ethan/ros2_ws/install/image_geometry/lib/python3.10/site-packages:/opt/ros/iron/lib/python3.10/site-packages /usr/bin/cmake --install /home/ethan/ros2_ws/build/my_opencv_demo
[25.060s] -- Install configuration: ""
[25.060s] -- Up-to-date: /home/ethan/ros2_ws/install/my_opencv_demo/lib/my_opencv_demo/minimal_opencv_ros2_node
[25.061s] -- Installing: /home/ethan/ros2_ws/install/my_opencv_demo/lib/my_opencv_demo/minimal_opencv_ros2_subscriber
[25.080s] -- Set runtime path of "/home/ethan/ros2_ws/install/my_opencv_demo/lib/my_opencv_demo/minimal_opencv_ros2_subscriber" to ""
[25.080s] -- Up-to-date: /home/ethan/ros2_ws/install/my_opencv_demo/share/ament_index/resource_index/package_run_dependencies/my_opencv_demo
[25.081s] -- Up-to-date: /home/ethan/ros2_ws/install/my_opencv_demo/share/ament_index/resource_index/parent_prefix_path/my_opencv_demo
[25.081s] -- Up-to-date: /home/ethan/ros2_ws/install/my_opencv_demo/share/my_opencv_demo/environment/ament_prefix_path.sh
[25.081s] -- Up-to-date: /home/ethan/ros2_ws/install/my_opencv_demo/share/my_opencv_demo/environment/ament_prefix_path.dsv
[25.082s] -- Up-to-date: /home/ethan/ros2_ws/install/my_opencv_demo/share/my_opencv_demo/environment/path.sh
[25.082s] -- Up-to-date: /home/ethan/ros2_ws/install/my_opencv_demo/share/my_opencv_demo/environment/path.dsv
[25.082s] -- Up-to-date: /home/ethan/ros2_ws/install/my_opencv_demo/share/my_opencv_demo/local_setup.bash
[25.083s] -- Up-to-date: /home/ethan/ros2_ws/install/my_opencv_demo/share/my_opencv_demo/local_setup.sh
[25.083s] -- Up-to-date: /home/ethan/ros2_ws/install/my_opencv_demo/share/my_opencv_demo/local_setup.zsh
[25.083s] -- Up-to-date: /home/ethan/ros2_ws/install/my_opencv_demo/share/my_opencv_demo/local_setup.dsv
[25.083s] -- Installing: /home/ethan/ros2_ws/install/my_opencv_demo/share/my_opencv_demo/package.dsv
[25.084s] -- Up-to-date: /home/ethan/ros2_ws/install/my_opencv_demo/share/ament_index/resource_index/packages/my_opencv_demo
[25.084s] -- Up-to-date: /home/ethan/ros2_ws/install/my_opencv_demo/share/my_opencv_demo/cmake/my_opencv_demoConfig.cmake
[25.084s] -- Up-to-date: /home/ethan/ros2_ws/install/my_opencv_demo/share/my_opencv_demo/cmake/my_opencv_demoConfig-version.cmake
[25.084s] -- Up-to-date: /home/ethan/ros2_ws/install/my_opencv_demo/share/my_opencv_demo/package.xml
[25.089s] Invoked command in '/home/ethan/ros2_ws/build/my_opencv_demo' returned '0': CMAKE_PREFIX_PATH=/home/ethan/ros2_ws/install/cv_bridge:/home/ethan/ros2_ws/install/vision_opencv:/home/ethan/ros2_ws/install/my_opencv_demo:/home/ethan/ros2_ws/install/image_geometry:/home/ethan/ros2_ws/install/opencv_tests:/opt/ros/iron LD_LIBRARY_PATH=/home/ethan/ros2_ws/install/cv_bridge/lib:/home/ethan/ros2_ws/install/image_geometry/lib:/opt/ros/iron/opt/rviz_ogre_vendor/lib:/opt/ros/iron/lib/aarch64-linux-gnu:/opt/ros/iron/lib PYTHONPATH=/home/ethan/ros2_ws/install/cv_bridge/lib/python3.10/site-packages:/home/ethan/ros2_ws/install/opencv_tests/lib/python3.10/site-packages:/home/ethan/ros2_ws/install/image_geometry/lib/python3.10/site-packages:/opt/ros/iron/lib/python3.10/site-packages /usr/bin/cmake --install /home/ethan/ros2_ws/build/my_opencv_demo
