[0.210s] DEBUG:colcon:Command line arguments: ['/usr/bin/colcon', 'build', '--packages-select', 'my_opencv_demo']
[0.210s] DEBUG:colcon:Parsed command line arguments: Namespace(log_base=None, log_level=None, verb_name='build', build_base='build', install_base='install', merge_install=False, symlink_install=False, test_result_base=None, continue_on_error=False, executor='parallel', parallel_workers=6, event_handlers=None, ignore_user_meta=False, metas=['./colcon.meta'], base_paths=['.'], packages_ignore=None, packages_ignore_regex=None, paths=None, packages_up_to=None, packages_up_to_regex=None, packages_above=None, packages_above_and_dependencies=None, packages_above_depth=None, packages_select_by_dep=None, packages_skip_by_dep=None, packages_skip_up_to=None, packages_select_build_failed=False, packages_skip_build_finished=False, packages_select_test_failures=False, packages_skip_test_passed=False, packages_select=['my_opencv_demo'], packages_skip=None, packages_select_regex=None, packages_skip_regex=None, packages_start=None, packages_end=None, allow_overriding=[], cmake_args=None, cmake_target=None, cmake_target_skip_unavailable=False, cmake_clean_cache=False, cmake_clean_first=False, cmake_force_configure=False, ament_cmake_args=None, catkin_cmake_args=None, catkin_skip_building_tests=False, mixin_files=None, mixin=None, verb_parser=<colcon_mixin.mixin.mixin_argument.MixinArgumentDecorator object at 0xffff8514d480>, verb_extension=<colcon_core.verb.build.BuildVerb object at 0xffff8529db10>, main=<bound method BuildVerb.main of <colcon_core.verb.build.BuildVerb object at 0xffff8529db10>>, mixin_verb=('build',))
[0.466s] Level 1:colcon.colcon_core.package_discovery:discover_packages(colcon_meta) check parameters
[0.466s] Level 1:colcon.colcon_core.package_discovery:discover_packages(recursive) check parameters
[0.466s] Level 1:colcon.colcon_core.package_discovery:discover_packages(ignore) check parameters
[0.466s] Level 1:colcon.colcon_core.package_discovery:discover_packages(path) check parameters
[0.466s] Level 1:colcon.colcon_core.package_discovery:discover_packages(colcon_meta) discover
[0.466s] Level 1:colcon.colcon_core.package_discovery:discover_packages(recursive) discover
[0.466s] INFO:colcon.colcon_core.package_discovery:Crawling recursively for packages in '/home/ethan/ros2_ws'
[0.467s] Level 1:colcon.colcon_core.package_identification:_identify(.) by extensions ['ignore', 'ignore_ament_install']
[0.467s] Level 1:colcon.colcon_core.package_identification:_identify(.) by extension 'ignore'
[0.467s] Level 1:colcon.colcon_core.package_identification:_identify(.) by extension 'ignore_ament_install'
[0.467s] Level 1:colcon.colcon_core.package_identification:_identify(.) by extensions ['colcon_pkg']
[0.467s] Level 1:colcon.colcon_core.package_identification:_identify(.) by extension 'colcon_pkg'
[0.467s] Level 1:colcon.colcon_core.package_identification:_identify(.) by extensions ['colcon_meta']
[0.467s] Level 1:colcon.colcon_core.package_identification:_identify(.) by extension 'colcon_meta'
[0.468s] Level 1:colcon.colcon_core.package_identification:_identify(.) by extensions ['ros']
[0.468s] Level 1:colcon.colcon_core.package_identification:_identify(.) by extension 'ros'
[0.490s] Level 1:colcon.colcon_core.package_identification:_identify(.) by extensions ['cmake', 'python']
[0.490s] Level 1:colcon.colcon_core.package_identification:_identify(.) by extension 'cmake'
[0.490s] Level 1:colcon.colcon_core.package_identification:_identify(.) by extension 'python'
[0.490s] Level 1:colcon.colcon_core.package_identification:_identify(.) by extensions ['python_setup_py']
[0.490s] Level 1:colcon.colcon_core.package_identification:_identify(.) by extension 'python_setup_py'
[0.490s] Level 1:colcon.colcon_core.package_identification:_identify(build) by extensions ['ignore', 'ignore_ament_install']
[0.491s] Level 1:colcon.colcon_core.package_identification:_identify(build) by extension 'ignore'
[0.491s] Level 1:colcon.colcon_core.package_identification:_identify(build) ignored
[0.491s] Level 1:colcon.colcon_core.package_identification:_identify(install) by extensions ['ignore', 'ignore_ament_install']
[0.491s] Level 1:colcon.colcon_core.package_identification:_identify(install) by extension 'ignore'
[0.491s] Level 1:colcon.colcon_core.package_identification:_identify(install) ignored
[0.492s] Level 1:colcon.colcon_core.package_identification:_identify(log) by extensions ['ignore', 'ignore_ament_install']
[0.492s] Level 1:colcon.colcon_core.package_identification:_identify(log) by extension 'ignore'
[0.492s] Level 1:colcon.colcon_core.package_identification:_identify(log) ignored
[0.492s] Level 1:colcon.colcon_core.package_identification:_identify(src) by extensions ['ignore', 'ignore_ament_install']
[0.492s] Level 1:colcon.colcon_core.package_identification:_identify(src) by extension 'ignore'
[0.492s] Level 1:colcon.colcon_core.package_identification:_identify(src) by extension 'ignore_ament_install'
[0.493s] Level 1:colcon.colcon_core.package_identification:_identify(src) by extensions ['colcon_pkg']
[0.493s] Level 1:colcon.colcon_core.package_identification:_identify(src) by extension 'colcon_pkg'
[0.493s] Level 1:colcon.colcon_core.package_identification:_identify(src) by extensions ['colcon_meta']
[0.493s] Level 1:colcon.colcon_core.package_identification:_identify(src) by extension 'colcon_meta'
[0.493s] Level 1:colcon.colcon_core.package_identification:_identify(src) by extensions ['ros']
[0.493s] Level 1:colcon.colcon_core.package_identification:_identify(src) by extension 'ros'
[0.493s] Level 1:colcon.colcon_core.package_identification:_identify(src) by extensions ['cmake', 'python']
[0.493s] Level 1:colcon.colcon_core.package_identification:_identify(src) by extension 'cmake'
[0.493s] Level 1:colcon.colcon_core.package_identification:_identify(src) by extension 'python'
[0.493s] Level 1:colcon.colcon_core.package_identification:_identify(src) by extensions ['python_setup_py']
[0.493s] Level 1:colcon.colcon_core.package_identification:_identify(src) by extension 'python_setup_py'
[0.494s] Level 1:colcon.colcon_core.package_identification:_identify(src/my_opencv_demo) by extensions ['ignore', 'ignore_ament_install']
[0.494s] Level 1:colcon.colcon_core.package_identification:_identify(src/my_opencv_demo) by extension 'ignore'
[0.494s] Level 1:colcon.colcon_core.package_identification:_identify(src/my_opencv_demo) by extension 'ignore_ament_install'
[0.494s] Level 1:colcon.colcon_core.package_identification:_identify(src/my_opencv_demo) by extensions ['colcon_pkg']
[0.494s] Level 1:colcon.colcon_core.package_identification:_identify(src/my_opencv_demo) by extension 'colcon_pkg'
[0.494s] Level 1:colcon.colcon_core.package_identification:_identify(src/my_opencv_demo) by extensions ['colcon_meta']
[0.494s] Level 1:colcon.colcon_core.package_identification:_identify(src/my_opencv_demo) by extension 'colcon_meta'
[0.494s] Level 1:colcon.colcon_core.package_identification:_identify(src/my_opencv_demo) by extensions ['ros']
[0.494s] Level 1:colcon.colcon_core.package_identification:_identify(src/my_opencv_demo) by extension 'ros'
[0.500s] DEBUG:colcon.colcon_core.package_identification:Package 'src/my_opencv_demo' with type 'ros.ament_cmake' and name 'my_opencv_demo'
[0.500s] Level 1:colcon.colcon_core.package_discovery:discover_packages(recursive) using defaults
[0.500s] Level 1:colcon.colcon_core.package_discovery:discover_packages(ignore) discover
[0.500s] Level 1:colcon.colcon_core.package_discovery:discover_packages(ignore) using defaults
[0.500s] Level 1:colcon.colcon_core.package_discovery:discover_packages(path) discover
[0.500s] Level 1:colcon.colcon_core.package_discovery:discover_packages(path) using defaults
[0.541s] Level 1:colcon.colcon_core.package_discovery:discover_packages(prefix_path) check parameters
[0.541s] Level 1:colcon.colcon_core.package_discovery:discover_packages(prefix_path) discover
[0.543s] Level 1:colcon.colcon_core.package_discovery:discover_packages(prefix_path) using defaults
[0.545s] Level 5:colcon.colcon_core.verb:set package 'my_opencv_demo' build argument 'cmake_args' from command line to 'None'
[0.545s] Level 5:colcon.colcon_core.verb:set package 'my_opencv_demo' build argument 'cmake_target' from command line to 'None'
[0.545s] Level 5:colcon.colcon_core.verb:set package 'my_opencv_demo' build argument 'cmake_target_skip_unavailable' from command line to 'False'
[0.545s] Level 5:colcon.colcon_core.verb:set package 'my_opencv_demo' build argument 'cmake_clean_cache' from command line to 'False'
[0.545s] Level 5:colcon.colcon_core.verb:set package 'my_opencv_demo' build argument 'cmake_clean_first' from command line to 'False'
[0.545s] Level 5:colcon.colcon_core.verb:set package 'my_opencv_demo' build argument 'cmake_force_configure' from command line to 'False'
[0.545s] Level 5:colcon.colcon_core.verb:set package 'my_opencv_demo' build argument 'ament_cmake_args' from command line to 'None'
[0.545s] Level 5:colcon.colcon_core.verb:set package 'my_opencv_demo' build argument 'catkin_cmake_args' from command line to 'None'
[0.545s] Level 5:colcon.colcon_core.verb:set package 'my_opencv_demo' build argument 'catkin_skip_building_tests' from command line to 'False'
[0.545s] DEBUG:colcon.colcon_core.verb:Building package 'my_opencv_demo' with the following arguments: {'ament_cmake_args': None, 'build_base': '/home/ethan/ros2_ws/build/my_opencv_demo', 'catkin_cmake_args': None, 'catkin_skip_building_tests': False, 'cmake_args': None, 'cmake_clean_cache': False, 'cmake_clean_first': False, 'cmake_force_configure': False, 'cmake_target': None, 'cmake_target_skip_unavailable': False, 'install_base': '/home/ethan/ros2_ws/install/my_opencv_demo', 'merge_install': False, 'path': '/home/ethan/ros2_ws/src/my_opencv_demo', 'symlink_install': False, 'test_result_base': None}
[0.546s] INFO:colcon.colcon_core.executor:Executing jobs using 'parallel' executor
[0.548s] DEBUG:colcon.colcon_parallel_executor.executor.parallel:run_until_complete
[0.549s] INFO:colcon.colcon_ros.task.ament_cmake.build:Building ROS package in '/home/ethan/ros2_ws/src/my_opencv_demo' with build type 'ament_cmake'
[0.549s] INFO:colcon.colcon_cmake.task.cmake.build:Building CMake package in '/home/ethan/ros2_ws/src/my_opencv_demo'
[0.553s] INFO:colcon.colcon_core.plugin_system:Skipping extension 'colcon_core.shell.bat': Not used on non-Windows systems
[0.553s] INFO:colcon.colcon_core.shell:Skip shell extension 'powershell' for command environment: Not usable outside of PowerShell
[0.554s] DEBUG:colcon.colcon_core.shell:Skip shell extension 'dsv' for command environment
[0.568s] DEBUG:colcon.colcon_core.event_handler.log_command:Invoking command in '/home/ethan/ros2_ws/build/my_opencv_demo': /usr/bin/cmake --build /home/ethan/ros2_ws/build/my_opencv_demo -- -j6 -l6
[19.220s] DEBUG:colcon.colcon_core.event_handler.log_command:Invoked command in '/home/ethan/ros2_ws/build/my_opencv_demo' returned '0': /usr/bin/cmake --build /home/ethan/ros2_ws/build/my_opencv_demo -- -j6 -l6
[19.291s] DEBUG:colcon.colcon_core.event_handler.log_command:Invoking command in '/home/ethan/ros2_ws/build/my_opencv_demo': /usr/bin/cmake --install /home/ethan/ros2_ws/build/my_opencv_demo
[19.320s] Level 1:colcon.colcon_core.environment:create_environment_scripts_only(my_opencv_demo)
[19.322s] DEBUG:colcon.colcon_core.event_handler.log_command:Invoked command in '/home/ethan/ros2_ws/build/my_opencv_demo' returned '0': /usr/bin/cmake --install /home/ethan/ros2_ws/build/my_opencv_demo
[19.329s] Level 1:colcon.colcon_core.environment:checking '/home/ethan/ros2_ws/install/my_opencv_demo' for CMake module files
[19.331s] Level 1:colcon.colcon_core.environment:checking '/home/ethan/ros2_ws/install/my_opencv_demo' for CMake config files
[19.332s] Level 1:colcon.colcon_core.shell:create_environment_hook('my_opencv_demo', 'cmake_prefix_path')
[19.333s] INFO:colcon.colcon_core.shell:Creating environment hook '/home/ethan/ros2_ws/install/my_opencv_demo/share/my_opencv_demo/hook/cmake_prefix_path.ps1'
[19.335s] INFO:colcon.colcon_core.shell:Creating environment descriptor '/home/ethan/ros2_ws/install/my_opencv_demo/share/my_opencv_demo/hook/cmake_prefix_path.dsv'
[19.336s] INFO:colcon.colcon_core.shell:Creating environment hook '/home/ethan/ros2_ws/install/my_opencv_demo/share/my_opencv_demo/hook/cmake_prefix_path.sh'
[19.338s] Level 1:colcon.colcon_core.environment:checking '/home/ethan/ros2_ws/install/my_opencv_demo/lib'
[19.338s] Level 1:colcon.colcon_core.environment:checking '/home/ethan/ros2_ws/install/my_opencv_demo/bin'
[19.338s] Level 1:colcon.colcon_core.environment:checking '/home/ethan/ros2_ws/install/my_opencv_demo/lib/pkgconfig/my_opencv_demo.pc'
[19.343s] Level 1:colcon.colcon_core.environment:checking '/home/ethan/ros2_ws/install/my_opencv_demo/lib/python3.10/site-packages'
[19.344s] Level 1:colcon.colcon_core.environment:checking '/home/ethan/ros2_ws/install/my_opencv_demo/bin'
[19.346s] INFO:colcon.colcon_core.shell:Creating package script '/home/ethan/ros2_ws/install/my_opencv_demo/share/my_opencv_demo/package.ps1'
[19.348s] INFO:colcon.colcon_core.shell:Creating package descriptor '/home/ethan/ros2_ws/install/my_opencv_demo/share/my_opencv_demo/package.dsv'
[19.350s] INFO:colcon.colcon_core.shell:Creating package script '/home/ethan/ros2_ws/install/my_opencv_demo/share/my_opencv_demo/package.sh'
[19.351s] INFO:colcon.colcon_core.shell:Creating package script '/home/ethan/ros2_ws/install/my_opencv_demo/share/my_opencv_demo/package.bash'
[19.353s] INFO:colcon.colcon_core.shell:Creating package script '/home/ethan/ros2_ws/install/my_opencv_demo/share/my_opencv_demo/package.zsh'
[19.354s] Level 1:colcon.colcon_core.environment:create_file_with_runtime_dependencies(/home/ethan/ros2_ws/install/my_opencv_demo/share/colcon-core/packages/my_opencv_demo)
[19.398s] Level 1:colcon.colcon_core.environment:create_environment_scripts_only(my_opencv_demo)
[19.398s] Level 1:colcon.colcon_core.environment:checking '/home/ethan/ros2_ws/install/my_opencv_demo' for CMake module files
[19.399s] Level 1:colcon.colcon_core.environment:checking '/home/ethan/ros2_ws/install/my_opencv_demo' for CMake config files
[19.400s] Level 1:colcon.colcon_core.shell:create_environment_hook('my_opencv_demo', 'cmake_prefix_path')
[19.400s] INFO:colcon.colcon_core.shell:Creating environment hook '/home/ethan/ros2_ws/install/my_opencv_demo/share/my_opencv_demo/hook/cmake_prefix_path.ps1'
[19.402s] INFO:colcon.colcon_core.shell:Creating environment descriptor '/home/ethan/ros2_ws/install/my_opencv_demo/share/my_opencv_demo/hook/cmake_prefix_path.dsv'
[19.403s] INFO:colcon.colcon_core.shell:Creating environment hook '/home/ethan/ros2_ws/install/my_opencv_demo/share/my_opencv_demo/hook/cmake_prefix_path.sh'
[19.404s] Level 1:colcon.colcon_core.environment:checking '/home/ethan/ros2_ws/install/my_opencv_demo/lib'
[19.404s] Level 1:colcon.colcon_core.environment:checking '/home/ethan/ros2_ws/install/my_opencv_demo/bin'
[19.404s] Level 1:colcon.colcon_core.environment:checking '/home/ethan/ros2_ws/install/my_opencv_demo/lib/pkgconfig/my_opencv_demo.pc'
[19.405s] Level 1:colcon.colcon_core.environment:checking '/home/ethan/ros2_ws/install/my_opencv_demo/lib/python3.10/site-packages'
[19.406s] Level 1:colcon.colcon_core.environment:checking '/home/ethan/ros2_ws/install/my_opencv_demo/bin'
[19.407s] INFO:colcon.colcon_core.shell:Creating package script '/home/ethan/ros2_ws/install/my_opencv_demo/share/my_opencv_demo/package.ps1'
[19.409s] INFO:colcon.colcon_core.shell:Creating package descriptor '/home/ethan/ros2_ws/install/my_opencv_demo/share/my_opencv_demo/package.dsv'
[19.411s] INFO:colcon.colcon_core.shell:Creating package script '/home/ethan/ros2_ws/install/my_opencv_demo/share/my_opencv_demo/package.sh'
[19.413s] INFO:colcon.colcon_core.shell:Creating package script '/home/ethan/ros2_ws/install/my_opencv_demo/share/my_opencv_demo/package.bash'
[19.415s] INFO:colcon.colcon_core.shell:Creating package script '/home/ethan/ros2_ws/install/my_opencv_demo/share/my_opencv_demo/package.zsh'
[19.416s] Level 1:colcon.colcon_core.environment:create_file_with_runtime_dependencies(/home/ethan/ros2_ws/install/my_opencv_demo/share/colcon-core/packages/my_opencv_demo)
[19.417s] DEBUG:colcon.colcon_parallel_executor.executor.parallel:closing loop
[19.418s] DEBUG:colcon.colcon_parallel_executor.executor.parallel:loop closed
[19.418s] DEBUG:colcon.colcon_parallel_executor.executor.parallel:run_until_complete finished with '0'
[19.418s] DEBUG:colcon.colcon_core.event_reactor:joining thread
[19.433s] INFO:colcon.colcon_core.plugin_system:Skipping extension 'colcon_notification.desktop_notification.terminal_notifier': Not used on non-Darwin systems
[19.434s] INFO:colcon.colcon_core.plugin_system:Skipping extension 'colcon_notification.desktop_notification.win32': Not used on non-Windows systems
[19.434s] INFO:colcon.colcon_notification.desktop_notification:Sending desktop notification using 'notify2'
[19.474s] DEBUG:colcon.colcon_core.event_reactor:joined thread
[19.475s] INFO:colcon.colcon_core.shell:Creating prefix script '/home/ethan/ros2_ws/install/local_setup.ps1'
[19.479s] INFO:colcon.colcon_core.shell:Creating prefix util module '/home/ethan/ros2_ws/install/_local_setup_util_ps1.py'
[19.483s] INFO:colcon.colcon_core.shell:Creating prefix chain script '/home/ethan/ros2_ws/install/setup.ps1'
[19.486s] INFO:colcon.colcon_core.shell:Creating prefix script '/home/ethan/ros2_ws/install/local_setup.sh'
[19.488s] INFO:colcon.colcon_core.shell:Creating prefix util module '/home/ethan/ros2_ws/install/_local_setup_util_sh.py'
[19.490s] INFO:colcon.colcon_core.shell:Creating prefix chain script '/home/ethan/ros2_ws/install/setup.sh'
[19.492s] INFO:colcon.colcon_core.shell:Creating prefix script '/home/ethan/ros2_ws/install/local_setup.bash'
[19.494s] INFO:colcon.colcon_core.shell:Creating prefix chain script '/home/ethan/ros2_ws/install/setup.bash'
[19.497s] INFO:colcon.colcon_core.shell:Creating prefix script '/home/ethan/ros2_ws/install/local_setup.zsh'
[19.498s] INFO:colcon.colcon_core.shell:Creating prefix chain script '/home/ethan/ros2_ws/install/setup.zsh'
