[0.025s] Invoking command in '/home/david/drone1_ws/build/Offboard_Control': CMAKE_PREFIX_PATH=/opt/ros/humble /usr/bin/cmake --build /home/david/drone1_ws/build/Offboard_Control -- -j8 -l8
[0.079s] [35m[1mConsolidate compiler generated dependencies of target AutonomousNode[0m
[0.106s] [ 50%] [32mBuilding CXX object CMakeFiles/AutonomousNode.dir/src/Autonomous_Control.cpp.o[0m
[2.767s] [01m[K/home/david/drone1_ws/src/Offboard_Control/src/Autonomous_Control.cpp:[m[K In constructor ‘[01m[KOffboard::Offboard()[m[K’:
[2.767s] [01m[K/home/david/drone1_ws/src/Offboard_Control/src/Autonomous_Control.cpp:8:9:[m[K [01;31m[Kerror: [m[Kno matching function for call to ‘[01m[Krclcpp::Node::Node()[m[K’
[2.768s]     8 |         [01;31m[K{[m[K
[2.768s]       |         [01;31m[K^[m[K
[2.768s] In file included from [01m[K/opt/ros/humble/include/rclcpp/rclcpp/executors/single_threaded_executor.hpp:28[m[K,
[2.768s]                  from [01m[K/opt/ros/humble/include/rclcpp/rclcpp/executors.hpp:22[m[K,
[2.768s]                  from [01m[K/opt/ros/humble/include/rclcpp/rclcpp/rclcpp.hpp:155[m[K,
[2.768s]                  from [01m[K/home/david/drone1_ws/src/Offboard_Control/src/Autonomous_Control.cpp:1[m[K:
[2.768s] [01m[K/opt/ros/humble/include/rclcpp/rclcpp/node.hpp:1294:3:[m[K [01;36m[Knote: [m[Kcandidate: ‘[01m[Krclcpp::Node::Node(const rclcpp::Node&, const string&)[m[K’
[2.768s]  1294 |   [01;36m[KNode[m[K(
[2.769s]       |   [01;36m[K^~~~[m[K
[2.770s] [01m[K/opt/ros/humble/include/rclcpp/rclcpp/node.hpp:1294:3:[m[K [01;36m[Knote: [m[K  candidate expects 2 arguments, 0 provided
[2.771s] [01m[K/opt/ros/humble/include/rclcpp/rclcpp/node.hpp:101:12:[m[K [01;36m[Knote: [m[Kcandidate: ‘[01m[Krclcpp::Node::Node(const string&, const string&, const rclcpp::NodeOptions&)[m[K’
[2.771s]   101 |   explicit [01;36m[KNode[m[K(
[2.771s]       |            [01;36m[K^~~~[m[K
[2.771s] [01m[K/opt/ros/humble/include/rclcpp/rclcpp/node.hpp:101:12:[m[K [01;36m[Knote: [m[K  candidate expects 3 arguments, 0 provided
[2.771s] [01m[K/opt/ros/humble/include/rclcpp/rclcpp/node.hpp:89:12:[m[K [01;36m[Knote: [m[Kcandidate: ‘[01m[Krclcpp::Node::Node(const string&, const rclcpp::NodeOptions&)[m[K’
[2.771s]    89 |   explicit [01;36m[KNode[m[K(
[2.771s]       |            [01;36m[K^~~~[m[K
[2.771s] [01m[K/opt/ros/humble/include/rclcpp/rclcpp/node.hpp:89:12:[m[K [01;36m[Knote: [m[K  candidate expects 2 arguments, 0 provided
[2.772s] [01m[K/home/david/drone1_ws/src/Offboard_Control/src/Autonomous_Control.cpp:10:13:[m[K [01;31m[Kerror: [m[Kexpected ‘[01m[K;[m[K’ before ‘[01m[Ktimer[m[K’
[2.772s]    10 |             [01;31m[Ktimer[m[K = this->create_wall_timer(std::chrono::seconds(1), std::bind(&Offboard::timerCallback, this));
[2.772s]       |             [01;31m[K^~~~~[m[K
[2.782s] [01m[K/home/david/drone1_ws/src/Offboard_Control/src/Autonomous_Control.cpp:[m[K In member function ‘[01m[Kvoid Offboard::timerCallback()[m[K’:
[2.782s] [01m[K/home/david/drone1_ws/src/Offboard_Control/src/Autonomous_Control.cpp:20:9:[m[K [01;31m[Kerror: [m[Kexpected ‘[01m[K;[m[K’ before ‘[01m[K}[m[K’ token
[2.782s]    20 |         [01;31m[K}[m[K
[2.783s]       |         [01;31m[K^[m[K
[3.314s] gmake[2]: *** [CMakeFiles/AutonomousNode.dir/build.make:76: CMakeFiles/AutonomousNode.dir/src/Autonomous_Control.cpp.o] Error 1
[3.314s] gmake[1]: *** [CMakeFiles/Makefile2:137: CMakeFiles/AutonomousNode.dir/all] Error 2
[3.314s] gmake: *** [Makefile:146: all] Error 2
[3.317s] Invoked command in '/home/david/drone1_ws/build/Offboard_Control' returned '2': CMAKE_PREFIX_PATH=/opt/ros/humble /usr/bin/cmake --build /home/david/drone1_ws/build/Offboard_Control -- -j8 -l8
