[0.039s] Invoking command in '/home/david/drone1_ws/build/Uav_Ugv_Link': CMAKE_PREFIX_PATH=${CMAKE_PREFIX_PATH}:/home/david/Tst_ros2_px4_offboard/install/px4_offboard:/opt/ros/humble /usr/bin/cmake --build /home/david/drone1_ws/build/Uav_Ugv_Link -- -j8 -l8
[0.128s] [100%] Built target UgvLinkNode
[0.151s] Invoked command in '/home/david/drone1_ws/build/Uav_Ugv_Link' returned '0': CMAKE_PREFIX_PATH=${CMAKE_PREFIX_PATH}:/home/david/Tst_ros2_px4_offboard/install/px4_offboard:/opt/ros/humble /usr/bin/cmake --build /home/david/drone1_ws/build/Uav_Ugv_Link -- -j8 -l8
[0.151s] Invoking command in '/home/david/drone1_ws/build/Uav_Ugv_Link': CMAKE_PREFIX_PATH=${CMAKE_PREFIX_PATH}:/home/david/Tst_ros2_px4_offboard/install/px4_offboard:/opt/ros/humble /usr/bin/cmake --install /home/david/drone1_ws/build/Uav_Ugv_Link
[0.166s] -- Install configuration: ""
[0.167s] -- Up-to-date: /home/david/drone1_ws/install/Uav_Ugv_Link/lib/Uav_Ugv_Link/UgvLinkNode
[0.167s] -- Up-to-date: /home/david/drone1_ws/install/Uav_Ugv_Link/share/ament_index/resource_index/package_run_dependencies/Uav_Ugv_Link
[0.167s] -- Up-to-date: /home/david/drone1_ws/install/Uav_Ugv_Link/share/ament_index/resource_index/parent_prefix_path/Uav_Ugv_Link
[0.167s] -- Up-to-date: /home/david/drone1_ws/install/Uav_Ugv_Link/share/Uav_Ugv_Link/environment/ament_prefix_path.sh
[0.168s] -- Up-to-date: /home/david/drone1_ws/install/Uav_Ugv_Link/share/Uav_Ugv_Link/environment/ament_prefix_path.dsv
[0.168s] -- Up-to-date: /home/david/drone1_ws/install/Uav_Ugv_Link/share/Uav_Ugv_Link/environment/path.sh
[0.168s] -- Up-to-date: /home/david/drone1_ws/install/Uav_Ugv_Link/share/Uav_Ugv_Link/environment/path.dsv
[0.168s] -- Up-to-date: /home/david/drone1_ws/install/Uav_Ugv_Link/share/Uav_Ugv_Link/local_setup.bash
[0.168s] -- Up-to-date: /home/david/drone1_ws/install/Uav_Ugv_Link/share/Uav_Ugv_Link/local_setup.sh
[0.168s] -- Up-to-date: /home/david/drone1_ws/install/Uav_Ugv_Link/share/Uav_Ugv_Link/local_setup.zsh
[0.169s] -- Up-to-date: /home/david/drone1_ws/install/Uav_Ugv_Link/share/Uav_Ugv_Link/local_setup.dsv
[0.169s] -- Installing: /home/david/drone1_ws/install/Uav_Ugv_Link/share/Uav_Ugv_Link/package.dsv
[0.169s] -- Up-to-date: /home/david/drone1_ws/install/Uav_Ugv_Link/share/ament_index/resource_index/packages/Uav_Ugv_Link
[0.169s] -- Up-to-date: /home/david/drone1_ws/install/Uav_Ugv_Link/share/Uav_Ugv_Link/cmake/Uav_Ugv_LinkConfig.cmake
[0.169s] -- Up-to-date: /home/david/drone1_ws/install/Uav_Ugv_Link/share/Uav_Ugv_Link/cmake/Uav_Ugv_LinkConfig-version.cmake
[0.169s] -- Up-to-date: /home/david/drone1_ws/install/Uav_Ugv_Link/share/Uav_Ugv_Link/package.xml
[0.206s] Invoked command in '/home/david/drone1_ws/build/Uav_Ugv_Link' returned '0': CMAKE_PREFIX_PATH=${CMAKE_PREFIX_PATH}:/home/david/Tst_ros2_px4_offboard/install/px4_offboard:/opt/ros/humble /usr/bin/cmake --install /home/david/drone1_ws/build/Uav_Ugv_Link
