[0.025s] Invoking command in '/home/david/drone1_ws/build/Aruco_Detect': CMAKE_PREFIX_PATH=/opt/ros/humble /usr/bin/cmake --build /home/david/drone1_ws/build/Aruco_Detect -- -j8 -l8
[0.091s] [100%] Built target ArucoNode
[0.104s] Invoked command in '/home/david/drone1_ws/build/Aruco_Detect' returned '0': CMAKE_PREFIX_PATH=/opt/ros/humble /usr/bin/cmake --build /home/david/drone1_ws/build/Aruco_Detect -- -j8 -l8
[0.118s] Invoking command in '/home/david/drone1_ws/build/Aruco_Detect': CMAKE_PREFIX_PATH=/opt/ros/humble /usr/bin/cmake --install /home/david/drone1_ws/build/Aruco_Detect
[0.130s] -- Install configuration: ""
[0.130s] -- Up-to-date: /home/david/drone1_ws/install/Aruco_Detect/lib/Aruco_Detect/ArucoNode
[0.131s] -- Up-to-date: /home/david/drone1_ws/install/Aruco_Detect/share/ament_index/resource_index/package_run_dependencies/Aruco_Detect
[0.131s] -- Up-to-date: /home/david/drone1_ws/install/Aruco_Detect/share/ament_index/resource_index/parent_prefix_path/Aruco_Detect
[0.131s] -- Up-to-date: /home/david/drone1_ws/install/Aruco_Detect/share/Aruco_Detect/environment/ament_prefix_path.sh
[0.131s] -- Up-to-date: /home/david/drone1_ws/install/Aruco_Detect/share/Aruco_Detect/environment/ament_prefix_path.dsv
[0.131s] -- Up-to-date: /home/david/drone1_ws/install/Aruco_Detect/share/Aruco_Detect/environment/path.sh
[0.132s] -- Up-to-date: /home/david/drone1_ws/install/Aruco_Detect/share/Aruco_Detect/environment/path.dsv
[0.132s] -- Up-to-date: /home/david/drone1_ws/install/Aruco_Detect/share/Aruco_Detect/local_setup.bash
[0.132s] -- Up-to-date: /home/david/drone1_ws/install/Aruco_Detect/share/Aruco_Detect/local_setup.sh
[0.132s] -- Up-to-date: /home/david/drone1_ws/install/Aruco_Detect/share/Aruco_Detect/local_setup.zsh
[0.132s] -- Up-to-date: /home/david/drone1_ws/install/Aruco_Detect/share/Aruco_Detect/local_setup.dsv
[0.132s] -- Installing: /home/david/drone1_ws/install/Aruco_Detect/share/Aruco_Detect/package.dsv
[0.132s] -- Up-to-date: /home/david/drone1_ws/install/Aruco_Detect/share/ament_index/resource_index/packages/Aruco_Detect
[0.133s] -- Up-to-date: /home/david/drone1_ws/install/Aruco_Detect/share/Aruco_Detect/cmake/Aruco_DetectConfig.cmake
[0.133s] -- Up-to-date: /home/david/drone1_ws/install/Aruco_Detect/share/Aruco_Detect/cmake/Aruco_DetectConfig-version.cmake
[0.133s] -- Up-to-date: /home/david/drone1_ws/install/Aruco_Detect/share/Aruco_Detect/package.xml
[0.135s] Invoked command in '/home/david/drone1_ws/build/Aruco_Detect' returned '0': CMAKE_PREFIX_PATH=/opt/ros/humble /usr/bin/cmake --install /home/david/drone1_ws/build/Aruco_Detect
