[0.034s] Invoking command in '/home/david/drone1_ws/build/Aruco_Detect': CMAKE_PREFIX_PATH=${CMAKE_PREFIX_PATH}:/home/david/Tst_ros2_px4_offboard/install/px4_offboard:/opt/ros/humble /usr/bin/cmake --build /home/david/drone1_ws/build/Aruco_Detect -- -j8 -l8
[0.120s] [ 50%] [32mBuilding CXX object CMakeFiles/ArucoNode.dir/src/Aruco_Detection.cpp.o[0m
[3.771s] [100%] [32m[1mLinking CXX executable ArucoNode[0m
[3.914s] [100%] Built target ArucoNode
[3.935s] Invoked command in '/home/david/drone1_ws/build/Aruco_Detect' returned '0': CMAKE_PREFIX_PATH=${CMAKE_PREFIX_PATH}:/home/david/Tst_ros2_px4_offboard/install/px4_offboard:/opt/ros/humble /usr/bin/cmake --build /home/david/drone1_ws/build/Aruco_Detect -- -j8 -l8
[3.936s] Invoking command in '/home/david/drone1_ws/build/Aruco_Detect': CMAKE_PREFIX_PATH=${CMAKE_PREFIX_PATH}:/home/david/Tst_ros2_px4_offboard/install/px4_offboard:/opt/ros/humble /usr/bin/cmake --install /home/david/drone1_ws/build/Aruco_Detect
[3.941s] -- Install configuration: ""
[3.942s] -- Installing: /home/david/drone1_ws/install/Aruco_Detect/lib/Aruco_Detect/ArucoNode
[3.942s] -- Set runtime path of "/home/david/drone1_ws/install/Aruco_Detect/lib/Aruco_Detect/ArucoNode" to ""
[3.943s] -- Up-to-date: /home/david/drone1_ws/install/Aruco_Detect/share/ament_index/resource_index/package_run_dependencies/Aruco_Detect
[3.943s] -- Up-to-date: /home/david/drone1_ws/install/Aruco_Detect/share/ament_index/resource_index/parent_prefix_path/Aruco_Detect
[3.944s] -- Up-to-date: /home/david/drone1_ws/install/Aruco_Detect/share/Aruco_Detect/environment/ament_prefix_path.sh
[3.944s] -- Up-to-date: /home/david/drone1_ws/install/Aruco_Detect/share/Aruco_Detect/environment/ament_prefix_path.dsv
[3.944s] -- Up-to-date: /home/david/drone1_ws/install/Aruco_Detect/share/Aruco_Detect/environment/path.sh
[3.945s] -- Up-to-date: /home/david/drone1_ws/install/Aruco_Detect/share/Aruco_Detect/environment/path.dsv
[3.945s] -- Up-to-date: /home/david/drone1_ws/install/Aruco_Detect/share/Aruco_Detect/local_setup.bash
[3.945s] -- Up-to-date: /home/david/drone1_ws/install/Aruco_Detect/share/Aruco_Detect/local_setup.sh
[3.945s] -- Up-to-date: /home/david/drone1_ws/install/Aruco_Detect/share/Aruco_Detect/local_setup.zsh
[3.946s] -- Up-to-date: /home/david/drone1_ws/install/Aruco_Detect/share/Aruco_Detect/local_setup.dsv
[3.946s] -- Installing: /home/david/drone1_ws/install/Aruco_Detect/share/Aruco_Detect/package.dsv
[3.947s] -- Up-to-date: /home/david/drone1_ws/install/Aruco_Detect/share/ament_index/resource_index/packages/Aruco_Detect
[3.947s] -- Up-to-date: /home/david/drone1_ws/install/Aruco_Detect/share/Aruco_Detect/cmake/Aruco_DetectConfig.cmake
[3.947s] -- Up-to-date: /home/david/drone1_ws/install/Aruco_Detect/share/Aruco_Detect/cmake/Aruco_DetectConfig-version.cmake
[3.947s] -- Up-to-date: /home/david/drone1_ws/install/Aruco_Detect/share/Aruco_Detect/package.xml
[3.955s] Invoked command in '/home/david/drone1_ws/build/Aruco_Detect' returned '0': CMAKE_PREFIX_PATH=${CMAKE_PREFIX_PATH}:/home/david/Tst_ros2_px4_offboard/install/px4_offboard:/opt/ros/humble /usr/bin/cmake --install /home/david/drone1_ws/build/Aruco_Detect
