[0.041s] Invoking command in '/home/david/drone1_ws/build/Search_Protocol': CMAKE_PREFIX_PATH=${CMAKE_PREFIX_PATH}:/home/david/Tst_ros2_px4_offboard/install/px4_offboard:/opt/ros/humble /usr/bin/cmake --build /home/david/drone1_ws/build/Search_Protocol -- -j8 -l8
[0.130s] [100%] Built target SearchNode
[0.150s] Invoked command in '/home/david/drone1_ws/build/Search_Protocol' returned '0': CMAKE_PREFIX_PATH=${CMAKE_PREFIX_PATH}:/home/david/Tst_ros2_px4_offboard/install/px4_offboard:/opt/ros/humble /usr/bin/cmake --build /home/david/drone1_ws/build/Search_Protocol -- -j8 -l8
[0.151s] Invoking command in '/home/david/drone1_ws/build/Search_Protocol': CMAKE_PREFIX_PATH=${CMAKE_PREFIX_PATH}:/home/david/Tst_ros2_px4_offboard/install/px4_offboard:/opt/ros/humble /usr/bin/cmake --install /home/david/drone1_ws/build/Search_Protocol
[0.161s] -- Install configuration: ""
[0.162s] -- Up-to-date: /home/david/drone1_ws/install/Search_Protocol/lib/Search_Protocol/SearchNode
[0.163s] -- Up-to-date: /home/david/drone1_ws/install/Search_Protocol/share/ament_index/resource_index/package_run_dependencies/Search_Protocol
[0.163s] -- Up-to-date: /home/david/drone1_ws/install/Search_Protocol/share/ament_index/resource_index/parent_prefix_path/Search_Protocol
[0.164s] -- Up-to-date: /home/david/drone1_ws/install/Search_Protocol/share/Search_Protocol/environment/ament_prefix_path.sh
[0.164s] -- Up-to-date: /home/david/drone1_ws/install/Search_Protocol/share/Search_Protocol/environment/ament_prefix_path.dsv
[0.164s] -- Up-to-date: /home/david/drone1_ws/install/Search_Protocol/share/Search_Protocol/environment/path.sh
[0.164s] -- Up-to-date: /home/david/drone1_ws/install/Search_Protocol/share/Search_Protocol/environment/path.dsv
[0.165s] -- Up-to-date: /home/david/drone1_ws/install/Search_Protocol/share/Search_Protocol/local_setup.bash
[0.167s] -- Up-to-date: /home/david/drone1_ws/install/Search_Protocol/share/Search_Protocol/local_setup.sh
[0.168s] -- Up-to-date: /home/david/drone1_ws/install/Search_Protocol/share/Search_Protocol/local_setup.zsh
[0.168s] -- Up-to-date: /home/david/drone1_ws/install/Search_Protocol/share/Search_Protocol/local_setup.dsv
[0.168s] -- Installing: /home/david/drone1_ws/install/Search_Protocol/share/Search_Protocol/package.dsv
[0.168s] -- Up-to-date: /home/david/drone1_ws/install/Search_Protocol/share/ament_index/resource_index/packages/Search_Protocol
[0.168s] -- Up-to-date: /home/david/drone1_ws/install/Search_Protocol/share/Search_Protocol/cmake/Search_ProtocolConfig.cmake
[0.169s] -- Up-to-date: /home/david/drone1_ws/install/Search_Protocol/share/Search_Protocol/cmake/Search_ProtocolConfig-version.cmake
[0.169s] -- Up-to-date: /home/david/drone1_ws/install/Search_Protocol/share/Search_Protocol/package.xml
[0.194s] Invoked command in '/home/david/drone1_ws/build/Search_Protocol' returned '0': CMAKE_PREFIX_PATH=${CMAKE_PREFIX_PATH}:/home/david/Tst_ros2_px4_offboard/install/px4_offboard:/opt/ros/humble /usr/bin/cmake --install /home/david/drone1_ws/build/Search_Protocol
