running egg_info
creating build/gimbal_driver/gimbal_driver.egg-info
writing build/gimbal_driver/gimbal_driver.egg-info/PKG-INFO
writing dependency_links to build/gimbal_driver/gimbal_driver.egg-info/dependency_links.txt
writing entry points to build/gimbal_driver/gimbal_driver.egg-info/entry_points.txt
writing requirements to build/gimbal_driver/gimbal_driver.egg-info/requires.txt
writing top-level names to build/gimbal_driver/gimbal_driver.egg-info/top_level.txt
writing manifest file 'build/gimbal_driver/gimbal_driver.egg-info/SOURCES.txt'
reading manifest file 'build/gimbal_driver/gimbal_driver.egg-info/SOURCES.txt'
writing manifest file 'build/gimbal_driver/gimbal_driver.egg-info/SOURCES.txt'
running build
running build_py
creating /home/bevyn/projects/gimbal/gimbal_driver/build/gimbal_driver/build
creating /home/bevyn/projects/gimbal/gimbal_driver/build/gimbal_driver/build/lib
creating /home/bevyn/projects/gimbal/gimbal_driver/build/gimbal_driver/build/lib/gimbal_driver
copying gimbal_driver/__init__.py -> /home/bevyn/projects/gimbal/gimbal_driver/build/gimbal_driver/build/lib/gimbal_driver
copying gimbal_driver/gimbal_driver.py -> /home/bevyn/projects/gimbal/gimbal_driver/build/gimbal_driver/build/lib/gimbal_driver
running install
running install_lib
creating /home/bevyn/projects/gimbal/gimbal_driver/install/gimbal_driver/lib/python3.10/site-packages/gimbal_driver
copying /home/bevyn/projects/gimbal/gimbal_driver/build/gimbal_driver/build/lib/gimbal_driver/__init__.py -> /home/bevyn/projects/gimbal/gimbal_driver/install/gimbal_driver/lib/python3.10/site-packages/gimbal_driver
copying /home/bevyn/projects/gimbal/gimbal_driver/build/gimbal_driver/build/lib/gimbal_driver/gimbal_driver.py -> /home/bevyn/projects/gimbal/gimbal_driver/install/gimbal_driver/lib/python3.10/site-packages/gimbal_driver
byte-compiling /home/bevyn/projects/gimbal/gimbal_driver/install/gimbal_driver/lib/python3.10/site-packages/gimbal_driver/__init__.py to __init__.cpython-310.pyc
byte-compiling /home/bevyn/projects/gimbal/gimbal_driver/install/gimbal_driver/lib/python3.10/site-packages/gimbal_driver/gimbal_driver.py to gimbal_driver.cpython-310.pyc
running install_data
creating /home/bevyn/projects/gimbal/gimbal_driver/install/gimbal_driver/share/ament_index
creating /home/bevyn/projects/gimbal/gimbal_driver/install/gimbal_driver/share/ament_index/resource_index
creating /home/bevyn/projects/gimbal/gimbal_driver/install/gimbal_driver/share/ament_index/resource_index/packages
copying resource/gimbal_driver -> /home/bevyn/projects/gimbal/gimbal_driver/install/gimbal_driver/share/ament_index/resource_index/packages
copying package.xml -> /home/bevyn/projects/gimbal/gimbal_driver/install/gimbal_driver/share/gimbal_driver
running install_egg_info
Copying build/gimbal_driver/gimbal_driver.egg-info to /home/bevyn/projects/gimbal/gimbal_driver/install/gimbal_driver/lib/python3.10/site-packages/gimbal_driver-0.0.0-py3.10.egg-info
running install_scripts
Installing talker script to /home/bevyn/projects/gimbal/gimbal_driver/install/gimbal_driver/lib/gimbal_driver
writing list of installed files to '/home/bevyn/projects/gimbal/gimbal_driver/build/gimbal_driver/install.log'
