[35m[1mConsolidate compiler generated dependencies of target UgvLinkNode[0m
[100%] Built target UgvLinkNode
-- Install configuration: ""
-- Installing: /home/david/drone1_ws/install/Uav_Ugv_Link/lib/Uav_Ugv_Link/UgvLinkNode
-- Set runtime path of "/home/david/drone1_ws/install/Uav_Ugv_Link/lib/Uav_Ugv_Link/UgvLinkNode" to ""
-- Installing: /home/david/drone1_ws/install/Uav_Ugv_Link/share/ament_index/resource_index/package_run_dependencies/Uav_Ugv_Link
-- Installing: /home/david/drone1_ws/install/Uav_Ugv_Link/share/ament_index/resource_index/parent_prefix_path/Uav_Ugv_Link
-- Installing: /home/david/drone1_ws/install/Uav_Ugv_Link/share/Uav_Ugv_Link/environment/ament_prefix_path.sh
-- Installing: /home/david/drone1_ws/install/Uav_Ugv_Link/share/Uav_Ugv_Link/environment/ament_prefix_path.dsv
-- Installing: /home/david/drone1_ws/install/Uav_Ugv_Link/share/Uav_Ugv_Link/environment/path.sh
-- Installing: /home/david/drone1_ws/install/Uav_Ugv_Link/share/Uav_Ugv_Link/environment/path.dsv
-- Installing: /home/david/drone1_ws/install/Uav_Ugv_Link/share/Uav_Ugv_Link/local_setup.bash
-- Installing: /home/david/drone1_ws/install/Uav_Ugv_Link/share/Uav_Ugv_Link/local_setup.sh
-- Installing: /home/david/drone1_ws/install/Uav_Ugv_Link/share/Uav_Ugv_Link/local_setup.zsh
-- Installing: /home/david/drone1_ws/install/Uav_Ugv_Link/share/Uav_Ugv_Link/local_setup.dsv
-- Installing: /home/david/drone1_ws/install/Uav_Ugv_Link/share/Uav_Ugv_Link/package.dsv
-- Installing: /home/david/drone1_ws/install/Uav_Ugv_Link/share/ament_index/resource_index/packages/Uav_Ugv_Link
-- Installing: /home/david/drone1_ws/install/Uav_Ugv_Link/share/Uav_Ugv_Link/cmake/Uav_Ugv_LinkConfig.cmake
-- Installing: /home/david/drone1_ws/install/Uav_Ugv_Link/share/Uav_Ugv_Link/cmake/Uav_Ugv_LinkConfig-version.cmake
-- Installing: /home/david/drone1_ws/install/Uav_Ugv_Link/share/Uav_Ugv_Link/package.xml
