[0.027s] Invoking command in '/home/david/drone1_ws/build/Uav_Ugv_Link': CMAKE_PREFIX_PATH=/opt/ros/humble /usr/bin/cmake --build /home/david/drone1_ws/build/Uav_Ugv_Link -- -j8 -l8
[0.076s] [35m[1mConsolidate compiler generated dependencies of target UgvLinkNode[0m
[0.103s] [100%] Built target UgvLinkNode
[0.117s] Invoked command in '/home/david/drone1_ws/build/Uav_Ugv_Link' returned '0': CMAKE_PREFIX_PATH=/opt/ros/humble /usr/bin/cmake --build /home/david/drone1_ws/build/Uav_Ugv_Link -- -j8 -l8
[0.120s] Invoking command in '/home/david/drone1_ws/build/Uav_Ugv_Link': CMAKE_PREFIX_PATH=/opt/ros/humble /usr/bin/cmake --install /home/david/drone1_ws/build/Uav_Ugv_Link
[0.132s] -- Install configuration: ""
[0.134s] -- Installing: /home/david/drone1_ws/install/Uav_Ugv_Link/lib/Uav_Ugv_Link/UgvLinkNode
[0.135s] -- Set runtime path of "/home/david/drone1_ws/install/Uav_Ugv_Link/lib/Uav_Ugv_Link/UgvLinkNode" to ""
[0.135s] -- Installing: /home/david/drone1_ws/install/Uav_Ugv_Link/share/ament_index/resource_index/package_run_dependencies/Uav_Ugv_Link
[0.136s] -- Installing: /home/david/drone1_ws/install/Uav_Ugv_Link/share/ament_index/resource_index/parent_prefix_path/Uav_Ugv_Link
[0.136s] -- Installing: /home/david/drone1_ws/install/Uav_Ugv_Link/share/Uav_Ugv_Link/environment/ament_prefix_path.sh
[0.136s] -- Installing: /home/david/drone1_ws/install/Uav_Ugv_Link/share/Uav_Ugv_Link/environment/ament_prefix_path.dsv
[0.137s] -- Installing: /home/david/drone1_ws/install/Uav_Ugv_Link/share/Uav_Ugv_Link/environment/path.sh
[0.137s] -- Installing: /home/david/drone1_ws/install/Uav_Ugv_Link/share/Uav_Ugv_Link/environment/path.dsv
[0.137s] -- Installing: /home/david/drone1_ws/install/Uav_Ugv_Link/share/Uav_Ugv_Link/local_setup.bash
[0.137s] -- Installing: /home/david/drone1_ws/install/Uav_Ugv_Link/share/Uav_Ugv_Link/local_setup.sh
[0.138s] -- Installing: /home/david/drone1_ws/install/Uav_Ugv_Link/share/Uav_Ugv_Link/local_setup.zsh
[0.138s] -- Installing: /home/david/drone1_ws/install/Uav_Ugv_Link/share/Uav_Ugv_Link/local_setup.dsv
[0.139s] -- Installing: /home/david/drone1_ws/install/Uav_Ugv_Link/share/Uav_Ugv_Link/package.dsv
[0.139s] -- Installing: /home/david/drone1_ws/install/Uav_Ugv_Link/share/ament_index/resource_index/packages/Uav_Ugv_Link
[0.139s] -- Installing: /home/david/drone1_ws/install/Uav_Ugv_Link/share/Uav_Ugv_Link/cmake/Uav_Ugv_LinkConfig.cmake
[0.140s] -- Installing: /home/david/drone1_ws/install/Uav_Ugv_Link/share/Uav_Ugv_Link/cmake/Uav_Ugv_LinkConfig-version.cmake
[0.140s] -- Installing: /home/david/drone1_ws/install/Uav_Ugv_Link/share/Uav_Ugv_Link/package.xml
[0.166s] Invoked command in '/home/david/drone1_ws/build/Uav_Ugv_Link' returned '0': CMAKE_PREFIX_PATH=/opt/ros/humble /usr/bin/cmake --install /home/david/drone1_ws/build/Uav_Ugv_Link
