[0.022s] Invoking command in '/home/david/drone1_ws/build/Offboard_Control': CMAKE_PREFIX_PATH=/opt/ros/humble /usr/bin/cmake --build /home/david/drone1_ws/build/Offboard_Control -- -j8 -l8
[0.075s] [35m[1mConsolidate compiler generated dependencies of target AutonomousNode[0m
[0.097s] [100%] Built target AutonomousNode
[0.128s] Invoked command in '/home/david/drone1_ws/build/Offboard_Control' returned '0': CMAKE_PREFIX_PATH=/opt/ros/humble /usr/bin/cmake --build /home/david/drone1_ws/build/Offboard_Control -- -j8 -l8
[0.130s] Invoking command in '/home/david/drone1_ws/build/Offboard_Control': CMAKE_PREFIX_PATH=/opt/ros/humble /usr/bin/cmake --install /home/david/drone1_ws/build/Offboard_Control
[0.147s] -- Install configuration: ""
[0.148s] -- Installing: /home/david/drone1_ws/install/Offboard_Control/lib/Offboard_Control/AutonomousNode
[0.148s] -- Set runtime path of "/home/david/drone1_ws/install/Offboard_Control/lib/Offboard_Control/AutonomousNode" to ""
[0.148s] -- Up-to-date: /home/david/drone1_ws/install/Offboard_Control/share/ament_index/resource_index/package_run_dependencies/Offboard_Control
[0.149s] -- Up-to-date: /home/david/drone1_ws/install/Offboard_Control/share/ament_index/resource_index/parent_prefix_path/Offboard_Control
[0.150s] -- Up-to-date: /home/david/drone1_ws/install/Offboard_Control/share/Offboard_Control/environment/ament_prefix_path.sh
[0.150s] -- Up-to-date: /home/david/drone1_ws/install/Offboard_Control/share/Offboard_Control/environment/ament_prefix_path.dsv
[0.150s] -- Up-to-date: /home/david/drone1_ws/install/Offboard_Control/share/Offboard_Control/environment/path.sh
[0.150s] -- Up-to-date: /home/david/drone1_ws/install/Offboard_Control/share/Offboard_Control/environment/path.dsv
[0.151s] -- Up-to-date: /home/david/drone1_ws/install/Offboard_Control/share/Offboard_Control/local_setup.bash
[0.151s] -- Up-to-date: /home/david/drone1_ws/install/Offboard_Control/share/Offboard_Control/local_setup.sh
[0.151s] -- Up-to-date: /home/david/drone1_ws/install/Offboard_Control/share/Offboard_Control/local_setup.zsh
[0.151s] -- Up-to-date: /home/david/drone1_ws/install/Offboard_Control/share/Offboard_Control/local_setup.dsv
[0.152s] -- Installing: /home/david/drone1_ws/install/Offboard_Control/share/Offboard_Control/package.dsv
[0.152s] -- Up-to-date: /home/david/drone1_ws/install/Offboard_Control/share/ament_index/resource_index/packages/Offboard_Control
[0.152s] -- Up-to-date: /home/david/drone1_ws/install/Offboard_Control/share/Offboard_Control/cmake/Offboard_ControlConfig.cmake
[0.154s] -- Up-to-date: /home/david/drone1_ws/install/Offboard_Control/share/Offboard_Control/cmake/Offboard_ControlConfig-version.cmake
[0.154s] -- Up-to-date: /home/david/drone1_ws/install/Offboard_Control/share/Offboard_Control/package.xml
[0.187s] Invoked command in '/home/david/drone1_ws/build/Offboard_Control' returned '0': CMAKE_PREFIX_PATH=/opt/ros/humble /usr/bin/cmake --install /home/david/drone1_ws/build/Offboard_Control
