[0.029s] Invoking command in '/home/david/drone1_ws/build/Uav_Ugv_Link': CMAKE_PREFIX_PATH=/opt/ros/humble /usr/bin/cmake --build /home/david/drone1_ws/build/Uav_Ugv_Link -- -j8 -l8
[0.106s] [100%] Built target UgvLinkNode
[0.121s] Invoked command in '/home/david/drone1_ws/build/Uav_Ugv_Link' returned '0': CMAKE_PREFIX_PATH=/opt/ros/humble /usr/bin/cmake --build /home/david/drone1_ws/build/Uav_Ugv_Link -- -j8 -l8
[0.124s] Invoking command in '/home/david/drone1_ws/build/Uav_Ugv_Link': CMAKE_PREFIX_PATH=/opt/ros/humble /usr/bin/cmake --install /home/david/drone1_ws/build/Uav_Ugv_Link
[0.133s] -- Install configuration: ""
[0.133s] -- Up-to-date: /home/david/drone1_ws/install/Uav_Ugv_Link/lib/Uav_Ugv_Link/UgvLinkNode
[0.134s] -- Up-to-date: /home/david/drone1_ws/install/Uav_Ugv_Link/share/ament_index/resource_index/package_run_dependencies/Uav_Ugv_Link
[0.134s] -- Up-to-date: /home/david/drone1_ws/install/Uav_Ugv_Link/share/ament_index/resource_index/parent_prefix_path/Uav_Ugv_Link
[0.134s] -- Up-to-date: /home/david/drone1_ws/install/Uav_Ugv_Link/share/Uav_Ugv_Link/environment/ament_prefix_path.sh
[0.134s] -- Up-to-date: /home/david/drone1_ws/install/Uav_Ugv_Link/share/Uav_Ugv_Link/environment/ament_prefix_path.dsv
[0.134s] -- Up-to-date: /home/david/drone1_ws/install/Uav_Ugv_Link/share/Uav_Ugv_Link/environment/path.sh
[0.135s] -- Up-to-date: /home/david/drone1_ws/install/Uav_Ugv_Link/share/Uav_Ugv_Link/environment/path.dsv
[0.135s] -- Up-to-date: /home/david/drone1_ws/install/Uav_Ugv_Link/share/Uav_Ugv_Link/local_setup.bash
[0.135s] -- Up-to-date: /home/david/drone1_ws/install/Uav_Ugv_Link/share/Uav_Ugv_Link/local_setup.sh
[0.135s] -- Up-to-date: /home/david/drone1_ws/install/Uav_Ugv_Link/share/Uav_Ugv_Link/local_setup.zsh
[0.135s] -- Up-to-date: /home/david/drone1_ws/install/Uav_Ugv_Link/share/Uav_Ugv_Link/local_setup.dsv
[0.135s] -- Installing: /home/david/drone1_ws/install/Uav_Ugv_Link/share/Uav_Ugv_Link/package.dsv
[0.135s] -- Up-to-date: /home/david/drone1_ws/install/Uav_Ugv_Link/share/ament_index/resource_index/packages/Uav_Ugv_Link
[0.136s] -- Up-to-date: /home/david/drone1_ws/install/Uav_Ugv_Link/share/Uav_Ugv_Link/cmake/Uav_Ugv_LinkConfig.cmake
[0.136s] -- Up-to-date: /home/david/drone1_ws/install/Uav_Ugv_Link/share/Uav_Ugv_Link/cmake/Uav_Ugv_LinkConfig-version.cmake
[0.136s] -- Up-to-date: /home/david/drone1_ws/install/Uav_Ugv_Link/share/Uav_Ugv_Link/package.xml
[0.185s] Invoked command in '/home/david/drone1_ws/build/Uav_Ugv_Link' returned '0': CMAKE_PREFIX_PATH=/opt/ros/humble /usr/bin/cmake --install /home/david/drone1_ws/build/Uav_Ugv_Link
