[0.205s] DEBUG:colcon:Command line arguments: ['/usr/bin/colcon', 'build', '--packages-select', 'my_opencv_demo']
[0.206s] DEBUG:colcon:Parsed command line arguments: Namespace(log_base=None, log_level=None, verb_name='build', build_base='build', install_base='install', merge_install=False, symlink_install=False, test_result_base=None, continue_on_error=False, executor='parallel', parallel_workers=6, event_handlers=None, ignore_user_meta=False, metas=['./colcon.meta'], base_paths=['.'], packages_ignore=None, packages_ignore_regex=None, paths=None, packages_up_to=None, packages_up_to_regex=None, packages_above=None, packages_above_and_dependencies=None, packages_above_depth=None, packages_select_by_dep=None, packages_skip_by_dep=None, packages_skip_up_to=None, packages_select_build_failed=False, packages_skip_build_finished=False, packages_select_test_failures=False, packages_skip_test_passed=False, packages_select=['my_opencv_demo'], packages_skip=None, packages_select_regex=None, packages_skip_regex=None, packages_start=None, packages_end=None, allow_overriding=[], cmake_args=None, cmake_target=None, cmake_target_skip_unavailable=False, cmake_clean_cache=False, cmake_clean_first=False, cmake_force_configure=False, ament_cmake_args=None, catkin_cmake_args=None, catkin_skip_building_tests=False, mixin_files=None, mixin=None, verb_parser=<colcon_mixin.mixin.mixin_argument.MixinArgumentDecorator object at 0xffffabc05420>, verb_extension=<colcon_core.verb.build.BuildVerb object at 0xffffabd3dab0>, main=<bound method BuildVerb.main of <colcon_core.verb.build.BuildVerb object at 0xffffabd3dab0>>, mixin_verb=('build',))
[0.461s] Level 1:colcon.colcon_core.package_discovery:discover_packages(colcon_meta) check parameters
[0.461s] Level 1:colcon.colcon_core.package_discovery:discover_packages(recursive) check parameters
[0.461s] Level 1:colcon.colcon_core.package_discovery:discover_packages(ignore) check parameters
[0.461s] Level 1:colcon.colcon_core.package_discovery:discover_packages(path) check parameters
[0.461s] Level 1:colcon.colcon_core.package_discovery:discover_packages(colcon_meta) discover
[0.461s] Level 1:colcon.colcon_core.package_discovery:discover_packages(recursive) discover
[0.462s] INFO:colcon.colcon_core.package_discovery:Crawling recursively for packages in '/home/ethan/ros2_ws'
[0.462s] Level 1:colcon.colcon_core.package_identification:_identify(.) by extensions ['ignore', 'ignore_ament_install']
[0.462s] Level 1:colcon.colcon_core.package_identification:_identify(.) by extension 'ignore'
[0.462s] Level 1:colcon.colcon_core.package_identification:_identify(.) by extension 'ignore_ament_install'
[0.462s] Level 1:colcon.colcon_core.package_identification:_identify(.) by extensions ['colcon_pkg']
[0.462s] Level 1:colcon.colcon_core.package_identification:_identify(.) by extension 'colcon_pkg'
[0.462s] Level 1:colcon.colcon_core.package_identification:_identify(.) by extensions ['colcon_meta']
[0.462s] Level 1:colcon.colcon_core.package_identification:_identify(.) by extension 'colcon_meta'
[0.463s] Level 1:colcon.colcon_core.package_identification:_identify(.) by extensions ['ros']
[0.463s] Level 1:colcon.colcon_core.package_identification:_identify(.) by extension 'ros'
[0.485s] Level 1:colcon.colcon_core.package_identification:_identify(.) by extensions ['cmake', 'python']
[0.485s] Level 1:colcon.colcon_core.package_identification:_identify(.) by extension 'cmake'
[0.486s] Level 1:colcon.colcon_core.package_identification:_identify(.) by extension 'python'
[0.486s] Level 1:colcon.colcon_core.package_identification:_identify(.) by extensions ['python_setup_py']
[0.486s] Level 1:colcon.colcon_core.package_identification:_identify(.) by extension 'python_setup_py'
[0.486s] Level 1:colcon.colcon_core.package_identification:_identify(build) by extensions ['ignore', 'ignore_ament_install']
[0.486s] Level 1:colcon.colcon_core.package_identification:_identify(build) by extension 'ignore'
[0.486s] Level 1:colcon.colcon_core.package_identification:_identify(build) ignored
[0.487s] Level 1:colcon.colcon_core.package_identification:_identify(install) by extensions ['ignore', 'ignore_ament_install']
[0.487s] Level 1:colcon.colcon_core.package_identification:_identify(install) by extension 'ignore'
[0.487s] Level 1:colcon.colcon_core.package_identification:_identify(install) ignored
[0.487s] Level 1:colcon.colcon_core.package_identification:_identify(log) by extensions ['ignore', 'ignore_ament_install']
[0.488s] Level 1:colcon.colcon_core.package_identification:_identify(log) by extension 'ignore'
[0.488s] Level 1:colcon.colcon_core.package_identification:_identify(log) ignored
[0.488s] Level 1:colcon.colcon_core.package_identification:_identify(src) by extensions ['ignore', 'ignore_ament_install']
[0.488s] Level 1:colcon.colcon_core.package_identification:_identify(src) by extension 'ignore'
[0.488s] Level 1:colcon.colcon_core.package_identification:_identify(src) by extension 'ignore_ament_install'
[0.488s] Level 1:colcon.colcon_core.package_identification:_identify(src) by extensions ['colcon_pkg']
[0.488s] Level 1:colcon.colcon_core.package_identification:_identify(src) by extension 'colcon_pkg'
[0.488s] Level 1:colcon.colcon_core.package_identification:_identify(src) by extensions ['colcon_meta']
[0.488s] Level 1:colcon.colcon_core.package_identification:_identify(src) by extension 'colcon_meta'
[0.489s] Level 1:colcon.colcon_core.package_identification:_identify(src) by extensions ['ros']
[0.489s] Level 1:colcon.colcon_core.package_identification:_identify(src) by extension 'ros'
[0.489s] Level 1:colcon.colcon_core.package_identification:_identify(src) by extensions ['cmake', 'python']
[0.489s] Level 1:colcon.colcon_core.package_identification:_identify(src) by extension 'cmake'
[0.489s] Level 1:colcon.colcon_core.package_identification:_identify(src) by extension 'python'
[0.489s] Level 1:colcon.colcon_core.package_identification:_identify(src) by extensions ['python_setup_py']
[0.489s] Level 1:colcon.colcon_core.package_identification:_identify(src) by extension 'python_setup_py'
[0.489s] Level 1:colcon.colcon_core.package_identification:_identify(src/my_opencv_demo) by extensions ['ignore', 'ignore_ament_install']
[0.489s] Level 1:colcon.colcon_core.package_identification:_identify(src/my_opencv_demo) by extension 'ignore'
[0.490s] Level 1:colcon.colcon_core.package_identification:_identify(src/my_opencv_demo) by extension 'ignore_ament_install'
[0.490s] Level 1:colcon.colcon_core.package_identification:_identify(src/my_opencv_demo) by extensions ['colcon_pkg']
[0.490s] Level 1:colcon.colcon_core.package_identification:_identify(src/my_opencv_demo) by extension 'colcon_pkg'
[0.490s] Level 1:colcon.colcon_core.package_identification:_identify(src/my_opencv_demo) by extensions ['colcon_meta']
[0.490s] Level 1:colcon.colcon_core.package_identification:_identify(src/my_opencv_demo) by extension 'colcon_meta'
[0.490s] Level 1:colcon.colcon_core.package_identification:_identify(src/my_opencv_demo) by extensions ['ros']
[0.490s] Level 1:colcon.colcon_core.package_identification:_identify(src/my_opencv_demo) by extension 'ros'
[0.496s] DEBUG:colcon.colcon_core.package_identification:Package 'src/my_opencv_demo' with type 'ros.ament_cmake' and name 'my_opencv_demo'
[0.496s] Level 1:colcon.colcon_core.package_discovery:discover_packages(recursive) using defaults
[0.496s] Level 1:colcon.colcon_core.package_discovery:discover_packages(ignore) discover
[0.496s] Level 1:colcon.colcon_core.package_discovery:discover_packages(ignore) using defaults
[0.496s] Level 1:colcon.colcon_core.package_discovery:discover_packages(path) discover
[0.496s] Level 1:colcon.colcon_core.package_discovery:discover_packages(path) using defaults
[0.537s] Level 1:colcon.colcon_core.package_discovery:discover_packages(prefix_path) check parameters
[0.537s] Level 1:colcon.colcon_core.package_discovery:discover_packages(prefix_path) discover
[0.539s] Level 1:colcon.colcon_core.package_discovery:discover_packages(prefix_path) using defaults
[0.541s] Level 5:colcon.colcon_core.verb:set package 'my_opencv_demo' build argument 'cmake_args' from command line to 'None'
[0.541s] Level 5:colcon.colcon_core.verb:set package 'my_opencv_demo' build argument 'cmake_target' from command line to 'None'
[0.541s] Level 5:colcon.colcon_core.verb:set package 'my_opencv_demo' build argument 'cmake_target_skip_unavailable' from command line to 'False'
[0.541s] Level 5:colcon.colcon_core.verb:set package 'my_opencv_demo' build argument 'cmake_clean_cache' from command line to 'False'
[0.541s] Level 5:colcon.colcon_core.verb:set package 'my_opencv_demo' build argument 'cmake_clean_first' from command line to 'False'
[0.541s] Level 5:colcon.colcon_core.verb:set package 'my_opencv_demo' build argument 'cmake_force_configure' from command line to 'False'
[0.541s] Level 5:colcon.colcon_core.verb:set package 'my_opencv_demo' build argument 'ament_cmake_args' from command line to 'None'
[0.541s] Level 5:colcon.colcon_core.verb:set package 'my_opencv_demo' build argument 'catkin_cmake_args' from command line to 'None'
[0.541s] Level 5:colcon.colcon_core.verb:set package 'my_opencv_demo' build argument 'catkin_skip_building_tests' from command line to 'False'
[0.541s] DEBUG:colcon.colcon_core.verb:Building package 'my_opencv_demo' with the following arguments: {'ament_cmake_args': None, 'build_base': '/home/ethan/ros2_ws/build/my_opencv_demo', 'catkin_cmake_args': None, 'catkin_skip_building_tests': False, 'cmake_args': None, 'cmake_clean_cache': False, 'cmake_clean_first': False, 'cmake_force_configure': False, 'cmake_target': None, 'cmake_target_skip_unavailable': False, 'install_base': '/home/ethan/ros2_ws/install/my_opencv_demo', 'merge_install': False, 'path': '/home/ethan/ros2_ws/src/my_opencv_demo', 'symlink_install': False, 'test_result_base': None}
[0.541s] INFO:colcon.colcon_core.executor:Executing jobs using 'parallel' executor
[0.544s] DEBUG:colcon.colcon_parallel_executor.executor.parallel:run_until_complete
[0.544s] INFO:colcon.colcon_ros.task.ament_cmake.build:Building ROS package in '/home/ethan/ros2_ws/src/my_opencv_demo' with build type 'ament_cmake'
[0.545s] INFO:colcon.colcon_cmake.task.cmake.build:Building CMake package in '/home/ethan/ros2_ws/src/my_opencv_demo'
[0.548s] INFO:colcon.colcon_core.plugin_system:Skipping extension 'colcon_core.shell.bat': Not used on non-Windows systems
[0.549s] INFO:colcon.colcon_core.shell:Skip shell extension 'powershell' for command environment: Not usable outside of PowerShell
[0.549s] DEBUG:colcon.colcon_core.shell:Skip shell extension 'dsv' for command environment
[0.562s] DEBUG:colcon.colcon_core.event_handler.log_command:Invoking command in '/home/ethan/ros2_ws/build/my_opencv_demo': /usr/bin/cmake --build /home/ethan/ros2_ws/build/my_opencv_demo -- -j6 -l6
[25.537s] DEBUG:colcon.colcon_core.event_handler.log_command:Invoked command in '/home/ethan/ros2_ws/build/my_opencv_demo' returned '0': /usr/bin/cmake --build /home/ethan/ros2_ws/build/my_opencv_demo -- -j6 -l6
[25.612s] DEBUG:colcon.colcon_core.event_handler.log_command:Invoking command in '/home/ethan/ros2_ws/build/my_opencv_demo': /usr/bin/cmake --install /home/ethan/ros2_ws/build/my_opencv_demo
[25.652s] Level 1:colcon.colcon_core.environment:create_environment_scripts_only(my_opencv_demo)
[25.653s] DEBUG:colcon.colcon_core.event_handler.log_command:Invoked command in '/home/ethan/ros2_ws/build/my_opencv_demo' returned '0': /usr/bin/cmake --install /home/ethan/ros2_ws/build/my_opencv_demo
[25.662s] Level 1:colcon.colcon_core.environment:checking '/home/ethan/ros2_ws/install/my_opencv_demo' for CMake module files
[25.663s] Level 1:colcon.colcon_core.environment:checking '/home/ethan/ros2_ws/install/my_opencv_demo' for CMake config files
[25.664s] Level 1:colcon.colcon_core.shell:create_environment_hook('my_opencv_demo', 'cmake_prefix_path')
[25.664s] INFO:colcon.colcon_core.shell:Creating environment hook '/home/ethan/ros2_ws/install/my_opencv_demo/share/my_opencv_demo/hook/cmake_prefix_path.ps1'
[25.667s] INFO:colcon.colcon_core.shell:Creating environment descriptor '/home/ethan/ros2_ws/install/my_opencv_demo/share/my_opencv_demo/hook/cmake_prefix_path.dsv'
[25.668s] INFO:colcon.colcon_core.shell:Creating environment hook '/home/ethan/ros2_ws/install/my_opencv_demo/share/my_opencv_demo/hook/cmake_prefix_path.sh'
[25.670s] Level 1:colcon.colcon_core.environment:checking '/home/ethan/ros2_ws/install/my_opencv_demo/lib'
[25.671s] Level 1:colcon.colcon_core.environment:checking '/home/ethan/ros2_ws/install/my_opencv_demo/bin'
[25.671s] Level 1:colcon.colcon_core.environment:checking '/home/ethan/ros2_ws/install/my_opencv_demo/lib/pkgconfig/my_opencv_demo.pc'
[25.676s] Level 1:colcon.colcon_core.environment:checking '/home/ethan/ros2_ws/install/my_opencv_demo/lib/python3.10/site-packages'
[25.677s] Level 1:colcon.colcon_core.environment:checking '/home/ethan/ros2_ws/install/my_opencv_demo/bin'
[25.678s] INFO:colcon.colcon_core.shell:Creating package script '/home/ethan/ros2_ws/install/my_opencv_demo/share/my_opencv_demo/package.ps1'
[25.681s] INFO:colcon.colcon_core.shell:Creating package descriptor '/home/ethan/ros2_ws/install/my_opencv_demo/share/my_opencv_demo/package.dsv'
[25.683s] INFO:colcon.colcon_core.shell:Creating package script '/home/ethan/ros2_ws/install/my_opencv_demo/share/my_opencv_demo/package.sh'
[25.686s] INFO:colcon.colcon_core.shell:Creating package script '/home/ethan/ros2_ws/install/my_opencv_demo/share/my_opencv_demo/package.bash'
[25.689s] INFO:colcon.colcon_core.shell:Creating package script '/home/ethan/ros2_ws/install/my_opencv_demo/share/my_opencv_demo/package.zsh'
[25.691s] Level 1:colcon.colcon_core.environment:create_file_with_runtime_dependencies(/home/ethan/ros2_ws/install/my_opencv_demo/share/colcon-core/packages/my_opencv_demo)
[25.742s] Level 1:colcon.colcon_core.environment:create_environment_scripts_only(my_opencv_demo)
[25.743s] Level 1:colcon.colcon_core.environment:checking '/home/ethan/ros2_ws/install/my_opencv_demo' for CMake module files
[25.745s] Level 1:colcon.colcon_core.environment:checking '/home/ethan/ros2_ws/install/my_opencv_demo' for CMake config files
[25.746s] Level 1:colcon.colcon_core.shell:create_environment_hook('my_opencv_demo', 'cmake_prefix_path')
[25.746s] INFO:colcon.colcon_core.shell:Creating environment hook '/home/ethan/ros2_ws/install/my_opencv_demo/share/my_opencv_demo/hook/cmake_prefix_path.ps1'
[25.749s] INFO:colcon.colcon_core.shell:Creating environment descriptor '/home/ethan/ros2_ws/install/my_opencv_demo/share/my_opencv_demo/hook/cmake_prefix_path.dsv'
[25.750s] INFO:colcon.colcon_core.shell:Creating environment hook '/home/ethan/ros2_ws/install/my_opencv_demo/share/my_opencv_demo/hook/cmake_prefix_path.sh'
[25.752s] Level 1:colcon.colcon_core.environment:checking '/home/ethan/ros2_ws/install/my_opencv_demo/lib'
[25.753s] Level 1:colcon.colcon_core.environment:checking '/home/ethan/ros2_ws/install/my_opencv_demo/bin'
[25.753s] Level 1:colcon.colcon_core.environment:checking '/home/ethan/ros2_ws/install/my_opencv_demo/lib/pkgconfig/my_opencv_demo.pc'
[25.754s] Level 1:colcon.colcon_core.environment:checking '/home/ethan/ros2_ws/install/my_opencv_demo/lib/python3.10/site-packages'
[25.755s] Level 1:colcon.colcon_core.environment:checking '/home/ethan/ros2_ws/install/my_opencv_demo/bin'
[25.756s] INFO:colcon.colcon_core.shell:Creating package script '/home/ethan/ros2_ws/install/my_opencv_demo/share/my_opencv_demo/package.ps1'
[25.758s] INFO:colcon.colcon_core.shell:Creating package descriptor '/home/ethan/ros2_ws/install/my_opencv_demo/share/my_opencv_demo/package.dsv'
[25.760s] INFO:colcon.colcon_core.shell:Creating package script '/home/ethan/ros2_ws/install/my_opencv_demo/share/my_opencv_demo/package.sh'
[25.762s] INFO:colcon.colcon_core.shell:Creating package script '/home/ethan/ros2_ws/install/my_opencv_demo/share/my_opencv_demo/package.bash'
[25.763s] INFO:colcon.colcon_core.shell:Creating package script '/home/ethan/ros2_ws/install/my_opencv_demo/share/my_opencv_demo/package.zsh'
[25.764s] Level 1:colcon.colcon_core.environment:create_file_with_runtime_dependencies(/home/ethan/ros2_ws/install/my_opencv_demo/share/colcon-core/packages/my_opencv_demo)
[25.765s] DEBUG:colcon.colcon_parallel_executor.executor.parallel:closing loop
[25.766s] DEBUG:colcon.colcon_parallel_executor.executor.parallel:loop closed
[25.766s] DEBUG:colcon.colcon_parallel_executor.executor.parallel:run_until_complete finished with '0'
[25.767s] DEBUG:colcon.colcon_core.event_reactor:joining thread
[25.785s] INFO:colcon.colcon_core.plugin_system:Skipping extension 'colcon_notification.desktop_notification.terminal_notifier': Not used on non-Darwin systems
[25.786s] INFO:colcon.colcon_core.plugin_system:Skipping extension 'colcon_notification.desktop_notification.win32': Not used on non-Windows systems
[25.786s] INFO:colcon.colcon_notification.desktop_notification:Sending desktop notification using 'notify2'
[25.840s] DEBUG:colcon.colcon_core.event_reactor:joined thread
[25.841s] INFO:colcon.colcon_core.shell:Creating prefix script '/home/ethan/ros2_ws/install/local_setup.ps1'
[25.844s] INFO:colcon.colcon_core.shell:Creating prefix util module '/home/ethan/ros2_ws/install/_local_setup_util_ps1.py'
[25.847s] INFO:colcon.colcon_core.shell:Creating prefix chain script '/home/ethan/ros2_ws/install/setup.ps1'
[25.849s] INFO:colcon.colcon_core.shell:Creating prefix script '/home/ethan/ros2_ws/install/local_setup.sh'
[25.852s] INFO:colcon.colcon_core.shell:Creating prefix util module '/home/ethan/ros2_ws/install/_local_setup_util_sh.py'
[25.854s] INFO:colcon.colcon_core.shell:Creating prefix chain script '/home/ethan/ros2_ws/install/setup.sh'
[25.858s] INFO:colcon.colcon_core.shell:Creating prefix script '/home/ethan/ros2_ws/install/local_setup.bash'
[25.860s] INFO:colcon.colcon_core.shell:Creating prefix chain script '/home/ethan/ros2_ws/install/setup.bash'
[25.863s] INFO:colcon.colcon_core.shell:Creating prefix script '/home/ethan/ros2_ws/install/local_setup.zsh'
[25.865s] INFO:colcon.colcon_core.shell:Creating prefix chain script '/home/ethan/ros2_ws/install/setup.zsh'
