[0.010s] Invoking command in '/home/david/drone1_ws/build/Offboard_Control': CMAKE_PREFIX_PATH=/opt/ros/humble /usr/bin/cmake /home/david/drone1_ws/src/Offboard_Control -DCMAKE_INSTALL_PREFIX=/home/david/drone1_ws/install/Offboard_Control
[0.181s] -- The C compiler identification is GNU 11.4.0
[0.380s] -- The CXX compiler identification is GNU 11.4.0
[0.391s] -- Detecting C compiler ABI info
[0.473s] -- Detecting C compiler ABI info - done
[0.485s] -- Check for working C compiler: /usr/bin/cc - skipped
[0.486s] -- Detecting C compile features
[0.486s] -- Detecting C compile features - done
[0.491s] -- Detecting CXX compiler ABI info
[0.586s] -- Detecting CXX compiler ABI info - done
[0.596s] -- Check for working CXX compiler: /usr/bin/c++ - skipped
[0.596s] -- Detecting CXX compile features
[0.596s] -- Detecting CXX compile features - done
[0.601s] -- Found ament_cmake: 1.3.11 (/opt/ros/humble/share/ament_cmake/cmake)
[1.001s] -- Found Python3: /usr/bin/python3 (found version "3.10.12") found components: Interpreter 
[1.128s] -- Found rclcpp: 16.0.11 (/opt/ros/humble/share/rclcpp/cmake)
[1.206s] -- Found rosidl_generator_c: 3.1.6 (/opt/ros/humble/share/rosidl_generator_c/cmake)
[1.212s] -- Found rosidl_adapter: 3.1.6 (/opt/ros/humble/share/rosidl_adapter/cmake)
[1.226s] -- Found rosidl_generator_cpp: 3.1.6 (/opt/ros/humble/share/rosidl_generator_cpp/cmake)
[1.246s] -- Using all available rosidl_typesupport_c: rosidl_typesupport_fastrtps_c;rosidl_typesupport_introspection_c
[1.271s] -- Using all available rosidl_typesupport_cpp: rosidl_typesupport_fastrtps_cpp;rosidl_typesupport_introspection_cpp
[1.332s] -- Found rmw_implementation_cmake: 6.1.2 (/opt/ros/humble/share/rmw_implementation_cmake/cmake)
[1.336s] -- Found rmw_fastrtps_cpp: 6.2.7 (/opt/ros/humble/share/rmw_fastrtps_cpp/cmake)
[1.440s] -- Found OpenSSL: /usr/lib/x86_64-linux-gnu/libcrypto.so (found version "3.0.2")  
[1.475s] -- Found FastRTPS: /opt/ros/humble/include  
[1.529s] -- Using RMW implementation 'rmw_fastrtps_cpp' as default
[1.542s] -- Looking for pthread.h
[1.633s] -- Looking for pthread.h - found
[1.633s] -- Performing Test CMAKE_HAVE_LIBC_PTHREAD
[1.717s] -- Performing Test CMAKE_HAVE_LIBC_PTHREAD - Success
[1.718s] -- Found Threads: TRUE  
[1.798s] -- Found ament_lint_auto: 0.12.11 (/opt/ros/humble/share/ament_lint_auto/cmake)
[1.860s] WARNING: Package name "Offboard_Control" does not follow the naming conventions. It should start with a lower case letter and only contain lower case letters, digits, underscores, and dashes.
[1.895s] -- Added test 'cppcheck' to perform static code analysis on C / C++ code
[1.895s] -- Configured cppcheck include dirs: 
[1.895s] -- Configured cppcheck exclude dirs and/or files: 
[1.896s] -- Added test 'lint_cmake' to check CMake code style
[1.897s] -- Added test 'uncrustify' to check C / C++ code style
[1.897s] -- Configured uncrustify additional arguments: 
[1.898s] -- Added test 'xmllint' to check XML markup files
[1.900s] -- Configuring done
[1.910s] -- Generating done
[1.913s] -- Build files have been written to: /home/david/drone1_ws/build/Offboard_Control
[1.923s] Invoked command in '/home/david/drone1_ws/build/Offboard_Control' returned '0': CMAKE_PREFIX_PATH=/opt/ros/humble /usr/bin/cmake /home/david/drone1_ws/src/Offboard_Control -DCMAKE_INSTALL_PREFIX=/home/david/drone1_ws/install/Offboard_Control
[1.925s] Invoking command in '/home/david/drone1_ws/build/Offboard_Control': CMAKE_PREFIX_PATH=/opt/ros/humble /usr/bin/cmake --build /home/david/drone1_ws/build/Offboard_Control -- -j8 -l8
[1.983s] [ 50%] [32mBuilding CXX object CMakeFiles/AutonomousNode.dir/src/Autonomous_Control.cpp.o[0m
[1.997s] [01m[K/home/david/drone1_ws/src/Offboard_Control/src/Autonomous_Control.cpp:1:10:[m[K [01;31m[Kfatal error: [m[Krclcpp/rcl.hpp: No such file or directory
[1.997s]     1 | #include [01;31m[K"rclcpp/rcl.hpp"[m[K
[1.997s]       |          [01;31m[K^~~~~~~~~~~~~~~~[m[K
[1.997s] compilation terminated.
[1.998s] gmake[2]: *** [CMakeFiles/AutonomousNode.dir/build.make:76: CMakeFiles/AutonomousNode.dir/src/Autonomous_Control.cpp.o] Error 1
[1.998s] gmake[1]: *** [CMakeFiles/Makefile2:137: CMakeFiles/AutonomousNode.dir/all] Error 2
[1.999s] gmake: *** [Makefile:146: all] Error 2
[2.001s] Invoked command in '/home/david/drone1_ws/build/Offboard_Control' returned '2': CMAKE_PREFIX_PATH=/opt/ros/humble /usr/bin/cmake --build /home/david/drone1_ws/build/Offboard_Control -- -j8 -l8
