[0.227s] DEBUG:colcon:Command line arguments: ['/usr/bin/colcon', 'build', '--packages-select', 'my_opencv_demo']
[0.227s] DEBUG:colcon:Parsed command line arguments: Namespace(log_base=None, log_level=None, verb_name='build', build_base='build', install_base='install', merge_install=False, symlink_install=False, test_result_base=None, continue_on_error=False, executor='parallel', parallel_workers=6, event_handlers=None, ignore_user_meta=False, metas=['./colcon.meta'], base_paths=['.'], packages_ignore=None, packages_ignore_regex=None, paths=None, packages_up_to=None, packages_up_to_regex=None, packages_above=None, packages_above_and_dependencies=None, packages_above_depth=None, packages_select_by_dep=None, packages_skip_by_dep=None, packages_skip_up_to=None, packages_select_build_failed=False, packages_skip_build_finished=False, packages_select_test_failures=False, packages_skip_test_passed=False, packages_select=['my_opencv_demo'], packages_skip=None, packages_select_regex=None, packages_skip_regex=None, packages_start=None, packages_end=None, allow_overriding=[], cmake_args=None, cmake_target=None, cmake_target_skip_unavailable=False, cmake_clean_cache=False, cmake_clean_first=False, cmake_force_configure=False, ament_cmake_args=None, catkin_cmake_args=None, catkin_skip_building_tests=False, mixin_files=None, mixin=None, verb_parser=<colcon_mixin.mixin.mixin_argument.MixinArgumentDecorator object at 0xffffa4f0dc60>, verb_extension=<colcon_core.verb.build.BuildVerb object at 0xffffa5042380>, main=<bound method BuildVerb.main of <colcon_core.verb.build.BuildVerb object at 0xffffa5042380>>, mixin_verb=('build',))
[0.574s] Level 1:colcon.colcon_core.package_discovery:discover_packages(colcon_meta) check parameters
[0.574s] Level 1:colcon.colcon_core.package_discovery:discover_packages(recursive) check parameters
[0.574s] Level 1:colcon.colcon_core.package_discovery:discover_packages(ignore) check parameters
[0.574s] Level 1:colcon.colcon_core.package_discovery:discover_packages(path) check parameters
[0.574s] Level 1:colcon.colcon_core.package_discovery:discover_packages(colcon_meta) discover
[0.574s] Level 1:colcon.colcon_core.package_discovery:discover_packages(recursive) discover
[0.574s] INFO:colcon.colcon_core.package_discovery:Crawling recursively for packages in '/home/ethan/ros2_ws'
[0.575s] Level 1:colcon.colcon_core.package_identification:_identify(.) by extensions ['ignore', 'ignore_ament_install']
[0.575s] Level 1:colcon.colcon_core.package_identification:_identify(.) by extension 'ignore'
[0.575s] Level 1:colcon.colcon_core.package_identification:_identify(.) by extension 'ignore_ament_install'
[0.575s] Level 1:colcon.colcon_core.package_identification:_identify(.) by extensions ['colcon_pkg']
[0.575s] Level 1:colcon.colcon_core.package_identification:_identify(.) by extension 'colcon_pkg'
[0.575s] Level 1:colcon.colcon_core.package_identification:_identify(.) by extensions ['colcon_meta']
[0.575s] Level 1:colcon.colcon_core.package_identification:_identify(.) by extension 'colcon_meta'
[0.575s] Level 1:colcon.colcon_core.package_identification:_identify(.) by extensions ['ros']
[0.576s] Level 1:colcon.colcon_core.package_identification:_identify(.) by extension 'ros'
[0.598s] Level 1:colcon.colcon_core.package_identification:_identify(.) by extensions ['cmake', 'python']
[0.598s] Level 1:colcon.colcon_core.package_identification:_identify(.) by extension 'cmake'
[0.598s] Level 1:colcon.colcon_core.package_identification:_identify(.) by extension 'python'
[0.599s] Level 1:colcon.colcon_core.package_identification:_identify(.) by extensions ['python_setup_py']
[0.599s] Level 1:colcon.colcon_core.package_identification:_identify(.) by extension 'python_setup_py'
[0.599s] Level 1:colcon.colcon_core.package_identification:_identify(build) by extensions ['ignore', 'ignore_ament_install']
[0.599s] Level 1:colcon.colcon_core.package_identification:_identify(build) by extension 'ignore'
[0.599s] Level 1:colcon.colcon_core.package_identification:_identify(build) ignored
[0.600s] Level 1:colcon.colcon_core.package_identification:_identify(install) by extensions ['ignore', 'ignore_ament_install']
[0.600s] Level 1:colcon.colcon_core.package_identification:_identify(install) by extension 'ignore'
[0.600s] Level 1:colcon.colcon_core.package_identification:_identify(install) ignored
[0.600s] Level 1:colcon.colcon_core.package_identification:_identify(log) by extensions ['ignore', 'ignore_ament_install']
[0.600s] Level 1:colcon.colcon_core.package_identification:_identify(log) by extension 'ignore'
[0.600s] Level 1:colcon.colcon_core.package_identification:_identify(log) ignored
[0.601s] Level 1:colcon.colcon_core.package_identification:_identify(src) by extensions ['ignore', 'ignore_ament_install']
[0.601s] Level 1:colcon.colcon_core.package_identification:_identify(src) by extension 'ignore'
[0.601s] Level 1:colcon.colcon_core.package_identification:_identify(src) by extension 'ignore_ament_install'
[0.601s] Level 1:colcon.colcon_core.package_identification:_identify(src) by extensions ['colcon_pkg']
[0.601s] Level 1:colcon.colcon_core.package_identification:_identify(src) by extension 'colcon_pkg'
[0.601s] Level 1:colcon.colcon_core.package_identification:_identify(src) by extensions ['colcon_meta']
[0.601s] Level 1:colcon.colcon_core.package_identification:_identify(src) by extension 'colcon_meta'
[0.601s] Level 1:colcon.colcon_core.package_identification:_identify(src) by extensions ['ros']
[0.601s] Level 1:colcon.colcon_core.package_identification:_identify(src) by extension 'ros'
[0.602s] Level 1:colcon.colcon_core.package_identification:_identify(src) by extensions ['cmake', 'python']
[0.602s] Level 1:colcon.colcon_core.package_identification:_identify(src) by extension 'cmake'
[0.602s] Level 1:colcon.colcon_core.package_identification:_identify(src) by extension 'python'
[0.602s] Level 1:colcon.colcon_core.package_identification:_identify(src) by extensions ['python_setup_py']
[0.602s] Level 1:colcon.colcon_core.package_identification:_identify(src) by extension 'python_setup_py'
[0.602s] Level 1:colcon.colcon_core.package_identification:_identify(src/my_opencv_demo) by extensions ['ignore', 'ignore_ament_install']
[0.602s] Level 1:colcon.colcon_core.package_identification:_identify(src/my_opencv_demo) by extension 'ignore'
[0.602s] Level 1:colcon.colcon_core.package_identification:_identify(src/my_opencv_demo) by extension 'ignore_ament_install'
[0.603s] Level 1:colcon.colcon_core.package_identification:_identify(src/my_opencv_demo) by extensions ['colcon_pkg']
[0.603s] Level 1:colcon.colcon_core.package_identification:_identify(src/my_opencv_demo) by extension 'colcon_pkg'
[0.603s] Level 1:colcon.colcon_core.package_identification:_identify(src/my_opencv_demo) by extensions ['colcon_meta']
[0.603s] Level 1:colcon.colcon_core.package_identification:_identify(src/my_opencv_demo) by extension 'colcon_meta'
[0.603s] Level 1:colcon.colcon_core.package_identification:_identify(src/my_opencv_demo) by extensions ['ros']
[0.603s] Level 1:colcon.colcon_core.package_identification:_identify(src/my_opencv_demo) by extension 'ros'
[0.609s] DEBUG:colcon.colcon_core.package_identification:Package 'src/my_opencv_demo' with type 'ros.ament_cmake' and name 'my_opencv_demo'
[0.609s] Level 1:colcon.colcon_core.package_discovery:discover_packages(recursive) using defaults
[0.609s] Level 1:colcon.colcon_core.package_discovery:discover_packages(ignore) discover
[0.609s] Level 1:colcon.colcon_core.package_discovery:discover_packages(ignore) using defaults
[0.609s] Level 1:colcon.colcon_core.package_discovery:discover_packages(path) discover
[0.609s] Level 1:colcon.colcon_core.package_discovery:discover_packages(path) using defaults
[0.677s] Level 1:colcon.colcon_core.package_discovery:discover_packages(prefix_path) check parameters
[0.678s] Level 1:colcon.colcon_core.package_discovery:discover_packages(prefix_path) discover
[0.681s] DEBUG:colcon.colcon_installed_package_information.package_discovery:Found 1 installed packages in /home/ethan/ros2_ws/install
[0.683s] DEBUG:colcon.colcon_installed_package_information.package_discovery:Found 281 installed packages in /opt/ros/iron
[0.686s] Level 1:colcon.colcon_core.package_discovery:discover_packages(prefix_path) using defaults
[0.771s] Level 5:colcon.colcon_core.verb:set package 'my_opencv_demo' build argument 'cmake_args' from command line to 'None'
[0.771s] Level 5:colcon.colcon_core.verb:set package 'my_opencv_demo' build argument 'cmake_target' from command line to 'None'
[0.772s] Level 5:colcon.colcon_core.verb:set package 'my_opencv_demo' build argument 'cmake_target_skip_unavailable' from command line to 'False'
[0.772s] Level 5:colcon.colcon_core.verb:set package 'my_opencv_demo' build argument 'cmake_clean_cache' from command line to 'False'
[0.772s] Level 5:colcon.colcon_core.verb:set package 'my_opencv_demo' build argument 'cmake_clean_first' from command line to 'False'
[0.772s] Level 5:colcon.colcon_core.verb:set package 'my_opencv_demo' build argument 'cmake_force_configure' from command line to 'False'
[0.772s] Level 5:colcon.colcon_core.verb:set package 'my_opencv_demo' build argument 'ament_cmake_args' from command line to 'None'
[0.772s] Level 5:colcon.colcon_core.verb:set package 'my_opencv_demo' build argument 'catkin_cmake_args' from command line to 'None'
[0.772s] Level 5:colcon.colcon_core.verb:set package 'my_opencv_demo' build argument 'catkin_skip_building_tests' from command line to 'False'
[0.772s] DEBUG:colcon.colcon_core.verb:Building package 'my_opencv_demo' with the following arguments: {'ament_cmake_args': None, 'build_base': '/home/ethan/ros2_ws/build/my_opencv_demo', 'catkin_cmake_args': None, 'catkin_skip_building_tests': False, 'cmake_args': None, 'cmake_clean_cache': False, 'cmake_clean_first': False, 'cmake_force_configure': False, 'cmake_target': None, 'cmake_target_skip_unavailable': False, 'install_base': '/home/ethan/ros2_ws/install/my_opencv_demo', 'merge_install': False, 'path': '/home/ethan/ros2_ws/src/my_opencv_demo', 'symlink_install': False, 'test_result_base': None}
[0.772s] INFO:colcon.colcon_core.executor:Executing jobs using 'parallel' executor
[0.775s] DEBUG:colcon.colcon_parallel_executor.executor.parallel:run_until_complete
[0.775s] INFO:colcon.colcon_ros.task.ament_cmake.build:Building ROS package in '/home/ethan/ros2_ws/src/my_opencv_demo' with build type 'ament_cmake'
[0.775s] INFO:colcon.colcon_cmake.task.cmake.build:Building CMake package in '/home/ethan/ros2_ws/src/my_opencv_demo'
[0.779s] INFO:colcon.colcon_core.plugin_system:Skipping extension 'colcon_core.shell.bat': Not used on non-Windows systems
[0.779s] INFO:colcon.colcon_core.shell:Skip shell extension 'powershell' for command environment: Not usable outside of PowerShell
[0.780s] DEBUG:colcon.colcon_core.shell:Skip shell extension 'dsv' for command environment
[0.795s] DEBUG:colcon.colcon_core.event_handler.log_command:Invoking command in '/home/ethan/ros2_ws/build/my_opencv_demo': CMAKE_PREFIX_PATH=${CMAKE_PREFIX_PATH}:/opt/ros/iron /usr/bin/cmake --build /home/ethan/ros2_ws/build/my_opencv_demo -- -j6 -l6
[25.691s] DEBUG:colcon.colcon_core.event_handler.log_command:Invoked command in '/home/ethan/ros2_ws/build/my_opencv_demo' returned '0': CMAKE_PREFIX_PATH=${CMAKE_PREFIX_PATH}:/opt/ros/iron /usr/bin/cmake --build /home/ethan/ros2_ws/build/my_opencv_demo -- -j6 -l6
[25.779s] DEBUG:colcon.colcon_core.event_handler.log_command:Invoking command in '/home/ethan/ros2_ws/build/my_opencv_demo': CMAKE_PREFIX_PATH=${CMAKE_PREFIX_PATH}:/opt/ros/iron /usr/bin/cmake --install /home/ethan/ros2_ws/build/my_opencv_demo
[25.824s] Level 1:colcon.colcon_core.environment:create_environment_scripts_only(my_opencv_demo)
[25.825s] DEBUG:colcon.colcon_core.event_handler.log_command:Invoked command in '/home/ethan/ros2_ws/build/my_opencv_demo' returned '0': CMAKE_PREFIX_PATH=${CMAKE_PREFIX_PATH}:/opt/ros/iron /usr/bin/cmake --install /home/ethan/ros2_ws/build/my_opencv_demo
[25.833s] Level 1:colcon.colcon_core.environment:checking '/home/ethan/ros2_ws/install/my_opencv_demo' for CMake module files
[25.835s] Level 1:colcon.colcon_core.environment:checking '/home/ethan/ros2_ws/install/my_opencv_demo' for CMake config files
[25.836s] Level 1:colcon.colcon_core.shell:create_environment_hook('my_opencv_demo', 'cmake_prefix_path')
[25.837s] INFO:colcon.colcon_core.shell:Creating environment hook '/home/ethan/ros2_ws/install/my_opencv_demo/share/my_opencv_demo/hook/cmake_prefix_path.ps1'
[25.840s] INFO:colcon.colcon_core.shell:Creating environment descriptor '/home/ethan/ros2_ws/install/my_opencv_demo/share/my_opencv_demo/hook/cmake_prefix_path.dsv'
[25.842s] INFO:colcon.colcon_core.shell:Creating environment hook '/home/ethan/ros2_ws/install/my_opencv_demo/share/my_opencv_demo/hook/cmake_prefix_path.sh'
[25.846s] Level 1:colcon.colcon_core.environment:checking '/home/ethan/ros2_ws/install/my_opencv_demo/lib'
[25.846s] Level 1:colcon.colcon_core.environment:checking '/home/ethan/ros2_ws/install/my_opencv_demo/bin'
[25.847s] Level 1:colcon.colcon_core.environment:checking '/home/ethan/ros2_ws/install/my_opencv_demo/lib/pkgconfig/my_opencv_demo.pc'
[25.848s] Level 1:colcon.colcon_core.environment:checking '/home/ethan/ros2_ws/install/my_opencv_demo/lib/python3.10/site-packages'
[25.848s] Level 1:colcon.colcon_core.environment:checking '/home/ethan/ros2_ws/install/my_opencv_demo/bin'
[25.849s] INFO:colcon.colcon_core.shell:Creating package script '/home/ethan/ros2_ws/install/my_opencv_demo/share/my_opencv_demo/package.ps1'
[25.853s] INFO:colcon.colcon_core.shell:Creating package descriptor '/home/ethan/ros2_ws/install/my_opencv_demo/share/my_opencv_demo/package.dsv'
[25.855s] INFO:colcon.colcon_core.shell:Creating package script '/home/ethan/ros2_ws/install/my_opencv_demo/share/my_opencv_demo/package.sh'
[25.857s] INFO:colcon.colcon_core.shell:Creating package script '/home/ethan/ros2_ws/install/my_opencv_demo/share/my_opencv_demo/package.bash'
[25.860s] INFO:colcon.colcon_core.shell:Creating package script '/home/ethan/ros2_ws/install/my_opencv_demo/share/my_opencv_demo/package.zsh'
[25.862s] Level 1:colcon.colcon_core.environment:create_file_with_runtime_dependencies(/home/ethan/ros2_ws/install/my_opencv_demo/share/colcon-core/packages/my_opencv_demo)
[25.925s] Level 1:colcon.colcon_core.environment:create_environment_scripts_only(my_opencv_demo)
[25.926s] Level 1:colcon.colcon_core.environment:checking '/home/ethan/ros2_ws/install/my_opencv_demo' for CMake module files
[25.928s] Level 1:colcon.colcon_core.environment:checking '/home/ethan/ros2_ws/install/my_opencv_demo' for CMake config files
[25.928s] Level 1:colcon.colcon_core.shell:create_environment_hook('my_opencv_demo', 'cmake_prefix_path')
[25.929s] INFO:colcon.colcon_core.shell:Creating environment hook '/home/ethan/ros2_ws/install/my_opencv_demo/share/my_opencv_demo/hook/cmake_prefix_path.ps1'
[25.931s] INFO:colcon.colcon_core.shell:Creating environment descriptor '/home/ethan/ros2_ws/install/my_opencv_demo/share/my_opencv_demo/hook/cmake_prefix_path.dsv'
[25.933s] INFO:colcon.colcon_core.shell:Creating environment hook '/home/ethan/ros2_ws/install/my_opencv_demo/share/my_opencv_demo/hook/cmake_prefix_path.sh'
[25.935s] Level 1:colcon.colcon_core.environment:checking '/home/ethan/ros2_ws/install/my_opencv_demo/lib'
[25.935s] Level 1:colcon.colcon_core.environment:checking '/home/ethan/ros2_ws/install/my_opencv_demo/bin'
[25.936s] Level 1:colcon.colcon_core.environment:checking '/home/ethan/ros2_ws/install/my_opencv_demo/lib/pkgconfig/my_opencv_demo.pc'
[25.937s] Level 1:colcon.colcon_core.environment:checking '/home/ethan/ros2_ws/install/my_opencv_demo/lib/python3.10/site-packages'
[25.937s] Level 1:colcon.colcon_core.environment:checking '/home/ethan/ros2_ws/install/my_opencv_demo/bin'
[25.939s] INFO:colcon.colcon_core.shell:Creating package script '/home/ethan/ros2_ws/install/my_opencv_demo/share/my_opencv_demo/package.ps1'
[25.941s] INFO:colcon.colcon_core.shell:Creating package descriptor '/home/ethan/ros2_ws/install/my_opencv_demo/share/my_opencv_demo/package.dsv'
[25.943s] INFO:colcon.colcon_core.shell:Creating package script '/home/ethan/ros2_ws/install/my_opencv_demo/share/my_opencv_demo/package.sh'
[25.944s] INFO:colcon.colcon_core.shell:Creating package script '/home/ethan/ros2_ws/install/my_opencv_demo/share/my_opencv_demo/package.bash'
[25.946s] INFO:colcon.colcon_core.shell:Creating package script '/home/ethan/ros2_ws/install/my_opencv_demo/share/my_opencv_demo/package.zsh'
[25.948s] Level 1:colcon.colcon_core.environment:create_file_with_runtime_dependencies(/home/ethan/ros2_ws/install/my_opencv_demo/share/colcon-core/packages/my_opencv_demo)
[25.949s] DEBUG:colcon.colcon_parallel_executor.executor.parallel:closing loop
[25.950s] DEBUG:colcon.colcon_parallel_executor.executor.parallel:loop closed
[25.950s] DEBUG:colcon.colcon_parallel_executor.executor.parallel:run_until_complete finished with '0'
[25.951s] DEBUG:colcon.colcon_core.event_reactor:joining thread
[25.973s] INFO:colcon.colcon_core.plugin_system:Skipping extension 'colcon_notification.desktop_notification.terminal_notifier': Not used on non-Darwin systems
[25.973s] INFO:colcon.colcon_core.plugin_system:Skipping extension 'colcon_notification.desktop_notification.win32': Not used on non-Windows systems
[25.973s] INFO:colcon.colcon_notification.desktop_notification:Sending desktop notification using 'notify2'
[26.023s] DEBUG:colcon.colcon_core.event_reactor:joined thread
[26.024s] INFO:colcon.colcon_core.shell:Creating prefix script '/home/ethan/ros2_ws/install/local_setup.ps1'
[26.027s] INFO:colcon.colcon_core.shell:Creating prefix util module '/home/ethan/ros2_ws/install/_local_setup_util_ps1.py'
[26.031s] INFO:colcon.colcon_core.shell:Creating prefix chain script '/home/ethan/ros2_ws/install/setup.ps1'
[26.034s] INFO:colcon.colcon_core.shell:Creating prefix script '/home/ethan/ros2_ws/install/local_setup.sh'
[26.036s] INFO:colcon.colcon_core.shell:Creating prefix util module '/home/ethan/ros2_ws/install/_local_setup_util_sh.py'
[26.038s] INFO:colcon.colcon_core.shell:Creating prefix chain script '/home/ethan/ros2_ws/install/setup.sh'
[26.041s] INFO:colcon.colcon_core.shell:Creating prefix script '/home/ethan/ros2_ws/install/local_setup.bash'
[26.042s] INFO:colcon.colcon_core.shell:Creating prefix chain script '/home/ethan/ros2_ws/install/setup.bash'
[26.045s] INFO:colcon.colcon_core.shell:Creating prefix script '/home/ethan/ros2_ws/install/local_setup.zsh'
[26.046s] INFO:colcon.colcon_core.shell:Creating prefix chain script '/home/ethan/ros2_ws/install/setup.zsh'
